nohup: ignoring input
âœ… scikit-learn available - Bayesian optimization enabled
ğŸš€ COMPREHENSIVE FUZZY METABALLS AUTOTUNER
================================================================================
This will run continuously and intelligently search parameter space.
You can go to sleep - it will run automatically!
================================================================================
ğŸš€ Fuzzy Metaballs Autotuner Initialized
ğŸ“ Results directory: autotune_results
ğŸ¯ Parameter space: 18 parameters
ğŸ” Search ranges: {'num_mixtures': (10, 200), 'gmm_init_scale': (0.1, 10.0), 'rand_sphere_size': (1, 200), 'num_views': (5, 50), 'image_width': (32, 256), 'image_height': (32, 256), 'vfov_degrees': (20, 80), 'num_epochs': (3, 100), 'batch_size': (100, 4000), 'initial_lr': (0.001, 2.0), 'opt_shape_scale': (0.5, 5.0), 'lr_decay_p_thresh': (0.1, 0.9), 'lr_decay_window': (5, 50), 'lr_decay_p_window': (3, 20), 'lr_decay_slope_less': (-0.01, -1e-06), 'lr_decay_max_drops': (2, 30), 'beta2_exp': (0.5, 5.0), 'beta3_exp': (0.01, 1.0)}
ğŸš€ Starting autotuning for up to 1000 experiments
ğŸ’¾ Saving results every 10 experiments
================================================================================

============================================================
ğŸ§ª EXPERIMENT 1/1000
============================================================
ğŸ² Phase: Random exploration (experiments 1-20)

ğŸ“‹ Sampling parameters using random method...
ğŸ² Sampling parameters using method: random
   ğŸ“Š Using random sampling for exploration
   ğŸ”¢ num_mixtures: 14 (int, range: 10-200)
   ğŸ“ˆ gmm_init_scale: 1.7359 (log scale, range: 0.1000-10.0000)
   ğŸ“Š rand_sphere_size: 156.9320 (linear, range: 1.0000-200.0000)
   ğŸ”¢ num_views: 21 (int, range: 5-50)
   ğŸ”¢ image_width: 170 (int, range: 32-256)
   ğŸ”¢ image_height: 218 (int, range: 32-256)
   ğŸ“Š vfov_degrees: 22.2672 (linear, range: 20.0000-80.0000)
   ğŸ”¢ num_epochs: 60 (int, range: 3-100)
   ğŸ”¢ batch_size: 2876 (int, range: 100-4000)
   ğŸ“ˆ initial_lr: 0.0137 (log scale, range: 0.0010-2.0000)
   ğŸ“Š opt_shape_scale: 3.7068 (linear, range: 0.5000-5.0000)
   ğŸ“Š lr_decay_p_thresh: 0.8699 (linear, range: 0.1000-0.9000)
   ğŸ”¢ lr_decay_window: 9 (int, range: 5-50)
   ğŸ”¢ lr_decay_p_window: 13 (int, range: 3-20)
   ğŸ“Š lr_decay_slope_less: -0.0074 (linear, range: -0.0100--0.0000)
   ğŸ”¢ lr_decay_max_drops: 14 (int, range: 2-30)
   ğŸ“Š beta2_exp: 1.5890 (linear, range: 0.5000-5.0000)
   ğŸ“Š beta3_exp: 0.9182 (linear, range: 0.0100-1.0000)
âœ… Sampled parameters: {'num_mixtures': 14, 'gmm_init_scale': np.float64(1.7359056986066268), 'rand_sphere_size': 156.93196334760518, 'num_views': 21, 'image_width': 170, 'image_height': 218, 'vfov_degrees': 22.26717239387539, 'num_epochs': 60, 'batch_size': 2876, 'initial_lr': np.float64(0.013745729800947166), 'opt_shape_scale': 3.706819704921189, 'lr_decay_p_thresh': 0.8698593135926662, 'lr_decay_window': 9, 'lr_decay_p_window': 13, 'lr_decay_slope_less': -0.00742583831725173, 'lr_decay_max_drops': 14, 'beta2_exp': 1.5889522545716974, 'beta3_exp': 0.9182227076665012}

ğŸ”¬ Running experiment...
ğŸ”§ Creating configuration for experiment 0
ğŸ“ Experiment directory: autotune_results/exp_0000
ğŸ’¾ Configuration saved to: autotune_results/exp_0000/config.yaml
ğŸ¯ Running experiment in TUNE_MODE (suppressed output)
ğŸš€ Starting Fuzzy Metaballs experiment...
âŒ Experiment 0 failed with return code 1
   Error: Traceback (most recent call last):
  File "/home/arijitdasgupta/fuzzy-metaballs/run_fmb.py", line 886, in <module>
    main()
  File "/home/arijitdasgupta/fuzzy-metaballs/run_fmb.py", line 250, in mai...

âŒ EXPERIMENT FAILED
   ğŸ¯ Total successful experiments: 0

ğŸ“ˆ OPTIMIZATION SUMMARY:
   âš ï¸  No successful experiments yet
   ğŸ“Š Total experiments: 1
   âœ… Successful experiments: 0
   ğŸ“ˆ Success rate: 0.0%

============================================================
ğŸ§ª EXPERIMENT 2/1000
============================================================
ğŸ² Phase: Random exploration (experiments 1-20)

ğŸ“‹ Sampling parameters using random method...
ğŸ² Sampling parameters using method: random
   ğŸ“Š Using random sampling for exploration
   ğŸ”¢ num_mixtures: 32 (int, range: 10-200)
   ğŸ“ˆ gmm_init_scale: 0.7741 (log scale, range: 0.1000-10.0000)
   ğŸ“Š rand_sphere_size: 135.9584 (linear, range: 1.0000-200.0000)
   ğŸ”¢ num_views: 36 (int, range: 5-50)
   ğŸ”¢ image_width: 161 (int, range: 32-256)
   ğŸ”¢ image_height: 176 (int, range: 32-256)
   ğŸ“Š vfov_degrees: 23.2983 (linear, range: 20.0000-80.0000)
   ğŸ”¢ num_epochs: 34 (int, range: 3-100)
   ğŸ”¢ batch_size: 1447 (int, range: 100-4000)
   ğŸ“ˆ initial_lr: 0.0080 (log scale, range: 0.0010-2.0000)
   ğŸ“Š opt_shape_scale: 4.9517 (linear, range: 0.5000-5.0000)
   ğŸ“Š lr_decay_p_thresh: 0.8768 (linear, range: 0.1000-0.9000)
   ğŸ”¢ lr_decay_window: 26 (int, range: 5-50)
   ğŸ”¢ lr_decay_p_window: 9 (int, range: 3-20)
   ğŸ“Š lr_decay_slope_less: -0.0038 (linear, range: -0.0100--0.0000)
   ğŸ”¢ lr_decay_max_drops: 6 (int, range: 2-30)
   ğŸ“Š beta2_exp: 3.2396 (linear, range: 0.5000-5.0000)
   ğŸ“Š beta3_exp: 0.8479 (linear, range: 0.0100-1.0000)
âœ… Sampled parameters: {'num_mixtures': 32, 'gmm_init_scale': np.float64(0.7741060808158319), 'rand_sphere_size': 135.9583931094189, 'num_views': 36, 'image_width': 161, 'image_height': 176, 'vfov_degrees': 23.298260741496605, 'num_epochs': 34, 'batch_size': 1447, 'initial_lr': np.float64(0.008047071298414312), 'opt_shape_scale': 4.951680604873671, 'lr_decay_p_thresh': 0.8768311456116507, 'lr_decay_window': 26, 'lr_decay_p_window': 9, 'lr_decay_slope_less': -0.003810752271077518, 'lr_decay_max_drops': 6, 'beta2_exp': 3.239608273222982, 'beta3_exp': 0.8479166766246913}

ğŸ”¬ Running experiment...
ğŸ”§ Creating configuration for experiment 1
ğŸ“ Experiment directory: autotune_results/exp_0001
ğŸ’¾ Configuration saved to: autotune_results/exp_0001/config.yaml
ğŸ¯ Running experiment in TUNE_MODE (suppressed output)
ğŸš€ Starting Fuzzy Metaballs experiment...
âŒ Experiment 1 failed with return code 1
   Error: Traceback (most recent call last):
  File "/home/arijitdasgupta/fuzzy-metaballs/run_fmb.py", line 886, in <module>
    main()
  File "/home/arijitdasgupta/fuzzy-metaballs/run_fmb.py", line 250, in mai...

âŒ EXPERIMENT FAILED
   ğŸ¯ Total successful experiments: 0

ğŸ“ˆ OPTIMIZATION SUMMARY:
   âš ï¸  No successful experiments yet
   ğŸ“Š Total experiments: 2
   âœ… Successful experiments: 0
   ğŸ“ˆ Success rate: 0.0%

============================================================
ğŸ§ª EXPERIMENT 3/1000
============================================================
ğŸ² Phase: Random exploration (experiments 1-20)

ğŸ“‹ Sampling parameters using random method...
ğŸ² Sampling parameters using method: random
   ğŸ“Š Using random sampling for exploration
   ğŸ”¢ num_mixtures: 86 (int, range: 10-200)
   ğŸ“ˆ gmm_init_scale: 1.0596 (log scale, range: 0.1000-10.0000)
   ğŸ“Š rand_sphere_size: 47.9611 (linear, range: 1.0000-200.0000)
   ğŸ”¢ num_views: 48 (int, range: 5-50)
   ğŸ”¢ image_width: 96 (int, range: 32-256)
   ğŸ”¢ image_height: 176 (int, range: 32-256)
   ğŸ“Š vfov_degrees: 41.5904 (linear, range: 20.0000-80.0000)
   ğŸ”¢ num_epochs: 61 (int, range: 3-100)
   ğŸ”¢ batch_size: 2939 (int, range: 100-4000)
   ğŸ“ˆ initial_lr: 0.0018 (log scale, range: 0.0010-2.0000)
   ğŸ“Š opt_shape_scale: 3.2956 (linear, range: 0.5000-5.0000)
   ğŸ“Š lr_decay_p_thresh: 0.2642 (linear, range: 0.1000-0.9000)
   ğŸ”¢ lr_decay_window: 46 (int, range: 5-50)
   ğŸ”¢ lr_decay_p_window: 14 (int, range: 3-20)
   ğŸ“Š lr_decay_slope_less: -0.0004 (linear, range: -0.0100--0.0000)
   ğŸ”¢ lr_decay_max_drops: 27 (int, range: 2-30)
   ğŸ“Š beta2_exp: 4.2267 (linear, range: 0.5000-5.0000)
   ğŸ“Š beta3_exp: 0.1476 (linear, range: 0.0100-1.0000)
âœ… Sampled parameters: {'num_mixtures': 86, 'gmm_init_scale': np.float64(1.0595762921489746), 'rand_sphere_size': 47.961149411906064, 'num_views': 48, 'image_width': 96, 'image_height': 176, 'vfov_degrees': 41.59040151277918, 'num_epochs': 61, 'batch_size': 2939, 'initial_lr': np.float64(0.0018478693070909658), 'opt_shape_scale': 3.295629118281051, 'lr_decay_p_thresh': 0.2642496086268553, 'lr_decay_window': 46, 'lr_decay_p_window': 14, 'lr_decay_slope_less': -0.00035771281847218374, 'lr_decay_max_drops': 27, 'beta2_exp': 4.22671386510167, 'beta3_exp': 0.14762028577511718}

ğŸ”¬ Running experiment...
ğŸ”§ Creating configuration for experiment 2
ğŸ“ Experiment directory: autotune_results/exp_0002
ğŸ’¾ Configuration saved to: autotune_results/exp_0002/config.yaml
ğŸ¯ Running experiment in TUNE_MODE (suppressed output)
ğŸš€ Starting Fuzzy Metaballs experiment...
âŒ Experiment 2 failed with return code 1
   Error: Traceback (most recent call last):
  File "/home/arijitdasgupta/fuzzy-metaballs/run_fmb.py", line 886, in <module>
    main()
  File "/home/arijitdasgupta/fuzzy-metaballs/run_fmb.py", line 250, in mai...

âŒ EXPERIMENT FAILED
   ğŸ¯ Total successful experiments: 0

ğŸ“ˆ OPTIMIZATION SUMMARY:
   âš ï¸  No successful experiments yet
   ğŸ“Š Total experiments: 3
   âœ… Successful experiments: 0
   ğŸ“ˆ Success rate: 0.0%

============================================================
ğŸ§ª EXPERIMENT 4/1000
============================================================
ğŸ² Phase: Random exploration (experiments 1-20)

ğŸ“‹ Sampling parameters using random method...
ğŸ² Sampling parameters using method: random
   ğŸ“Š Using random sampling for exploration
   ğŸ”¢ num_mixtures: 115 (int, range: 10-200)
   ğŸ“ˆ gmm_init_scale: 5.9203 (log scale, range: 0.1000-10.0000)
   ğŸ“Š rand_sphere_size: 150.2630 (linear, range: 1.0000-200.0000)
   ğŸ”¢ num_views: 16 (int, range: 5-50)
   ğŸ”¢ image_width: 163 (int, range: 32-256)
   ğŸ”¢ image_height: 68 (int, range: 32-256)
   ğŸ“Š vfov_degrees: 20.6180 (linear, range: 20.0000-80.0000)
   ğŸ”¢ num_epochs: 98 (int, range: 3-100)
   ğŸ”¢ batch_size: 1327 (int, range: 100-4000)
   ğŸ“ˆ initial_lr: 0.6038 (log scale, range: 0.0010-2.0000)
   ğŸ“Š opt_shape_scale: 0.8069 (linear, range: 0.5000-5.0000)
   ğŸ“Š lr_decay_p_thresh: 0.5029 (linear, range: 0.1000-0.9000)
   ğŸ”¢ lr_decay_window: 48 (int, range: 5-50)
   ğŸ”¢ lr_decay_p_window: 3 (int, range: 3-20)
   ğŸ“Š lr_decay_slope_less: -0.0089 (linear, range: -0.0100--0.0000)
   ğŸ”¢ lr_decay_max_drops: 25 (int, range: 2-30)
   ğŸ“Š beta2_exp: 4.3498 (linear, range: 0.5000-5.0000)
   ğŸ“Š beta3_exp: 0.8230 (linear, range: 0.0100-1.0000)
âœ… Sampled parameters: {'num_mixtures': 115, 'gmm_init_scale': np.float64(5.920299076157869), 'rand_sphere_size': 150.26303854613806, 'num_views': 16, 'image_width': 163, 'image_height': 68, 'vfov_degrees': 20.61802123370041, 'num_epochs': 98, 'batch_size': 1327, 'initial_lr': np.float64(0.6038009408638466), 'opt_shape_scale': 0.806860221944639, 'lr_decay_p_thresh': 0.5028987543535648, 'lr_decay_window': 48, 'lr_decay_p_window': 3, 'lr_decay_slope_less': -0.00885452165662535, 'lr_decay_max_drops': 25, 'beta2_exp': 4.349813564347524, 'beta3_exp': 0.8230166287840671}

ğŸ”¬ Running experiment...
ğŸ”§ Creating configuration for experiment 3
ğŸ“ Experiment directory: autotune_results/exp_0003
ğŸ’¾ Configuration saved to: autotune_results/exp_0003/config.yaml
ğŸ¯ Running experiment in TUNE_MODE (suppressed output)
ğŸš€ Starting Fuzzy Metaballs experiment...
âŒ Experiment 3 failed with return code 1
   Error: Traceback (most recent call last):
  File "/home/arijitdasgupta/fuzzy-metaballs/run_fmb.py", line 886, in <module>
    main()
  File "/home/arijitdasgupta/fuzzy-metaballs/run_fmb.py", line 250, in mai...

âŒ EXPERIMENT FAILED
   ğŸ¯ Total successful experiments: 0

ğŸ“ˆ OPTIMIZATION SUMMARY:
   âš ï¸  No successful experiments yet
   ğŸ“Š Total experiments: 4
   âœ… Successful experiments: 0
   ğŸ“ˆ Success rate: 0.0%

============================================================
ğŸ§ª EXPERIMENT 5/1000
============================================================
ğŸ² Phase: Random exploration (experiments 1-20)

ğŸ“‹ Sampling parameters using random method...
ğŸ² Sampling parameters using method: random
   ğŸ“Š Using random sampling for exploration
   ğŸ”¢ num_mixtures: 43 (int, range: 10-200)
   ğŸ“ˆ gmm_init_scale: 4.1059 (log scale, range: 0.1000-10.0000)
   ğŸ“Š rand_sphere_size: 130.8374 (linear, range: 1.0000-200.0000)
   ğŸ”¢ num_views: 49 (int, range: 5-50)
   ğŸ”¢ image_width: 232 (int, range: 32-256)
   ğŸ”¢ image_height: 254 (int, range: 32-256)
   ğŸ“Š vfov_degrees: 79.6446 (linear, range: 20.0000-80.0000)
   ğŸ”¢ num_epochs: 31 (int, range: 3-100)
   ğŸ”¢ batch_size: 2227 (int, range: 100-4000)
   ğŸ“ˆ initial_lr: 1.8377 (log scale, range: 0.0010-2.0000)
   ğŸ“Š opt_shape_scale: 4.8988 (linear, range: 0.5000-5.0000)
   ğŸ“Š lr_decay_p_thresh: 0.2487 (linear, range: 0.1000-0.9000)
   ğŸ”¢ lr_decay_window: 37 (int, range: 5-50)
   ğŸ”¢ lr_decay_p_window: 20 (int, range: 3-20)
   ğŸ“Š lr_decay_slope_less: -0.0002 (linear, range: -0.0100--0.0000)
   ğŸ”¢ lr_decay_max_drops: 20 (int, range: 2-30)
   ğŸ“Š beta2_exp: 4.9752 (linear, range: 0.5000-5.0000)
   ğŸ“Š beta3_exp: 0.7018 (linear, range: 0.0100-1.0000)
âœ… Sampled parameters: {'num_mixtures': 43, 'gmm_init_scale': np.float64(4.105871878904387), 'rand_sphere_size': 130.83737302294088, 'num_views': 49, 'image_width': 232, 'image_height': 254, 'vfov_degrees': 79.6445936265248, 'num_epochs': 31, 'batch_size': 2227, 'initial_lr': np.float64(1.837716061759624), 'opt_shape_scale': 4.898798608834428, 'lr_decay_p_thresh': 0.2487066445814013, 'lr_decay_window': 37, 'lr_decay_p_window': 20, 'lr_decay_slope_less': -0.00020062817362035204, 'lr_decay_max_drops': 20, 'beta2_exp': 4.975210605753474, 'beta3_exp': 0.70182472066688}

ğŸ”¬ Running experiment...
ğŸ”§ Creating configuration for experiment 4
ğŸ“ Experiment directory: autotune_results/exp_0004
ğŸ’¾ Configuration saved to: autotune_results/exp_0004/config.yaml
ğŸ¯ Running experiment in TUNE_MODE (suppressed output)
ğŸš€ Starting Fuzzy Metaballs experiment...
âŒ Experiment 4 failed with return code 1
   Error: Traceback (most recent call last):
  File "/home/arijitdasgupta/fuzzy-metaballs/run_fmb.py", line 886, in <module>
    main()
  File "/home/arijitdasgupta/fuzzy-metaballs/run_fmb.py", line 250, in mai...

âŒ EXPERIMENT FAILED
   ğŸ¯ Total successful experiments: 0

ğŸ“ˆ OPTIMIZATION SUMMARY:
   âš ï¸  No successful experiments yet
   ğŸ“Š Total experiments: 5
   âœ… Successful experiments: 0
   ğŸ“ˆ Success rate: 0.0%

============================================================
ğŸ§ª EXPERIMENT 6/1000
============================================================
ğŸ² Phase: Random exploration (experiments 1-20)

ğŸ“‹ Sampling parameters using random method...
ğŸ² Sampling parameters using method: random
   ğŸ“Š Using random sampling for exploration
   ğŸ”¢ num_mixtures: 31 (int, range: 10-200)
   ğŸ“ˆ gmm_init_scale: 1.6166 (log scale, range: 0.1000-10.0000)
   ğŸ“Š rand_sphere_size: 85.5091 (linear, range: 1.0000-200.0000)
   ğŸ”¢ num_views: 45 (int, range: 5-50)
   ğŸ”¢ image_width: 40 (int, range: 32-256)
   ğŸ”¢ image_height: 203 (int, range: 32-256)
   ğŸ“Š vfov_degrees: 32.0386 (linear, range: 20.0000-80.0000)
   ğŸ”¢ num_epochs: 80 (int, range: 3-100)
   ğŸ”¢ batch_size: 2775 (int, range: 100-4000)
   ğŸ“ˆ initial_lr: 0.0035 (log scale, range: 0.0010-2.0000)
   ğŸ“Š opt_shape_scale: 3.9159 (linear, range: 0.5000-5.0000)
   ğŸ“Š lr_decay_p_thresh: 0.2495 (linear, range: 0.1000-0.9000)
   ğŸ”¢ lr_decay_window: 11 (int, range: 5-50)
   ğŸ”¢ lr_decay_p_window: 12 (int, range: 3-20)
   ğŸ“Š lr_decay_slope_less: -0.0082 (linear, range: -0.0100--0.0000)
   ğŸ”¢ lr_decay_max_drops: 22 (int, range: 2-30)
   ğŸ“Š beta2_exp: 3.0328 (linear, range: 0.5000-5.0000)
   ğŸ“Š beta3_exp: 0.1458 (linear, range: 0.0100-1.0000)
âœ… Sampled parameters: {'num_mixtures': 31, 'gmm_init_scale': np.float64(1.6165552226426474), 'rand_sphere_size': 85.50908297712184, 'num_views': 45, 'image_width': 40, 'image_height': 203, 'vfov_degrees': 32.038643441360776, 'num_epochs': 80, 'batch_size': 2775, 'initial_lr': np.float64(0.0034531688738785875), 'opt_shape_scale': 3.9159407170354648, 'lr_decay_p_thresh': 0.2494920654677454, 'lr_decay_window': 11, 'lr_decay_p_window': 12, 'lr_decay_slope_less': -0.008169910110005394, 'lr_decay_max_drops': 22, 'beta2_exp': 3.032836139004828, 'beta3_exp': 0.14584669414838883}

ğŸ”¬ Running experiment...
ğŸ”§ Creating configuration for experiment 5
ğŸ“ Experiment directory: autotune_results/exp_0005
ğŸ’¾ Configuration saved to: autotune_results/exp_0005/config.yaml
ğŸ¯ Running experiment in TUNE_MODE (suppressed output)
ğŸš€ Starting Fuzzy Metaballs experiment...
âŒ Experiment 5 failed with return code 1
   Error: Traceback (most recent call last):
  File "/home/arijitdasgupta/fuzzy-metaballs/run_fmb.py", line 886, in <module>
    main()
  File "/home/arijitdasgupta/fuzzy-metaballs/run_fmb.py", line 250, in mai...

âŒ EXPERIMENT FAILED
   ğŸ¯ Total successful experiments: 0

ğŸ“ˆ OPTIMIZATION SUMMARY:
   âš ï¸  No successful experiments yet
   ğŸ“Š Total experiments: 6
   âœ… Successful experiments: 0
   ğŸ“ˆ Success rate: 0.0%

============================================================
ğŸ§ª EXPERIMENT 7/1000
============================================================
ğŸ² Phase: Random exploration (experiments 1-20)

ğŸ“‹ Sampling parameters using random method...
ğŸ² Sampling parameters using method: random
   ğŸ“Š Using random sampling for exploration
   ğŸ”¢ num_mixtures: 112 (int, range: 10-200)
   ğŸ“ˆ gmm_init_scale: 0.7235 (log scale, range: 0.1000-10.0000)
   ğŸ“Š rand_sphere_size: 61.3371 (linear, range: 1.0000-200.0000)
   ğŸ”¢ num_views: 39 (int, range: 5-50)
   ğŸ”¢ image_width: 135 (int, range: 32-256)
   ğŸ”¢ image_height: 254 (int, range: 32-256)
   ğŸ“Š vfov_degrees: 72.6576 (linear, range: 20.0000-80.0000)
   ğŸ”¢ num_epochs: 30 (int, range: 3-100)
   ğŸ”¢ batch_size: 507 (int, range: 100-4000)
   ğŸ“ˆ initial_lr: 0.0369 (log scale, range: 0.0010-2.0000)
   ğŸ“Š opt_shape_scale: 1.7331 (linear, range: 0.5000-5.0000)
   ğŸ“Š lr_decay_p_thresh: 0.5027 (linear, range: 0.1000-0.9000)
   ğŸ”¢ lr_decay_window: 36 (int, range: 5-50)
   ğŸ”¢ lr_decay_p_window: 17 (int, range: 3-20)
   ğŸ“Š lr_decay_slope_less: -0.0097 (linear, range: -0.0100--0.0000)
   ğŸ”¢ lr_decay_max_drops: 13 (int, range: 2-30)
   ğŸ“Š beta2_exp: 3.2029 (linear, range: 0.5000-5.0000)
   ğŸ“Š beta3_exp: 0.6360 (linear, range: 0.0100-1.0000)
âœ… Sampled parameters: {'num_mixtures': 112, 'gmm_init_scale': np.float64(0.7234988537755986), 'rand_sphere_size': 61.337112349388384, 'num_views': 39, 'image_width': 135, 'image_height': 254, 'vfov_degrees': 72.65764190382784, 'num_epochs': 30, 'batch_size': 507, 'initial_lr': np.float64(0.03692307073760103), 'opt_shape_scale': 1.733135959588122, 'lr_decay_p_thresh': 0.5026926859652465, 'lr_decay_window': 36, 'lr_decay_p_window': 17, 'lr_decay_slope_less': -0.00972376074766294, 'lr_decay_max_drops': 13, 'beta2_exp': 3.2029169829850326, 'beta3_exp': 0.6359994268699639}

ğŸ”¬ Running experiment...
ğŸ”§ Creating configuration for experiment 6
ğŸ“ Experiment directory: autotune_results/exp_0006
ğŸ’¾ Configuration saved to: autotune_results/exp_0006/config.yaml
ğŸ¯ Running experiment in TUNE_MODE (suppressed output)
ğŸš€ Starting Fuzzy Metaballs experiment...
âŒ Experiment 6 failed with return code 1
   Error: Traceback (most recent call last):
  File "/home/arijitdasgupta/fuzzy-metaballs/run_fmb.py", line 886, in <module>
    main()
  File "/home/arijitdasgupta/fuzzy-metaballs/run_fmb.py", line 250, in mai...

âŒ EXPERIMENT FAILED
   ğŸ¯ Total successful experiments: 0

ğŸ“ˆ OPTIMIZATION SUMMARY:
   âš ï¸  No successful experiments yet
   ğŸ“Š Total experiments: 7
   âœ… Successful experiments: 0
   ğŸ“ˆ Success rate: 0.0%

============================================================
ğŸ§ª EXPERIMENT 8/1000
============================================================
ğŸ² Phase: Random exploration (experiments 1-20)

ğŸ“‹ Sampling parameters using random method...
ğŸ² Sampling parameters using method: random
   ğŸ“Š Using random sampling for exploration
   ğŸ”¢ num_mixtures: 74 (int, range: 10-200)
   ğŸ“ˆ gmm_init_scale: 3.7623 (log scale, range: 0.1000-10.0000)
   ğŸ“Š rand_sphere_size: 136.8356 (linear, range: 1.0000-200.0000)
   ğŸ”¢ num_views: 14 (int, range: 5-50)
   ğŸ”¢ image_width: 254 (int, range: 32-256)
   ğŸ”¢ image_height: 187 (int, range: 32-256)
   ğŸ“Š vfov_degrees: 42.8674 (linear, range: 20.0000-80.0000)
   ğŸ”¢ num_epochs: 99 (int, range: 3-100)
   ğŸ”¢ batch_size: 1845 (int, range: 100-4000)
   ğŸ“ˆ initial_lr: 0.3104 (log scale, range: 0.0010-2.0000)
   ğŸ“Š opt_shape_scale: 0.8130 (linear, range: 0.5000-5.0000)
   ğŸ“Š lr_decay_p_thresh: 0.6055 (linear, range: 0.1000-0.9000)
   ğŸ”¢ lr_decay_window: 48 (int, range: 5-50)
   ğŸ”¢ lr_decay_p_window: 13 (int, range: 3-20)
   ğŸ“Š lr_decay_slope_less: -0.0027 (linear, range: -0.0100--0.0000)
   ğŸ”¢ lr_decay_max_drops: 3 (int, range: 2-30)
   ğŸ“Š beta2_exp: 3.4752 (linear, range: 0.5000-5.0000)
   ğŸ“Š beta3_exp: 0.7335 (linear, range: 0.0100-1.0000)
âœ… Sampled parameters: {'num_mixtures': 74, 'gmm_init_scale': np.float64(3.762326457132838), 'rand_sphere_size': 136.8356041828103, 'num_views': 14, 'image_width': 254, 'image_height': 187, 'vfov_degrees': 42.867354895055485, 'num_epochs': 99, 'batch_size': 1845, 'initial_lr': np.float64(0.3104481420634956), 'opt_shape_scale': 0.8129711982951695, 'lr_decay_p_thresh': 0.6055111140256165, 'lr_decay_window': 48, 'lr_decay_p_window': 13, 'lr_decay_slope_less': -0.0026981848812383056, 'lr_decay_max_drops': 3, 'beta2_exp': 3.475192596980607, 'beta3_exp': 0.733529327311118}

ğŸ”¬ Running experiment...
ğŸ”§ Creating configuration for experiment 7
ğŸ“ Experiment directory: autotune_results/exp_0007
ğŸ’¾ Configuration saved to: autotune_results/exp_0007/config.yaml
ğŸ¯ Running experiment in TUNE_MODE (suppressed output)
ğŸš€ Starting Fuzzy Metaballs experiment...
âŒ Experiment 7 failed with return code 1
   Error: Traceback (most recent call last):
  File "/home/arijitdasgupta/fuzzy-metaballs/run_fmb.py", line 886, in <module>
    main()
  File "/home/arijitdasgupta/fuzzy-metaballs/run_fmb.py", line 250, in mai...

âŒ EXPERIMENT FAILED
   ğŸ¯ Total successful experiments: 0

ğŸ“ˆ OPTIMIZATION SUMMARY:
   âš ï¸  No successful experiments yet
   ğŸ“Š Total experiments: 8
   âœ… Successful experiments: 0
   ğŸ“ˆ Success rate: 0.0%

============================================================
ğŸ§ª EXPERIMENT 9/1000
============================================================
ğŸ² Phase: Random exploration (experiments 1-20)

ğŸ“‹ Sampling parameters using random method...
ğŸ² Sampling parameters using method: random
   ğŸ“Š Using random sampling for exploration
   ğŸ”¢ num_mixtures: 191 (int, range: 10-200)
   ğŸ“ˆ gmm_init_scale: 0.6078 (log scale, range: 0.1000-10.0000)
   ğŸ“Š rand_sphere_size: 144.7258 (linear, range: 1.0000-200.0000)
   ğŸ”¢ num_views: 41 (int, range: 5-50)
   ğŸ”¢ image_width: 135 (int, range: 32-256)
   ğŸ”¢ image_height: 96 (int, range: 32-256)
   ğŸ“Š vfov_degrees: 69.0559 (linear, range: 20.0000-80.0000)
   ğŸ”¢ num_epochs: 83 (int, range: 3-100)
   ğŸ”¢ batch_size: 3183 (int, range: 100-4000)
   ğŸ“ˆ initial_lr: 0.4987 (log scale, range: 0.0010-2.0000)
   ğŸ“Š opt_shape_scale: 0.9930 (linear, range: 0.5000-5.0000)
   ğŸ“Š lr_decay_p_thresh: 0.2535 (linear, range: 0.1000-0.9000)
   ğŸ”¢ lr_decay_window: 27 (int, range: 5-50)
   ğŸ”¢ lr_decay_p_window: 13 (int, range: 3-20)
   ğŸ“Š lr_decay_slope_less: -0.0001 (linear, range: -0.0100--0.0000)
   ğŸ”¢ lr_decay_max_drops: 28 (int, range: 2-30)
   ğŸ“Š beta2_exp: 1.7695 (linear, range: 0.5000-5.0000)
   ğŸ“Š beta3_exp: 0.6400 (linear, range: 0.0100-1.0000)
âœ… Sampled parameters: {'num_mixtures': 191, 'gmm_init_scale': np.float64(0.607769382079129), 'rand_sphere_size': 144.72582236066228, 'num_views': 41, 'image_width': 135, 'image_height': 96, 'vfov_degrees': 69.05586605977997, 'num_epochs': 83, 'batch_size': 3183, 'initial_lr': np.float64(0.4987284446926128), 'opt_shape_scale': 0.9929940632561414, 'lr_decay_p_thresh': 0.2534827241700486, 'lr_decay_window': 27, 'lr_decay_p_window': 13, 'lr_decay_slope_less': -0.00012247439536089942, 'lr_decay_max_drops': 28, 'beta2_exp': 1.7695135208648336, 'beta3_exp': 0.6400246060520989}

ğŸ”¬ Running experiment...
ğŸ”§ Creating configuration for experiment 8
ğŸ“ Experiment directory: autotune_results/exp_0008
ğŸ’¾ Configuration saved to: autotune_results/exp_0008/config.yaml
ğŸ¯ Running experiment in TUNE_MODE (suppressed output)
ğŸš€ Starting Fuzzy Metaballs experiment...
âŒ Experiment 8 failed with return code 1
   Error: Traceback (most recent call last):
  File "/home/arijitdasgupta/fuzzy-metaballs/run_fmb.py", line 886, in <module>
    main()
  File "/home/arijitdasgupta/fuzzy-metaballs/run_fmb.py", line 250, in mai...

âŒ EXPERIMENT FAILED
   ğŸ¯ Total successful experiments: 0

ğŸ“ˆ OPTIMIZATION SUMMARY:
   âš ï¸  No successful experiments yet
   ğŸ“Š Total experiments: 9
   âœ… Successful experiments: 0
   ğŸ“ˆ Success rate: 0.0%

============================================================
ğŸ§ª EXPERIMENT 10/1000
============================================================
ğŸ² Phase: Random exploration (experiments 1-20)

ğŸ“‹ Sampling parameters using random method...
ğŸ² Sampling parameters using method: random
   ğŸ“Š Using random sampling for exploration
   ğŸ”¢ num_mixtures: 91 (int, range: 10-200)
   ğŸ“ˆ gmm_init_scale: 2.7381 (log scale, range: 0.1000-10.0000)
   ğŸ“Š rand_sphere_size: 60.6406 (linear, range: 1.0000-200.0000)
   ğŸ”¢ num_views: 38 (int, range: 5-50)
   ğŸ”¢ image_width: 107 (int, range: 32-256)
   ğŸ”¢ image_height: 224 (int, range: 32-256)
   ğŸ“Š vfov_degrees: 65.2680 (linear, range: 20.0000-80.0000)
   ğŸ”¢ num_epochs: 77 (int, range: 3-100)
   ğŸ”¢ batch_size: 621 (int, range: 100-4000)
   ğŸ“ˆ initial_lr: 0.0076 (log scale, range: 0.0010-2.0000)
   ğŸ“Š opt_shape_scale: 1.3237 (linear, range: 0.5000-5.0000)
   ğŸ“Š lr_decay_p_thresh: 0.4622 (linear, range: 0.1000-0.9000)
   ğŸ”¢ lr_decay_window: 11 (int, range: 5-50)
   ğŸ”¢ lr_decay_p_window: 6 (int, range: 3-20)
   ğŸ“Š lr_decay_slope_less: -0.0040 (linear, range: -0.0100--0.0000)
   ğŸ”¢ lr_decay_max_drops: 6 (int, range: 2-30)
   ğŸ“Š beta2_exp: 1.9342 (linear, range: 0.5000-5.0000)
   ğŸ“Š beta3_exp: 0.4079 (linear, range: 0.0100-1.0000)
âœ… Sampled parameters: {'num_mixtures': 91, 'gmm_init_scale': np.float64(2.738103488143617), 'rand_sphere_size': 60.64055854639202, 'num_views': 38, 'image_width': 107, 'image_height': 224, 'vfov_degrees': 65.2680455384129, 'num_epochs': 77, 'batch_size': 621, 'initial_lr': np.float64(0.007587203412915545), 'opt_shape_scale': 1.3236571455003892, 'lr_decay_p_thresh': 0.46215732960386136, 'lr_decay_window': 11, 'lr_decay_p_window': 6, 'lr_decay_slope_less': -0.004003030018116408, 'lr_decay_max_drops': 6, 'beta2_exp': 1.934181133812452, 'beta3_exp': 0.4079498859282825}

ğŸ”¬ Running experiment...
ğŸ”§ Creating configuration for experiment 9
ğŸ“ Experiment directory: autotune_results/exp_0009
ğŸ’¾ Configuration saved to: autotune_results/exp_0009/config.yaml
ğŸ¯ Running experiment in TUNE_MODE (suppressed output)
ğŸš€ Starting Fuzzy Metaballs experiment...
âŒ Experiment 9 failed with return code 1
   Error: Traceback (most recent call last):
  File "/home/arijitdasgupta/fuzzy-metaballs/run_fmb.py", line 886, in <module>
    main()
  File "/home/arijitdasgupta/fuzzy-metaballs/run_fmb.py", line 250, in mai...

âŒ EXPERIMENT FAILED
   ğŸ¯ Total successful experiments: 0

ğŸ’¾ SAVING RESULTS (checkpoint 10)
   âœ… Results saved to: autotune_results
   ğŸ“Š Progress plot updated

ğŸ“ˆ OPTIMIZATION SUMMARY:
   âš ï¸  No successful experiments yet
   ğŸ“Š Total experiments: 10
   âœ… Successful experiments: 0
   ğŸ“ˆ Success rate: 0.0%

============================================================
ğŸ§ª EXPERIMENT 11/1000
============================================================
ğŸ² Phase: Random exploration (experiments 1-20)

ğŸ“‹ Sampling parameters using random method...
ğŸ² Sampling parameters using method: random
   ğŸ“Š Using random sampling for exploration
   ğŸ”¢ num_mixtures: 63 (int, range: 10-200)
   ğŸ“ˆ gmm_init_scale: 9.8463 (log scale, range: 0.1000-10.0000)
   ğŸ“Š rand_sphere_size: 59.2057 (linear, range: 1.0000-200.0000)
   ğŸ”¢ num_views: 13 (int, range: 5-50)
   ğŸ”¢ image_width: 176 (int, range: 32-256)
   ğŸ”¢ image_height: 244 (int, range: 32-256)
   ğŸ“Š vfov_degrees: 71.7455 (linear, range: 20.0000-80.0000)
   ğŸ”¢ num_epochs: 78 (int, range: 3-100)
   ğŸ”¢ batch_size: 3845 (int, range: 100-4000)
   ğŸ“ˆ initial_lr: 0.0371 (log scale, range: 0.0010-2.0000)
   ğŸ“Š opt_shape_scale: 2.7114 (linear, range: 0.5000-5.0000)
   ğŸ“Š lr_decay_p_thresh: 0.6945 (linear, range: 0.1000-0.9000)
   ğŸ”¢ lr_decay_window: 10 (int, range: 5-50)
   ğŸ”¢ lr_decay_p_window: 5 (int, range: 3-20)
   ğŸ“Š lr_decay_slope_less: -0.0026 (linear, range: -0.0100--0.0000)
   ğŸ”¢ lr_decay_max_drops: 2 (int, range: 2-30)
   ğŸ“Š beta2_exp: 1.4144 (linear, range: 0.5000-5.0000)
   ğŸ“Š beta3_exp: 0.5460 (linear, range: 0.0100-1.0000)
âœ… Sampled parameters: {'num_mixtures': 63, 'gmm_init_scale': np.float64(9.846293832708195), 'rand_sphere_size': 59.20574836946929, 'num_views': 13, 'image_width': 176, 'image_height': 244, 'vfov_degrees': 71.74549431760758, 'num_epochs': 78, 'batch_size': 3845, 'initial_lr': np.float64(0.03706509012150198), 'opt_shape_scale': 2.711431325835874, 'lr_decay_p_thresh': 0.6944581213108515, 'lr_decay_window': 10, 'lr_decay_p_window': 5, 'lr_decay_slope_less': -0.0026324647781149355, 'lr_decay_max_drops': 2, 'beta2_exp': 1.4143509547641036, 'beta3_exp': 0.5460359098288845}

ğŸ”¬ Running experiment...
ğŸ”§ Creating configuration for experiment 10
ğŸ“ Experiment directory: autotune_results/exp_0010
ğŸ’¾ Configuration saved to: autotune_results/exp_0010/config.yaml
ğŸ¯ Running experiment in TUNE_MODE (suppressed output)
ğŸš€ Starting Fuzzy Metaballs experiment...
âŒ Experiment 10 failed with return code 1
   Error: Traceback (most recent call last):
  File "/home/arijitdasgupta/fuzzy-metaballs/run_fmb.py", line 886, in <module>
    main()
  File "/home/arijitdasgupta/fuzzy-metaballs/run_fmb.py", line 250, in mai...

âŒ EXPERIMENT FAILED
   ğŸ¯ Total successful experiments: 0

ğŸ“ˆ OPTIMIZATION SUMMARY:
   âš ï¸  No successful experiments yet
   ğŸ“Š Total experiments: 11
   âœ… Successful experiments: 0
   ğŸ“ˆ Success rate: 0.0%

============================================================
ğŸ§ª EXPERIMENT 12/1000
============================================================
ğŸ² Phase: Random exploration (experiments 1-20)

ğŸ“‹ Sampling parameters using random method...
ğŸ² Sampling parameters using method: random
   ğŸ“Š Using random sampling for exploration
   ğŸ”¢ num_mixtures: 181 (int, range: 10-200)
   ğŸ“ˆ gmm_init_scale: 0.3567 (log scale, range: 0.1000-10.0000)
   ğŸ“Š rand_sphere_size: 103.5515 (linear, range: 1.0000-200.0000)
   ğŸ”¢ num_views: 35 (int, range: 5-50)
   ğŸ”¢ image_width: 147 (int, range: 32-256)
   ğŸ”¢ image_height: 207 (int, range: 32-256)
   ğŸ“Š vfov_degrees: 21.7654 (linear, range: 20.0000-80.0000)
   ğŸ”¢ num_epochs: 44 (int, range: 3-100)
   ğŸ”¢ batch_size: 3160 (int, range: 100-4000)
   ğŸ“ˆ initial_lr: 0.9042 (log scale, range: 0.0010-2.0000)
   ğŸ“Š opt_shape_scale: 1.9924 (linear, range: 0.5000-5.0000)
   ğŸ“Š lr_decay_p_thresh: 0.6621 (linear, range: 0.1000-0.9000)
   ğŸ”¢ lr_decay_window: 41 (int, range: 5-50)
   ğŸ”¢ lr_decay_p_window: 4 (int, range: 3-20)
   ğŸ“Š lr_decay_slope_less: -0.0086 (linear, range: -0.0100--0.0000)
   ğŸ”¢ lr_decay_max_drops: 7 (int, range: 2-30)
   ğŸ“Š beta2_exp: 2.4889 (linear, range: 0.5000-5.0000)
   ğŸ“Š beta3_exp: 0.1447 (linear, range: 0.0100-1.0000)
âœ… Sampled parameters: {'num_mixtures': 181, 'gmm_init_scale': np.float64(0.35665451116438707), 'rand_sphere_size': 103.55153456430803, 'num_views': 35, 'image_width': 147, 'image_height': 207, 'vfov_degrees': 21.765443735058756, 'num_epochs': 44, 'batch_size': 3160, 'initial_lr': np.float64(0.9041940818042193), 'opt_shape_scale': 1.9923682745078364, 'lr_decay_p_thresh': 0.6621037090767373, 'lr_decay_window': 41, 'lr_decay_p_window': 4, 'lr_decay_slope_less': -0.008606149328258752, 'lr_decay_max_drops': 7, 'beta2_exp': 2.4889016204276952, 'beta3_exp': 0.1446597446696476}

ğŸ”¬ Running experiment...
ğŸ”§ Creating configuration for experiment 11
ğŸ“ Experiment directory: autotune_results/exp_0011
ğŸ’¾ Configuration saved to: autotune_results/exp_0011/config.yaml
ğŸ¯ Running experiment in TUNE_MODE (suppressed output)
ğŸš€ Starting Fuzzy Metaballs experiment...
âŒ Experiment 11 failed with return code 1
   Error: Traceback (most recent call last):
  File "/home/arijitdasgupta/fuzzy-metaballs/run_fmb.py", line 886, in <module>
    main()
  File "/home/arijitdasgupta/fuzzy-metaballs/run_fmb.py", line 250, in mai...

âŒ EXPERIMENT FAILED
   ğŸ¯ Total successful experiments: 0

ğŸ“ˆ OPTIMIZATION SUMMARY:
   âš ï¸  No successful experiments yet
   ğŸ“Š Total experiments: 12
   âœ… Successful experiments: 0
   ğŸ“ˆ Success rate: 0.0%

============================================================
ğŸ§ª EXPERIMENT 13/1000
============================================================
ğŸ² Phase: Random exploration (experiments 1-20)

ğŸ“‹ Sampling parameters using random method...
ğŸ² Sampling parameters using method: random
   ğŸ“Š Using random sampling for exploration
   ğŸ”¢ num_mixtures: 122 (int, range: 10-200)
   ğŸ“ˆ gmm_init_scale: 6.7603 (log scale, range: 0.1000-10.0000)
   ğŸ“Š rand_sphere_size: 32.3218 (linear, range: 1.0000-200.0000)
   ğŸ”¢ num_views: 47 (int, range: 5-50)
   ğŸ”¢ image_width: 139 (int, range: 32-256)
   ğŸ”¢ image_height: 178 (int, range: 32-256)
   ğŸ“Š vfov_degrees: 33.9417 (linear, range: 20.0000-80.0000)
   ğŸ”¢ num_epochs: 80 (int, range: 3-100)
   ğŸ”¢ batch_size: 3792 (int, range: 100-4000)
   ğŸ“ˆ initial_lr: 0.3021 (log scale, range: 0.0010-2.0000)
   ğŸ“Š opt_shape_scale: 0.7771 (linear, range: 0.5000-5.0000)
   ğŸ“Š lr_decay_p_thresh: 0.4348 (linear, range: 0.1000-0.9000)
   ğŸ”¢ lr_decay_window: 18 (int, range: 5-50)
   ğŸ”¢ lr_decay_p_window: 3 (int, range: 3-20)
   ğŸ“Š lr_decay_slope_less: -0.0061 (linear, range: -0.0100--0.0000)
   ğŸ”¢ lr_decay_max_drops: 4 (int, range: 2-30)
   ğŸ“Š beta2_exp: 0.6861 (linear, range: 0.5000-5.0000)
   ğŸ“Š beta3_exp: 0.8992 (linear, range: 0.0100-1.0000)
âœ… Sampled parameters: {'num_mixtures': 122, 'gmm_init_scale': np.float64(6.760319922870119), 'rand_sphere_size': 32.32179946606039, 'num_views': 47, 'image_width': 139, 'image_height': 178, 'vfov_degrees': 33.94168821917633, 'num_epochs': 80, 'batch_size': 3792, 'initial_lr': np.float64(0.302065514145637), 'opt_shape_scale': 0.7770999743125157, 'lr_decay_p_thresh': 0.43479163741280014, 'lr_decay_window': 18, 'lr_decay_p_window': 3, 'lr_decay_slope_less': -0.006110503008160901, 'lr_decay_max_drops': 4, 'beta2_exp': 0.686106933262888, 'beta3_exp': 0.8991636478155903}

ğŸ”¬ Running experiment...
ğŸ”§ Creating configuration for experiment 12
ğŸ“ Experiment directory: autotune_results/exp_0012
ğŸ’¾ Configuration saved to: autotune_results/exp_0012/config.yaml
ğŸ¯ Running experiment in TUNE_MODE (suppressed output)
ğŸš€ Starting Fuzzy Metaballs experiment...
âŒ Experiment 12 failed with return code 1
   Error: Traceback (most recent call last):
  File "/home/arijitdasgupta/fuzzy-metaballs/run_fmb.py", line 886, in <module>
    main()
  File "/home/arijitdasgupta/fuzzy-metaballs/run_fmb.py", line 250, in mai...

âŒ EXPERIMENT FAILED
   ğŸ¯ Total successful experiments: 0

ğŸ“ˆ OPTIMIZATION SUMMARY:
   âš ï¸  No successful experiments yet
   ğŸ“Š Total experiments: 13
   âœ… Successful experiments: 0
   ğŸ“ˆ Success rate: 0.0%

============================================================
ğŸ§ª EXPERIMENT 14/1000
============================================================
ğŸ² Phase: Random exploration (experiments 1-20)

ğŸ“‹ Sampling parameters using random method...
ğŸ² Sampling parameters using method: random
   ğŸ“Š Using random sampling for exploration
   ğŸ”¢ num_mixtures: 147 (int, range: 10-200)
   ğŸ“ˆ gmm_init_scale: 2.2318 (log scale, range: 0.1000-10.0000)
   ğŸ“Š rand_sphere_size: 54.8471 (linear, range: 1.0000-200.0000)
   ğŸ”¢ num_views: 9 (int, range: 5-50)
   ğŸ”¢ image_width: 173 (int, range: 32-256)
   ğŸ”¢ image_height: 72 (int, range: 32-256)
   ğŸ“Š vfov_degrees: 42.8448 (linear, range: 20.0000-80.0000)
   ğŸ”¢ num_epochs: 71 (int, range: 3-100)
   ğŸ”¢ batch_size: 230 (int, range: 100-4000)
   ğŸ“ˆ initial_lr: 0.0119 (log scale, range: 0.0010-2.0000)
   ğŸ“Š opt_shape_scale: 4.2546 (linear, range: 0.5000-5.0000)
   ğŸ“Š lr_decay_p_thresh: 0.4842 (linear, range: 0.1000-0.9000)
   ğŸ”¢ lr_decay_window: 40 (int, range: 5-50)
   ğŸ”¢ lr_decay_p_window: 4 (int, range: 3-20)
   ğŸ“Š lr_decay_slope_less: -0.0099 (linear, range: -0.0100--0.0000)
   ğŸ”¢ lr_decay_max_drops: 25 (int, range: 2-30)
   ğŸ“Š beta2_exp: 4.2570 (linear, range: 0.5000-5.0000)
   ğŸ“Š beta3_exp: 0.8429 (linear, range: 0.0100-1.0000)
âœ… Sampled parameters: {'num_mixtures': 147, 'gmm_init_scale': np.float64(2.231829941000905), 'rand_sphere_size': 54.84708938565391, 'num_views': 9, 'image_width': 173, 'image_height': 72, 'vfov_degrees': 42.844829799295184, 'num_epochs': 71, 'batch_size': 230, 'initial_lr': np.float64(0.011943342355454547), 'opt_shape_scale': 4.254550973390344, 'lr_decay_p_thresh': 0.48421094919073193, 'lr_decay_window': 40, 'lr_decay_p_window': 4, 'lr_decay_slope_less': -0.009861450462783724, 'lr_decay_max_drops': 25, 'beta2_exp': 4.257006793895629, 'beta3_exp': 0.8429414413063826}

ğŸ”¬ Running experiment...
ğŸ”§ Creating configuration for experiment 13
ğŸ“ Experiment directory: autotune_results/exp_0013
ğŸ’¾ Configuration saved to: autotune_results/exp_0013/config.yaml
ğŸ¯ Running experiment in TUNE_MODE (suppressed output)
ğŸš€ Starting Fuzzy Metaballs experiment...
âŒ Experiment 13 failed with return code 1
   Error: Traceback (most recent call last):
  File "/home/arijitdasgupta/fuzzy-metaballs/run_fmb.py", line 886, in <module>
    main()
  File "/home/arijitdasgupta/fuzzy-metaballs/run_fmb.py", line 250, in mai...

âŒ EXPERIMENT FAILED
   ğŸ¯ Total successful experiments: 0

ğŸ“ˆ OPTIMIZATION SUMMARY:
   âš ï¸  No successful experiments yet
   ğŸ“Š Total experiments: 14
   âœ… Successful experiments: 0
   ğŸ“ˆ Success rate: 0.0%

============================================================
ğŸ§ª EXPERIMENT 15/1000
============================================================
ğŸ² Phase: Random exploration (experiments 1-20)

ğŸ“‹ Sampling parameters using random method...
ğŸ² Sampling parameters using method: random
   ğŸ“Š Using random sampling for exploration
   ğŸ”¢ num_mixtures: 158 (int, range: 10-200)
   ğŸ“ˆ gmm_init_scale: 0.6770 (log scale, range: 0.1000-10.0000)
   ğŸ“Š rand_sphere_size: 5.0768 (linear, range: 1.0000-200.0000)
   ğŸ”¢ num_views: 11 (int, range: 5-50)
   ğŸ”¢ image_width: 120 (int, range: 32-256)
   ğŸ”¢ image_height: 83 (int, range: 32-256)
   ğŸ“Š vfov_degrees: 70.0923 (linear, range: 20.0000-80.0000)
   ğŸ”¢ num_epochs: 32 (int, range: 3-100)
   ğŸ”¢ batch_size: 829 (int, range: 100-4000)
   ğŸ“ˆ initial_lr: 0.0742 (log scale, range: 0.0010-2.0000)
   ğŸ“Š opt_shape_scale: 2.6137 (linear, range: 0.5000-5.0000)
   ğŸ“Š lr_decay_p_thresh: 0.6176 (linear, range: 0.1000-0.9000)
   ğŸ”¢ lr_decay_window: 34 (int, range: 5-50)
   ğŸ”¢ lr_decay_p_window: 6 (int, range: 3-20)
   ğŸ“Š lr_decay_slope_less: -0.0038 (linear, range: -0.0100--0.0000)
   ğŸ”¢ lr_decay_max_drops: 17 (int, range: 2-30)
   ğŸ“Š beta2_exp: 3.4546 (linear, range: 0.5000-5.0000)
   ğŸ“Š beta3_exp: 0.5476 (linear, range: 0.0100-1.0000)
âœ… Sampled parameters: {'num_mixtures': 158, 'gmm_init_scale': np.float64(0.6770216267690556), 'rand_sphere_size': 5.076790219689047, 'num_views': 11, 'image_width': 120, 'image_height': 83, 'vfov_degrees': 70.09232381546298, 'num_epochs': 32, 'batch_size': 829, 'initial_lr': np.float64(0.07423256146758068), 'opt_shape_scale': 2.6137405035595815, 'lr_decay_p_thresh': 0.6175770362735321, 'lr_decay_window': 34, 'lr_decay_p_window': 6, 'lr_decay_slope_less': -0.0037939277486156078, 'lr_decay_max_drops': 17, 'beta2_exp': 3.45463274603514, 'beta3_exp': 0.5475661521031864}

ğŸ”¬ Running experiment...
ğŸ”§ Creating configuration for experiment 14
ğŸ“ Experiment directory: autotune_results/exp_0014
ğŸ’¾ Configuration saved to: autotune_results/exp_0014/config.yaml
ğŸ¯ Running experiment in TUNE_MODE (suppressed output)
ğŸš€ Starting Fuzzy Metaballs experiment...
âŒ Experiment 14 failed with return code 1
   Error: Traceback (most recent call last):
  File "/home/arijitdasgupta/fuzzy-metaballs/run_fmb.py", line 886, in <module>
    main()
  File "/home/arijitdasgupta/fuzzy-metaballs/run_fmb.py", line 250, in mai...

âŒ EXPERIMENT FAILED
   ğŸ¯ Total successful experiments: 0

ğŸ“ˆ OPTIMIZATION SUMMARY:
   âš ï¸  No successful experiments yet
   ğŸ“Š Total experiments: 15
   âœ… Successful experiments: 0
   ğŸ“ˆ Success rate: 0.0%

============================================================
ğŸ§ª EXPERIMENT 16/1000
============================================================
ğŸ² Phase: Random exploration (experiments 1-20)

ğŸ“‹ Sampling parameters using random method...
ğŸ² Sampling parameters using method: random
   ğŸ“Š Using random sampling for exploration
   ğŸ”¢ num_mixtures: 121 (int, range: 10-200)
   ğŸ“ˆ gmm_init_scale: 0.5440 (log scale, range: 0.1000-10.0000)
   ğŸ“Š rand_sphere_size: 143.6859 (linear, range: 1.0000-200.0000)
   ğŸ”¢ num_views: 20 (int, range: 5-50)
   ğŸ”¢ image_width: 137 (int, range: 32-256)
   ğŸ”¢ image_height: 145 (int, range: 32-256)
   ğŸ“Š vfov_degrees: 73.5845 (linear, range: 20.0000-80.0000)
   ğŸ”¢ num_epochs: 78 (int, range: 3-100)
   ğŸ”¢ batch_size: 3709 (int, range: 100-4000)
   ğŸ“ˆ initial_lr: 0.1028 (log scale, range: 0.0010-2.0000)
   ğŸ“Š opt_shape_scale: 1.5387 (linear, range: 0.5000-5.0000)
   ğŸ“Š lr_decay_p_thresh: 0.5263 (linear, range: 0.1000-0.9000)
   ğŸ”¢ lr_decay_window: 24 (int, range: 5-50)
   ğŸ”¢ lr_decay_p_window: 12 (int, range: 3-20)
   ğŸ“Š lr_decay_slope_less: -0.0041 (linear, range: -0.0100--0.0000)
   ğŸ”¢ lr_decay_max_drops: 13 (int, range: 2-30)
   ğŸ“Š beta2_exp: 1.4125 (linear, range: 0.5000-5.0000)
   ğŸ“Š beta3_exp: 0.1430 (linear, range: 0.0100-1.0000)
âœ… Sampled parameters: {'num_mixtures': 121, 'gmm_init_scale': np.float64(0.5440231374522583), 'rand_sphere_size': 143.6859385223833, 'num_views': 20, 'image_width': 137, 'image_height': 145, 'vfov_degrees': 73.58451034645472, 'num_epochs': 78, 'batch_size': 3709, 'initial_lr': np.float64(0.10277038163831821), 'opt_shape_scale': 1.538675011843304, 'lr_decay_p_thresh': 0.5263186824257796, 'lr_decay_window': 24, 'lr_decay_p_window': 12, 'lr_decay_slope_less': -0.004132707050003356, 'lr_decay_max_drops': 13, 'beta2_exp': 1.4125033970766272, 'beta3_exp': 0.142953147937794}

ğŸ”¬ Running experiment...
ğŸ”§ Creating configuration for experiment 15
ğŸ“ Experiment directory: autotune_results/exp_0015
ğŸ’¾ Configuration saved to: autotune_results/exp_0015/config.yaml
ğŸ¯ Running experiment in TUNE_MODE (suppressed output)
ğŸš€ Starting Fuzzy Metaballs experiment...
âŒ Experiment 15 failed with return code 1
   Error: Traceback (most recent call last):
  File "/home/arijitdasgupta/fuzzy-metaballs/run_fmb.py", line 886, in <module>
    main()
  File "/home/arijitdasgupta/fuzzy-metaballs/run_fmb.py", line 250, in mai...

âŒ EXPERIMENT FAILED
   ğŸ¯ Total successful experiments: 0

ğŸ“ˆ OPTIMIZATION SUMMARY:
   âš ï¸  No successful experiments yet
   ğŸ“Š Total experiments: 16
   âœ… Successful experiments: 0
   ğŸ“ˆ Success rate: 0.0%

============================================================
ğŸ§ª EXPERIMENT 17/1000
============================================================
ğŸ² Phase: Random exploration (experiments 1-20)

ğŸ“‹ Sampling parameters using random method...
ğŸ² Sampling parameters using method: random
   ğŸ“Š Using random sampling for exploration
   ğŸ”¢ num_mixtures: 108 (int, range: 10-200)
   ğŸ“ˆ gmm_init_scale: 1.8599 (log scale, range: 0.1000-10.0000)
   ğŸ“Š rand_sphere_size: 39.0173 (linear, range: 1.0000-200.0000)
   ğŸ”¢ num_views: 9 (int, range: 5-50)
   ğŸ”¢ image_width: 101 (int, range: 32-256)
   ğŸ”¢ image_height: 254 (int, range: 32-256)
   ğŸ“Š vfov_degrees: 32.7816 (linear, range: 20.0000-80.0000)
   ğŸ”¢ num_epochs: 64 (int, range: 3-100)
   ğŸ”¢ batch_size: 3136 (int, range: 100-4000)
   ğŸ“ˆ initial_lr: 0.0026 (log scale, range: 0.0010-2.0000)
   ğŸ“Š opt_shape_scale: 4.5248 (linear, range: 0.5000-5.0000)
   ğŸ“Š lr_decay_p_thresh: 0.2052 (linear, range: 0.1000-0.9000)
   ğŸ”¢ lr_decay_window: 13 (int, range: 5-50)
   ğŸ”¢ lr_decay_p_window: 13 (int, range: 3-20)
   ğŸ“Š lr_decay_slope_less: -0.0085 (linear, range: -0.0100--0.0000)
   ğŸ”¢ lr_decay_max_drops: 19 (int, range: 2-30)
   ğŸ“Š beta2_exp: 1.4093 (linear, range: 0.5000-5.0000)
   ğŸ“Š beta3_exp: 0.9423 (linear, range: 0.0100-1.0000)
âœ… Sampled parameters: {'num_mixtures': 108, 'gmm_init_scale': np.float64(1.8598897268138463), 'rand_sphere_size': 39.01730639953773, 'num_views': 9, 'image_width': 101, 'image_height': 254, 'vfov_degrees': 32.781610726316046, 'num_epochs': 64, 'batch_size': 3136, 'initial_lr': np.float64(0.002562182042426132), 'opt_shape_scale': 4.524815956038283, 'lr_decay_p_thresh': 0.20518688464455626, 'lr_decay_window': 13, 'lr_decay_p_window': 13, 'lr_decay_slope_less': -0.008540728465207597, 'lr_decay_max_drops': 19, 'beta2_exp': 1.4093009354722943, 'beta3_exp': 0.9422500885101741}

ğŸ”¬ Running experiment...
ğŸ”§ Creating configuration for experiment 16
ğŸ“ Experiment directory: autotune_results/exp_0016
ğŸ’¾ Configuration saved to: autotune_results/exp_0016/config.yaml
ğŸ¯ Running experiment in TUNE_MODE (suppressed output)
ğŸš€ Starting Fuzzy Metaballs experiment...
âŒ Experiment 16 failed with return code 1
   Error: Traceback (most recent call last):
  File "/home/arijitdasgupta/fuzzy-metaballs/run_fmb.py", line 886, in <module>
    main()
  File "/home/arijitdasgupta/fuzzy-metaballs/run_fmb.py", line 250, in mai...

âŒ EXPERIMENT FAILED
   ğŸ¯ Total successful experiments: 0

ğŸ“ˆ OPTIMIZATION SUMMARY:
   âš ï¸  No successful experiments yet
   ğŸ“Š Total experiments: 17
   âœ… Successful experiments: 0
   ğŸ“ˆ Success rate: 0.0%

============================================================
ğŸ§ª EXPERIMENT 18/1000
============================================================
ğŸ² Phase: Random exploration (experiments 1-20)

ğŸ“‹ Sampling parameters using random method...
ğŸ² Sampling parameters using method: random
   ğŸ“Š Using random sampling for exploration
   ğŸ”¢ num_mixtures: 10 (int, range: 10-200)
   ğŸ“ˆ gmm_init_scale: 0.3920 (log scale, range: 0.1000-10.0000)
   ğŸ“Š rand_sphere_size: 130.6822 (linear, range: 1.0000-200.0000)
   ğŸ”¢ num_views: 14 (int, range: 5-50)
   ğŸ”¢ image_width: 154 (int, range: 32-256)
   ğŸ”¢ image_height: 92 (int, range: 32-256)
   ğŸ“Š vfov_degrees: 53.0446 (linear, range: 20.0000-80.0000)
   ğŸ”¢ num_epochs: 89 (int, range: 3-100)
   ğŸ”¢ batch_size: 1937 (int, range: 100-4000)
   ğŸ“ˆ initial_lr: 0.0042 (log scale, range: 0.0010-2.0000)
   ğŸ“Š opt_shape_scale: 4.6158 (linear, range: 0.5000-5.0000)
   ğŸ“Š lr_decay_p_thresh: 0.4713 (linear, range: 0.1000-0.9000)
   ğŸ”¢ lr_decay_window: 37 (int, range: 5-50)
   ğŸ”¢ lr_decay_p_window: 14 (int, range: 3-20)
   ğŸ“Š lr_decay_slope_less: -0.0055 (linear, range: -0.0100--0.0000)
   ğŸ”¢ lr_decay_max_drops: 9 (int, range: 2-30)
   ğŸ“Š beta2_exp: 1.2742 (linear, range: 0.5000-5.0000)
   ğŸ“Š beta3_exp: 0.2053 (linear, range: 0.0100-1.0000)
âœ… Sampled parameters: {'num_mixtures': 10, 'gmm_init_scale': np.float64(0.39203581331539883), 'rand_sphere_size': 130.68220377675593, 'num_views': 14, 'image_width': 154, 'image_height': 92, 'vfov_degrees': 53.04459050530702, 'num_epochs': 89, 'batch_size': 1937, 'initial_lr': np.float64(0.004244555562619587), 'opt_shape_scale': 4.615757945433536, 'lr_decay_p_thresh': 0.47127286635435506, 'lr_decay_window': 37, 'lr_decay_p_window': 14, 'lr_decay_slope_less': -0.005541878587620704, 'lr_decay_max_drops': 9, 'beta2_exp': 1.274238131019452, 'beta3_exp': 0.20531290224608736}

ğŸ”¬ Running experiment...
ğŸ”§ Creating configuration for experiment 17
ğŸ“ Experiment directory: autotune_results/exp_0017
ğŸ’¾ Configuration saved to: autotune_results/exp_0017/config.yaml
ğŸ¯ Running experiment in TUNE_MODE (suppressed output)
ğŸš€ Starting Fuzzy Metaballs experiment...
âŒ Experiment 17 failed with return code 1
   Error: Traceback (most recent call last):
  File "/home/arijitdasgupta/fuzzy-metaballs/run_fmb.py", line 886, in <module>
    main()
  File "/home/arijitdasgupta/fuzzy-metaballs/run_fmb.py", line 250, in mai...

âŒ EXPERIMENT FAILED
   ğŸ¯ Total successful experiments: 0

ğŸ“ˆ OPTIMIZATION SUMMARY:
   âš ï¸  No successful experiments yet
   ğŸ“Š Total experiments: 18
   âœ… Successful experiments: 0
   ğŸ“ˆ Success rate: 0.0%

============================================================
ğŸ§ª EXPERIMENT 19/1000
============================================================
ğŸ² Phase: Random exploration (experiments 1-20)

ğŸ“‹ Sampling parameters using random method...
ğŸ² Sampling parameters using method: random
   ğŸ“Š Using random sampling for exploration
   ğŸ”¢ num_mixtures: 178 (int, range: 10-200)
   ğŸ“ˆ gmm_init_scale: 1.7334 (log scale, range: 0.1000-10.0000)
   ğŸ“Š rand_sphere_size: 92.8810 (linear, range: 1.0000-200.0000)
   ğŸ”¢ num_views: 24 (int, range: 5-50)
   ğŸ”¢ image_width: 194 (int, range: 32-256)
   ğŸ”¢ image_height: 144 (int, range: 32-256)
   ğŸ“Š vfov_degrees: 75.4285 (linear, range: 20.0000-80.0000)
   ğŸ”¢ num_epochs: 11 (int, range: 3-100)
   ğŸ”¢ batch_size: 1320 (int, range: 100-4000)
   ğŸ“ˆ initial_lr: 0.0251 (log scale, range: 0.0010-2.0000)
   ğŸ“Š opt_shape_scale: 0.6522 (linear, range: 0.5000-5.0000)
   ğŸ“Š lr_decay_p_thresh: 0.6201 (linear, range: 0.1000-0.9000)
   ğŸ”¢ lr_decay_window: 50 (int, range: 5-50)
   ğŸ”¢ lr_decay_p_window: 20 (int, range: 3-20)
   ğŸ“Š lr_decay_slope_less: -0.0043 (linear, range: -0.0100--0.0000)
   ğŸ”¢ lr_decay_max_drops: 27 (int, range: 2-30)
   ğŸ“Š beta2_exp: 4.9850 (linear, range: 0.5000-5.0000)
   ğŸ“Š beta3_exp: 0.6502 (linear, range: 0.0100-1.0000)
âœ… Sampled parameters: {'num_mixtures': 178, 'gmm_init_scale': np.float64(1.7333582294851222), 'rand_sphere_size': 92.88104040147756, 'num_views': 24, 'image_width': 194, 'image_height': 144, 'vfov_degrees': 75.42852096475511, 'num_epochs': 11, 'batch_size': 1320, 'initial_lr': np.float64(0.025072184597688976), 'opt_shape_scale': 0.652206527818795, 'lr_decay_p_thresh': 0.6201261306429885, 'lr_decay_window': 50, 'lr_decay_p_window': 20, 'lr_decay_slope_less': -0.004255583545373067, 'lr_decay_max_drops': 27, 'beta2_exp': 4.985033172660563, 'beta3_exp': 0.6501994755871353}

ğŸ”¬ Running experiment...
ğŸ”§ Creating configuration for experiment 18
ğŸ“ Experiment directory: autotune_results/exp_0018
ğŸ’¾ Configuration saved to: autotune_results/exp_0018/config.yaml
ğŸ¯ Running experiment in TUNE_MODE (suppressed output)
ğŸš€ Starting Fuzzy Metaballs experiment...
âŒ Experiment 18 failed with return code 1
   Error: Traceback (most recent call last):
  File "/home/arijitdasgupta/fuzzy-metaballs/run_fmb.py", line 886, in <module>
    main()
  File "/home/arijitdasgupta/fuzzy-metaballs/run_fmb.py", line 250, in mai...

âŒ EXPERIMENT FAILED
   ğŸ¯ Total successful experiments: 0

ğŸ“ˆ OPTIMIZATION SUMMARY:
   âš ï¸  No successful experiments yet
   ğŸ“Š Total experiments: 19
   âœ… Successful experiments: 0
   ğŸ“ˆ Success rate: 0.0%

============================================================
ğŸ§ª EXPERIMENT 20/1000
============================================================
ğŸ² Phase: Random exploration (experiments 1-20)

ğŸ“‹ Sampling parameters using random method...
ğŸ² Sampling parameters using method: random
   ğŸ“Š Using random sampling for exploration
   ğŸ”¢ num_mixtures: 123 (int, range: 10-200)
   ğŸ“ˆ gmm_init_scale: 4.7702 (log scale, range: 0.1000-10.0000)
   ğŸ“Š rand_sphere_size: 24.9175 (linear, range: 1.0000-200.0000)
   ğŸ”¢ num_views: 16 (int, range: 5-50)
   ğŸ”¢ image_width: 107 (int, range: 32-256)
   ğŸ”¢ image_height: 130 (int, range: 32-256)
   ğŸ“Š vfov_degrees: 28.6651 (linear, range: 20.0000-80.0000)
   ğŸ”¢ num_epochs: 62 (int, range: 3-100)
   ğŸ”¢ batch_size: 1885 (int, range: 100-4000)
   ğŸ“ˆ initial_lr: 0.0059 (log scale, range: 0.0010-2.0000)
   ğŸ“Š opt_shape_scale: 4.7228 (linear, range: 0.5000-5.0000)
   ğŸ“Š lr_decay_p_thresh: 0.3993 (linear, range: 0.1000-0.9000)
   ğŸ”¢ lr_decay_window: 47 (int, range: 5-50)
   ğŸ”¢ lr_decay_p_window: 7 (int, range: 3-20)
   ğŸ“Š lr_decay_slope_less: -0.0008 (linear, range: -0.0100--0.0000)
   ğŸ”¢ lr_decay_max_drops: 27 (int, range: 2-30)
   ğŸ“Š beta2_exp: 0.5881 (linear, range: 0.5000-5.0000)
   ğŸ“Š beta3_exp: 0.1063 (linear, range: 0.0100-1.0000)
âœ… Sampled parameters: {'num_mixtures': 123, 'gmm_init_scale': np.float64(4.7701773817477395), 'rand_sphere_size': 24.917510725674774, 'num_views': 16, 'image_width': 107, 'image_height': 130, 'vfov_degrees': 28.665081128193194, 'num_epochs': 62, 'batch_size': 1885, 'initial_lr': np.float64(0.005882266591771699), 'opt_shape_scale': 4.722763353235583, 'lr_decay_p_thresh': 0.3992736105370901, 'lr_decay_window': 47, 'lr_decay_p_window': 7, 'lr_decay_slope_less': -0.0007781471323244932, 'lr_decay_max_drops': 27, 'beta2_exp': 0.5881105287258233, 'beta3_exp': 0.10630094869137875}

ğŸ”¬ Running experiment...
ğŸ”§ Creating configuration for experiment 19
ğŸ“ Experiment directory: autotune_results/exp_0019
ğŸ’¾ Configuration saved to: autotune_results/exp_0019/config.yaml
ğŸ¯ Running experiment in TUNE_MODE (suppressed output)
ğŸš€ Starting Fuzzy Metaballs experiment...
âŒ Experiment 19 failed with return code 1
   Error: Traceback (most recent call last):
  File "/home/arijitdasgupta/fuzzy-metaballs/run_fmb.py", line 886, in <module>
    main()
  File "/home/arijitdasgupta/fuzzy-metaballs/run_fmb.py", line 250, in mai...

âŒ EXPERIMENT FAILED
   ğŸ¯ Total successful experiments: 0

ğŸ’¾ SAVING RESULTS (checkpoint 20)
   âœ… Results saved to: autotune_results
   ğŸ“Š Progress plot updated

ğŸ“ˆ OPTIMIZATION SUMMARY:
   âš ï¸  No successful experiments yet
   ğŸ“Š Total experiments: 20
   âœ… Successful experiments: 0
   ğŸ“ˆ Success rate: 0.0%

============================================================
ğŸ§ª EXPERIMENT 21/1000
============================================================
ğŸ§  Phase: Bayesian optimization (experiments 21+)

ğŸ“‹ Sampling parameters using bayesian method...
ğŸ² Sampling parameters using method: bayesian
   âš ï¸  Not enough results for Bayesian optimization (0 < 5), using random
ğŸ² Sampling parameters using method: random
   ğŸ“Š Using random sampling for exploration
   ğŸ”¢ num_mixtures: 76 (int, range: 10-200)
   ğŸ“ˆ gmm_init_scale: 3.6218 (log scale, range: 0.1000-10.0000)
   ğŸ“Š rand_sphere_size: 73.1802 (linear, range: 1.0000-200.0000)
   ğŸ”¢ num_views: 47 (int, range: 5-50)
   ğŸ”¢ image_width: 207 (int, range: 32-256)
   ğŸ”¢ image_height: 140 (int, range: 32-256)
   ğŸ“Š vfov_degrees: 51.9527 (linear, range: 20.0000-80.0000)
   ğŸ”¢ num_epochs: 10 (int, range: 3-100)
   ğŸ”¢ batch_size: 3478 (int, range: 100-4000)
   ğŸ“ˆ initial_lr: 0.0396 (log scale, range: 0.0010-2.0000)
   ğŸ“Š opt_shape_scale: 0.7756 (linear, range: 0.5000-5.0000)
   ğŸ“Š lr_decay_p_thresh: 0.2821 (linear, range: 0.1000-0.9000)
   ğŸ”¢ lr_decay_window: 34 (int, range: 5-50)
   ğŸ”¢ lr_decay_p_window: 12 (int, range: 3-20)
   ğŸ“Š lr_decay_slope_less: -0.0089 (linear, range: -0.0100--0.0000)
   ğŸ”¢ lr_decay_max_drops: 6 (int, range: 2-30)
   ğŸ“Š beta2_exp: 3.9520 (linear, range: 0.5000-5.0000)
   ğŸ“Š beta3_exp: 0.8798 (linear, range: 0.0100-1.0000)
âœ… Sampled parameters: {'num_mixtures': 76, 'gmm_init_scale': np.float64(3.621828700288271), 'rand_sphere_size': 73.18021707777433, 'num_views': 47, 'image_width': 207, 'image_height': 140, 'vfov_degrees': 51.95267440173183, 'num_epochs': 10, 'batch_size': 3478, 'initial_lr': np.float64(0.03955894517259965), 'opt_shape_scale': 0.7756150200501996, 'lr_decay_p_thresh': 0.282057342757848, 'lr_decay_window': 34, 'lr_decay_p_window': 12, 'lr_decay_slope_less': -0.008906560013297909, 'lr_decay_max_drops': 6, 'beta2_exp': 3.9519818785355905, 'beta3_exp': 0.8797611167695351}

ğŸ”¬ Running experiment...
ğŸ”§ Creating configuration for experiment 20
ğŸ“ Experiment directory: autotune_results/exp_0020
ğŸ’¾ Configuration saved to: autotune_results/exp_0020/config.yaml
ğŸ¯ Running experiment in TUNE_MODE (suppressed output)
ğŸš€ Starting Fuzzy Metaballs experiment...
âŒ Experiment 20 failed with return code 1
   Error: Traceback (most recent call last):
  File "/home/arijitdasgupta/fuzzy-metaballs/run_fmb.py", line 886, in <module>
    main()
  File "/home/arijitdasgupta/fuzzy-metaballs/run_fmb.py", line 250, in mai...

âŒ EXPERIMENT FAILED
   ğŸ¯ Total successful experiments: 0

ğŸ“ˆ OPTIMIZATION SUMMARY:
   âš ï¸  No successful experiments yet
   ğŸ“Š Total experiments: 21
   âœ… Successful experiments: 0
   ğŸ“ˆ Success rate: 0.0%

============================================================
ğŸ§ª EXPERIMENT 22/1000
============================================================
ğŸ§  Phase: Bayesian optimization (experiments 21+)

ğŸ“‹ Sampling parameters using bayesian method...
ğŸ² Sampling parameters using method: bayesian
   âš ï¸  Not enough results for Bayesian optimization (0 < 5), using random
ğŸ² Sampling parameters using method: random
   ğŸ“Š Using random sampling for exploration
   ğŸ”¢ num_mixtures: 186 (int, range: 10-200)
   ğŸ“ˆ gmm_init_scale: 0.3122 (log scale, range: 0.1000-10.0000)
   ğŸ“Š rand_sphere_size: 20.4367 (linear, range: 1.0000-200.0000)
   ğŸ”¢ num_views: 31 (int, range: 5-50)
   ğŸ”¢ image_width: 101 (int, range: 32-256)
   ğŸ”¢ image_height: 183 (int, range: 32-256)
   ğŸ“Š vfov_degrees: 31.2487 (linear, range: 20.0000-80.0000)
   ğŸ”¢ num_epochs: 85 (int, range: 3-100)
   ğŸ”¢ batch_size: 2193 (int, range: 100-4000)
   ğŸ“ˆ initial_lr: 0.0030 (log scale, range: 0.0010-2.0000)
   ğŸ“Š opt_shape_scale: 1.5977 (linear, range: 0.5000-5.0000)
   ğŸ“Š lr_decay_p_thresh: 0.3436 (linear, range: 0.1000-0.9000)
   ğŸ”¢ lr_decay_window: 13 (int, range: 5-50)
   ğŸ”¢ lr_decay_p_window: 15 (int, range: 3-20)
   ğŸ“Š lr_decay_slope_less: -0.0058 (linear, range: -0.0100--0.0000)
   ğŸ”¢ lr_decay_max_drops: 19 (int, range: 2-30)
   ğŸ“Š beta2_exp: 3.0164 (linear, range: 0.5000-5.0000)
   ğŸ“Š beta3_exp: 0.0749 (linear, range: 0.0100-1.0000)
âœ… Sampled parameters: {'num_mixtures': 186, 'gmm_init_scale': np.float64(0.31219338740683167), 'rand_sphere_size': 20.43671204864882, 'num_views': 31, 'image_width': 101, 'image_height': 183, 'vfov_degrees': 31.248705225874396, 'num_epochs': 85, 'batch_size': 2193, 'initial_lr': np.float64(0.002985547835671608), 'opt_shape_scale': 1.5977285909254342, 'lr_decay_p_thresh': 0.34363896489677065, 'lr_decay_window': 13, 'lr_decay_p_window': 15, 'lr_decay_slope_less': -0.005810230486198589, 'lr_decay_max_drops': 19, 'beta2_exp': 3.0164299952428957, 'beta3_exp': 0.07487556107804004}

ğŸ”¬ Running experiment...
ğŸ”§ Creating configuration for experiment 21
ğŸ“ Experiment directory: autotune_results/exp_0021
ğŸ’¾ Configuration saved to: autotune_results/exp_0021/config.yaml
ğŸ¯ Running experiment in TUNE_MODE (suppressed output)
ğŸš€ Starting Fuzzy Metaballs experiment...
âŒ Experiment 21 failed with return code 1
   Error: Traceback (most recent call last):
  File "/home/arijitdasgupta/fuzzy-metaballs/run_fmb.py", line 886, in <module>
    main()
  File "/home/arijitdasgupta/fuzzy-metaballs/run_fmb.py", line 250, in mai...

âŒ EXPERIMENT FAILED
   ğŸ¯ Total successful experiments: 0

ğŸ“ˆ OPTIMIZATION SUMMARY:
   âš ï¸  No successful experiments yet
   ğŸ“Š Total experiments: 22
   âœ… Successful experiments: 0
   ğŸ“ˆ Success rate: 0.0%

============================================================
ğŸ§ª EXPERIMENT 23/1000
============================================================
ğŸ§  Phase: Bayesian optimization (experiments 21+)

ğŸ“‹ Sampling parameters using bayesian method...
ğŸ² Sampling parameters using method: bayesian
   âš ï¸  Not enough results for Bayesian optimization (0 < 5), using random
ğŸ² Sampling parameters using method: random
   ğŸ“Š Using random sampling for exploration
   ğŸ”¢ num_mixtures: 35 (int, range: 10-200)
   ğŸ“ˆ gmm_init_scale: 0.1297 (log scale, range: 0.1000-10.0000)
   ğŸ“Š rand_sphere_size: 67.7409 (linear, range: 1.0000-200.0000)
   ğŸ”¢ num_views: 18 (int, range: 5-50)
   ğŸ”¢ image_width: 66 (int, range: 32-256)
   ğŸ”¢ image_height: 150 (int, range: 32-256)
   ğŸ“Š vfov_degrees: 59.1851 (linear, range: 20.0000-80.0000)
   ğŸ”¢ num_epochs: 43 (int, range: 3-100)
   ğŸ”¢ batch_size: 1077 (int, range: 100-4000)
   ğŸ“ˆ initial_lr: 0.9511 (log scale, range: 0.0010-2.0000)
   ğŸ“Š opt_shape_scale: 1.7382 (linear, range: 0.5000-5.0000)
   ğŸ“Š lr_decay_p_thresh: 0.7226 (linear, range: 0.1000-0.9000)
   ğŸ”¢ lr_decay_window: 39 (int, range: 5-50)
   ğŸ”¢ lr_decay_p_window: 9 (int, range: 3-20)
   ğŸ“Š lr_decay_slope_less: -0.0085 (linear, range: -0.0100--0.0000)
   ğŸ”¢ lr_decay_max_drops: 28 (int, range: 2-30)
   ğŸ“Š beta2_exp: 3.5272 (linear, range: 0.5000-5.0000)
   ğŸ“Š beta3_exp: 0.0883 (linear, range: 0.0100-1.0000)
âœ… Sampled parameters: {'num_mixtures': 35, 'gmm_init_scale': np.float64(0.12966304235591042), 'rand_sphere_size': 67.7409287368471, 'num_views': 18, 'image_width': 66, 'image_height': 150, 'vfov_degrees': 59.18510076875833, 'num_epochs': 43, 'batch_size': 1077, 'initial_lr': np.float64(0.9511010377666906), 'opt_shape_scale': 1.7381923898584073, 'lr_decay_p_thresh': 0.7226245518201898, 'lr_decay_window': 39, 'lr_decay_p_window': 9, 'lr_decay_slope_less': -0.008539888809357226, 'lr_decay_max_drops': 28, 'beta2_exp': 3.5272226685701122, 'beta3_exp': 0.08827011168693881}

ğŸ”¬ Running experiment...
ğŸ”§ Creating configuration for experiment 22
ğŸ“ Experiment directory: autotune_results/exp_0022
ğŸ’¾ Configuration saved to: autotune_results/exp_0022/config.yaml
ğŸ¯ Running experiment in TUNE_MODE (suppressed output)
ğŸš€ Starting Fuzzy Metaballs experiment...
âŒ Experiment 22 failed with return code 1
   Error: Traceback (most recent call last):
  File "/home/arijitdasgupta/fuzzy-metaballs/run_fmb.py", line 886, in <module>
    main()
  File "/home/arijitdasgupta/fuzzy-metaballs/run_fmb.py", line 250, in mai...

âŒ EXPERIMENT FAILED
   ğŸ¯ Total successful experiments: 0

ğŸ“ˆ OPTIMIZATION SUMMARY:
   âš ï¸  No successful experiments yet
   ğŸ“Š Total experiments: 23
   âœ… Successful experiments: 0
   ğŸ“ˆ Success rate: 0.0%

============================================================
ğŸ§ª EXPERIMENT 24/1000
============================================================
ğŸ§  Phase: Bayesian optimization (experiments 21+)

ğŸ“‹ Sampling parameters using bayesian method...
ğŸ² Sampling parameters using method: bayesian
   âš ï¸  Not enough results for Bayesian optimization (0 < 5), using random
ğŸ² Sampling parameters using method: random
   ğŸ“Š Using random sampling for exploration
   ğŸ”¢ num_mixtures: 159 (int, range: 10-200)
   ğŸ“ˆ gmm_init_scale: 3.1518 (log scale, range: 0.1000-10.0000)
   ğŸ“Š rand_sphere_size: 147.3588 (linear, range: 1.0000-200.0000)
   ğŸ”¢ num_views: 28 (int, range: 5-50)
   ğŸ”¢ image_width: 42 (int, range: 32-256)
   ğŸ”¢ image_height: 194 (int, range: 32-256)
   ğŸ“Š vfov_degrees: 25.3838 (linear, range: 20.0000-80.0000)
   ğŸ”¢ num_epochs: 71 (int, range: 3-100)
   ğŸ”¢ batch_size: 2541 (int, range: 100-4000)
   ğŸ“ˆ initial_lr: 0.1661 (log scale, range: 0.0010-2.0000)
   ğŸ“Š opt_shape_scale: 2.5481 (linear, range: 0.5000-5.0000)
   ğŸ“Š lr_decay_p_thresh: 0.7560 (linear, range: 0.1000-0.9000)
   ğŸ”¢ lr_decay_window: 25 (int, range: 5-50)
   ğŸ”¢ lr_decay_p_window: 20 (int, range: 3-20)
   ğŸ“Š lr_decay_slope_less: -0.0093 (linear, range: -0.0100--0.0000)
   ğŸ”¢ lr_decay_max_drops: 12 (int, range: 2-30)
   ğŸ“Š beta2_exp: 4.2230 (linear, range: 0.5000-5.0000)
   ğŸ“Š beta3_exp: 0.3735 (linear, range: 0.0100-1.0000)
âœ… Sampled parameters: {'num_mixtures': 159, 'gmm_init_scale': np.float64(3.151772565133274), 'rand_sphere_size': 147.3587860281027, 'num_views': 28, 'image_width': 42, 'image_height': 194, 'vfov_degrees': 25.383772404831873, 'num_epochs': 71, 'batch_size': 2541, 'initial_lr': np.float64(0.1660675733135837), 'opt_shape_scale': 2.5481335623099035, 'lr_decay_p_thresh': 0.7559502405011206, 'lr_decay_window': 25, 'lr_decay_p_window': 20, 'lr_decay_slope_less': -0.009258277128181912, 'lr_decay_max_drops': 12, 'beta2_exp': 4.223048742260439, 'beta3_exp': 0.37351103239068295}

ğŸ”¬ Running experiment...
ğŸ”§ Creating configuration for experiment 23
ğŸ“ Experiment directory: autotune_results/exp_0023
ğŸ’¾ Configuration saved to: autotune_results/exp_0023/config.yaml
ğŸ¯ Running experiment in TUNE_MODE (suppressed output)
ğŸš€ Starting Fuzzy Metaballs experiment...
âŒ Experiment 23 failed with return code 1
   Error: Traceback (most recent call last):
  File "/home/arijitdasgupta/fuzzy-metaballs/run_fmb.py", line 886, in <module>
    main()
  File "/home/arijitdasgupta/fuzzy-metaballs/run_fmb.py", line 250, in mai...

âŒ EXPERIMENT FAILED
   ğŸ¯ Total successful experiments: 0

ğŸ“ˆ OPTIMIZATION SUMMARY:
   âš ï¸  No successful experiments yet
   ğŸ“Š Total experiments: 24
   âœ… Successful experiments: 0
   ğŸ“ˆ Success rate: 0.0%

============================================================
ğŸ§ª EXPERIMENT 25/1000
============================================================
ğŸ§  Phase: Bayesian optimization (experiments 21+)

ğŸ“‹ Sampling parameters using bayesian method...
ğŸ² Sampling parameters using method: bayesian
   âš ï¸  Not enough results for Bayesian optimization (0 < 5), using random
ğŸ² Sampling parameters using method: random
   ğŸ“Š Using random sampling for exploration
   ğŸ”¢ num_mixtures: 183 (int, range: 10-200)
   ğŸ“ˆ gmm_init_scale: 3.0241 (log scale, range: 0.1000-10.0000)
   ğŸ“Š rand_sphere_size: 11.6631 (linear, range: 1.0000-200.0000)
   ğŸ”¢ num_views: 23 (int, range: 5-50)
   ğŸ”¢ image_width: 108 (int, range: 32-256)
   ğŸ”¢ image_height: 43 (int, range: 32-256)
   ğŸ“Š vfov_degrees: 51.5685 (linear, range: 20.0000-80.0000)
   ğŸ”¢ num_epochs: 17 (int, range: 3-100)
   ğŸ”¢ batch_size: 506 (int, range: 100-4000)
   ğŸ“ˆ initial_lr: 0.1764 (log scale, range: 0.0010-2.0000)
   ğŸ“Š opt_shape_scale: 4.3908 (linear, range: 0.5000-5.0000)
   ğŸ“Š lr_decay_p_thresh: 0.8177 (linear, range: 0.1000-0.9000)
   ğŸ”¢ lr_decay_window: 20 (int, range: 5-50)
   ğŸ”¢ lr_decay_p_window: 20 (int, range: 3-20)
   ğŸ“Š lr_decay_slope_less: -0.0036 (linear, range: -0.0100--0.0000)
   ğŸ”¢ lr_decay_max_drops: 16 (int, range: 2-30)
   ğŸ“Š beta2_exp: 1.2815 (linear, range: 0.5000-5.0000)
   ğŸ“Š beta3_exp: 0.9936 (linear, range: 0.0100-1.0000)
âœ… Sampled parameters: {'num_mixtures': 183, 'gmm_init_scale': np.float64(3.024132507459545), 'rand_sphere_size': 11.663125146625415, 'num_views': 23, 'image_width': 108, 'image_height': 43, 'vfov_degrees': 51.56854307044597, 'num_epochs': 17, 'batch_size': 506, 'initial_lr': np.float64(0.17640342206946577), 'opt_shape_scale': 4.390758258073898, 'lr_decay_p_thresh': 0.817725170235428, 'lr_decay_window': 20, 'lr_decay_p_window': 20, 'lr_decay_slope_less': -0.003598640716372935, 'lr_decay_max_drops': 16, 'beta2_exp': 1.2814974825370482, 'beta3_exp': 0.9935587584314125}

ğŸ”¬ Running experiment...
ğŸ”§ Creating configuration for experiment 24
ğŸ“ Experiment directory: autotune_results/exp_0024
ğŸ’¾ Configuration saved to: autotune_results/exp_0024/config.yaml
ğŸ¯ Running experiment in TUNE_MODE (suppressed output)
ğŸš€ Starting Fuzzy Metaballs experiment...
âŒ Experiment 24 failed with return code 1
   Error: Traceback (most recent call last):
  File "/home/arijitdasgupta/fuzzy-metaballs/run_fmb.py", line 886, in <module>
    main()
  File "/home/arijitdasgupta/fuzzy-metaballs/run_fmb.py", line 250, in mai...

âŒ EXPERIMENT FAILED
   ğŸ¯ Total successful experiments: 0

ğŸ“ˆ OPTIMIZATION SUMMARY:
   âš ï¸  No successful experiments yet
   ğŸ“Š Total experiments: 25
   âœ… Successful experiments: 0
   ğŸ“ˆ Success rate: 0.0%

============================================================
ğŸ§ª EXPERIMENT 26/1000
============================================================
ğŸ§  Phase: Bayesian optimization (experiments 21+)

ğŸ“‹ Sampling parameters using bayesian method...
ğŸ² Sampling parameters using method: bayesian
   âš ï¸  Not enough results for Bayesian optimization (0 < 5), using random
ğŸ² Sampling parameters using method: random
   ğŸ“Š Using random sampling for exploration
   ğŸ”¢ num_mixtures: 111 (int, range: 10-200)
   ğŸ“ˆ gmm_init_scale: 0.2244 (log scale, range: 0.1000-10.0000)
   ğŸ“Š rand_sphere_size: 132.0937 (linear, range: 1.0000-200.0000)
   ğŸ”¢ num_views: 29 (int, range: 5-50)
   ğŸ”¢ image_width: 202 (int, range: 32-256)
   ğŸ”¢ image_height: 92 (int, range: 32-256)
   ğŸ“Š vfov_degrees: 62.1763 (linear, range: 20.0000-80.0000)
   ğŸ”¢ num_epochs: 56 (int, range: 3-100)
   ğŸ”¢ batch_size: 3836 (int, range: 100-4000)
   ğŸ“ˆ initial_lr: 0.5661 (log scale, range: 0.0010-2.0000)
   ğŸ“Š opt_shape_scale: 2.8901 (linear, range: 0.5000-5.0000)
   ğŸ“Š lr_decay_p_thresh: 0.3825 (linear, range: 0.1000-0.9000)
   ğŸ”¢ lr_decay_window: 16 (int, range: 5-50)
   ğŸ”¢ lr_decay_p_window: 18 (int, range: 3-20)
   ğŸ“Š lr_decay_slope_less: -0.0036 (linear, range: -0.0100--0.0000)
   ğŸ”¢ lr_decay_max_drops: 17 (int, range: 2-30)
   ğŸ“Š beta2_exp: 3.9954 (linear, range: 0.5000-5.0000)
   ğŸ“Š beta3_exp: 0.6054 (linear, range: 0.0100-1.0000)
âœ… Sampled parameters: {'num_mixtures': 111, 'gmm_init_scale': np.float64(0.22440780894405826), 'rand_sphere_size': 132.09370639850658, 'num_views': 29, 'image_width': 202, 'image_height': 92, 'vfov_degrees': 62.17628130602297, 'num_epochs': 56, 'batch_size': 3836, 'initial_lr': np.float64(0.5661384286663466), 'opt_shape_scale': 2.890098731168424, 'lr_decay_p_thresh': 0.38248921364511623, 'lr_decay_window': 16, 'lr_decay_p_window': 18, 'lr_decay_slope_less': -0.0035694974129521105, 'lr_decay_max_drops': 17, 'beta2_exp': 3.9953829544155015, 'beta3_exp': 0.6053578466922461}

ğŸ”¬ Running experiment...
ğŸ”§ Creating configuration for experiment 25
ğŸ“ Experiment directory: autotune_results/exp_0025
ğŸ’¾ Configuration saved to: autotune_results/exp_0025/config.yaml
ğŸ¯ Running experiment in TUNE_MODE (suppressed output)
ğŸš€ Starting Fuzzy Metaballs experiment...
âŒ Experiment 25 failed with return code 1
   Error: Traceback (most recent call last):
  File "/home/arijitdasgupta/fuzzy-metaballs/run_fmb.py", line 886, in <module>
    main()
  File "/home/arijitdasgupta/fuzzy-metaballs/run_fmb.py", line 250, in mai...

âŒ EXPERIMENT FAILED
   ğŸ¯ Total successful experiments: 0

ğŸ“ˆ OPTIMIZATION SUMMARY:
   âš ï¸  No successful experiments yet
   ğŸ“Š Total experiments: 26
   âœ… Successful experiments: 0
   ğŸ“ˆ Success rate: 0.0%

============================================================
ğŸ§ª EXPERIMENT 27/1000
============================================================
ğŸ§  Phase: Bayesian optimization (experiments 21+)

ğŸ“‹ Sampling parameters using bayesian method...
ğŸ² Sampling parameters using method: bayesian
   âš ï¸  Not enough results for Bayesian optimization (0 < 5), using random
ğŸ² Sampling parameters using method: random
   ğŸ“Š Using random sampling for exploration
   ğŸ”¢ num_mixtures: 67 (int, range: 10-200)
   ğŸ“ˆ gmm_init_scale: 0.5802 (log scale, range: 0.1000-10.0000)
   ğŸ“Š rand_sphere_size: 191.0869 (linear, range: 1.0000-200.0000)
   ğŸ”¢ num_views: 42 (int, range: 5-50)
   ğŸ”¢ image_width: 39 (int, range: 32-256)
   ğŸ”¢ image_height: 216 (int, range: 32-256)
   ğŸ“Š vfov_degrees: 73.6653 (linear, range: 20.0000-80.0000)
   ğŸ”¢ num_epochs: 47 (int, range: 3-100)
   ğŸ”¢ batch_size: 944 (int, range: 100-4000)
   ğŸ“ˆ initial_lr: 0.0090 (log scale, range: 0.0010-2.0000)
   ğŸ“Š opt_shape_scale: 4.2769 (linear, range: 0.5000-5.0000)
   ğŸ“Š lr_decay_p_thresh: 0.3133 (linear, range: 0.1000-0.9000)
   ğŸ”¢ lr_decay_window: 50 (int, range: 5-50)
   ğŸ”¢ lr_decay_p_window: 14 (int, range: 3-20)
   ğŸ“Š lr_decay_slope_less: -0.0001 (linear, range: -0.0100--0.0000)
   ğŸ”¢ lr_decay_max_drops: 7 (int, range: 2-30)
   ğŸ“Š beta2_exp: 2.4406 (linear, range: 0.5000-5.0000)
   ğŸ“Š beta3_exp: 0.2873 (linear, range: 0.0100-1.0000)
âœ… Sampled parameters: {'num_mixtures': 67, 'gmm_init_scale': np.float64(0.5802168737480038), 'rand_sphere_size': 191.0869426238825, 'num_views': 42, 'image_width': 39, 'image_height': 216, 'vfov_degrees': 73.66527397049512, 'num_epochs': 47, 'batch_size': 944, 'initial_lr': np.float64(0.009046824582719147), 'opt_shape_scale': 4.276921624307808, 'lr_decay_p_thresh': 0.313347501320253, 'lr_decay_window': 50, 'lr_decay_p_window': 14, 'lr_decay_slope_less': -0.00010703270968414301, 'lr_decay_max_drops': 7, 'beta2_exp': 2.4405534010845686, 'beta3_exp': 0.2872780039807706}

ğŸ”¬ Running experiment...
ğŸ”§ Creating configuration for experiment 26
ğŸ“ Experiment directory: autotune_results/exp_0026
ğŸ’¾ Configuration saved to: autotune_results/exp_0026/config.yaml
ğŸ¯ Running experiment in TUNE_MODE (suppressed output)
ğŸš€ Starting Fuzzy Metaballs experiment...
âŒ Experiment 26 failed with return code 1
   Error: Traceback (most recent call last):
  File "/home/arijitdasgupta/fuzzy-metaballs/run_fmb.py", line 886, in <module>
    main()
  File "/home/arijitdasgupta/fuzzy-metaballs/run_fmb.py", line 250, in mai...

âŒ EXPERIMENT FAILED
   ğŸ¯ Total successful experiments: 0

ğŸ“ˆ OPTIMIZATION SUMMARY:
   âš ï¸  No successful experiments yet
   ğŸ“Š Total experiments: 27
   âœ… Successful experiments: 0
   ğŸ“ˆ Success rate: 0.0%

============================================================
ğŸ§ª EXPERIMENT 28/1000
============================================================
ğŸ§  Phase: Bayesian optimization (experiments 21+)

ğŸ“‹ Sampling parameters using bayesian method...
ğŸ² Sampling parameters using method: bayesian
   âš ï¸  Not enough results for Bayesian optimization (0 < 5), using random
ğŸ² Sampling parameters using method: random
   ğŸ“Š Using random sampling for exploration
   ğŸ”¢ num_mixtures: 177 (int, range: 10-200)
   ğŸ“ˆ gmm_init_scale: 0.4174 (log scale, range: 0.1000-10.0000)
   ğŸ“Š rand_sphere_size: 37.0098 (linear, range: 1.0000-200.0000)
   ğŸ”¢ num_views: 11 (int, range: 5-50)
   ğŸ”¢ image_width: 244 (int, range: 32-256)
   ğŸ”¢ image_height: 51 (int, range: 32-256)
   ğŸ“Š vfov_degrees: 71.7105 (linear, range: 20.0000-80.0000)
   ğŸ”¢ num_epochs: 57 (int, range: 3-100)
   ğŸ”¢ batch_size: 134 (int, range: 100-4000)
   ğŸ“ˆ initial_lr: 0.0936 (log scale, range: 0.0010-2.0000)
   ğŸ“Š opt_shape_scale: 1.8615 (linear, range: 0.5000-5.0000)
   ğŸ“Š lr_decay_p_thresh: 0.5987 (linear, range: 0.1000-0.9000)
   ğŸ”¢ lr_decay_window: 44 (int, range: 5-50)
   ğŸ”¢ lr_decay_p_window: 4 (int, range: 3-20)
   ğŸ“Š lr_decay_slope_less: -0.0036 (linear, range: -0.0100--0.0000)
   ğŸ”¢ lr_decay_max_drops: 14 (int, range: 2-30)
   ğŸ“Š beta2_exp: 3.2006 (linear, range: 0.5000-5.0000)
   ğŸ“Š beta3_exp: 0.2032 (linear, range: 0.0100-1.0000)
âœ… Sampled parameters: {'num_mixtures': 177, 'gmm_init_scale': np.float64(0.4173536226809484), 'rand_sphere_size': 37.00980158457928, 'num_views': 11, 'image_width': 244, 'image_height': 51, 'vfov_degrees': 71.7105437654268, 'num_epochs': 57, 'batch_size': 134, 'initial_lr': np.float64(0.09355391423469517), 'opt_shape_scale': 1.8615323327634117, 'lr_decay_p_thresh': 0.5987285057426837, 'lr_decay_window': 44, 'lr_decay_p_window': 4, 'lr_decay_slope_less': -0.0036130010839077213, 'lr_decay_max_drops': 14, 'beta2_exp': 3.2005692970462434, 'beta3_exp': 0.2032153103033943}

ğŸ”¬ Running experiment...
ğŸ”§ Creating configuration for experiment 27
ğŸ“ Experiment directory: autotune_results/exp_0027
ğŸ’¾ Configuration saved to: autotune_results/exp_0027/config.yaml
ğŸ¯ Running experiment in TUNE_MODE (suppressed output)
ğŸš€ Starting Fuzzy Metaballs experiment...
âŒ Experiment 27 failed with return code 1
   Error: Traceback (most recent call last):
  File "/home/arijitdasgupta/fuzzy-metaballs/run_fmb.py", line 886, in <module>
    main()
  File "/home/arijitdasgupta/fuzzy-metaballs/run_fmb.py", line 250, in mai...

âŒ EXPERIMENT FAILED
   ğŸ¯ Total successful experiments: 0

ğŸ“ˆ OPTIMIZATION SUMMARY:
   âš ï¸  No successful experiments yet
   ğŸ“Š Total experiments: 28
   âœ… Successful experiments: 0
   ğŸ“ˆ Success rate: 0.0%

============================================================
ğŸ§ª EXPERIMENT 29/1000
============================================================
ğŸ§  Phase: Bayesian optimization (experiments 21+)

ğŸ“‹ Sampling parameters using bayesian method...
ğŸ² Sampling parameters using method: bayesian
   âš ï¸  Not enough results for Bayesian optimization (0 < 5), using random
ğŸ² Sampling parameters using method: random
   ğŸ“Š Using random sampling for exploration
   ğŸ”¢ num_mixtures: 157 (int, range: 10-200)
   ğŸ“ˆ gmm_init_scale: 0.5199 (log scale, range: 0.1000-10.0000)
   ğŸ“Š rand_sphere_size: 95.6804 (linear, range: 1.0000-200.0000)
   ğŸ”¢ num_views: 36 (int, range: 5-50)
   ğŸ”¢ image_width: 122 (int, range: 32-256)
   ğŸ”¢ image_height: 74 (int, range: 32-256)
   ğŸ“Š vfov_degrees: 70.3224 (linear, range: 20.0000-80.0000)
   ğŸ”¢ num_epochs: 74 (int, range: 3-100)
   ğŸ”¢ batch_size: 1482 (int, range: 100-4000)
   ğŸ“ˆ initial_lr: 1.0385 (log scale, range: 0.0010-2.0000)
   ğŸ“Š opt_shape_scale: 2.2492 (linear, range: 0.5000-5.0000)
   ğŸ“Š lr_decay_p_thresh: 0.3515 (linear, range: 0.1000-0.9000)
   ğŸ”¢ lr_decay_window: 13 (int, range: 5-50)
   ğŸ”¢ lr_decay_p_window: 16 (int, range: 3-20)
   ğŸ“Š lr_decay_slope_less: -0.0024 (linear, range: -0.0100--0.0000)
   ğŸ”¢ lr_decay_max_drops: 7 (int, range: 2-30)
   ğŸ“Š beta2_exp: 2.0598 (linear, range: 0.5000-5.0000)
   ğŸ“Š beta3_exp: 0.9226 (linear, range: 0.0100-1.0000)
âœ… Sampled parameters: {'num_mixtures': 157, 'gmm_init_scale': np.float64(0.5198773567927188), 'rand_sphere_size': 95.6804246609739, 'num_views': 36, 'image_width': 122, 'image_height': 74, 'vfov_degrees': 70.32240168537663, 'num_epochs': 74, 'batch_size': 1482, 'initial_lr': np.float64(1.0384913649052507), 'opt_shape_scale': 2.2492088738333442, 'lr_decay_p_thresh': 0.3515407586186349, 'lr_decay_window': 13, 'lr_decay_p_window': 16, 'lr_decay_slope_less': -0.0024232574685790096, 'lr_decay_max_drops': 7, 'beta2_exp': 2.0598192697897764, 'beta3_exp': 0.9225746162280206}

ğŸ”¬ Running experiment...
ğŸ”§ Creating configuration for experiment 28
ğŸ“ Experiment directory: autotune_results/exp_0028
ğŸ’¾ Configuration saved to: autotune_results/exp_0028/config.yaml
ğŸ¯ Running experiment in TUNE_MODE (suppressed output)
ğŸš€ Starting Fuzzy Metaballs experiment...
âŒ Experiment 28 failed with return code 1
   Error: Traceback (most recent call last):
  File "/home/arijitdasgupta/fuzzy-metaballs/run_fmb.py", line 886, in <module>
    main()
  File "/home/arijitdasgupta/fuzzy-metaballs/run_fmb.py", line 250, in mai...

âŒ EXPERIMENT FAILED
   ğŸ¯ Total successful experiments: 0

ğŸ“ˆ OPTIMIZATION SUMMARY:
   âš ï¸  No successful experiments yet
   ğŸ“Š Total experiments: 29
   âœ… Successful experiments: 0
   ğŸ“ˆ Success rate: 0.0%

============================================================
ğŸ§ª EXPERIMENT 30/1000
============================================================
ğŸ§  Phase: Bayesian optimization (experiments 21+)

ğŸ“‹ Sampling parameters using bayesian method...
ğŸ² Sampling parameters using method: bayesian
   âš ï¸  Not enough results for Bayesian optimization (0 < 5), using random
ğŸ² Sampling parameters using method: random
   ğŸ“Š Using random sampling for exploration
   ğŸ”¢ num_mixtures: 151 (int, range: 10-200)
   ğŸ“ˆ gmm_init_scale: 0.1673 (log scale, range: 0.1000-10.0000)
   ğŸ“Š rand_sphere_size: 48.4220 (linear, range: 1.0000-200.0000)
   ğŸ”¢ num_views: 24 (int, range: 5-50)
   ğŸ”¢ image_width: 126 (int, range: 32-256)
   ğŸ”¢ image_height: 243 (int, range: 32-256)
   ğŸ“Š vfov_degrees: 68.4164 (linear, range: 20.0000-80.0000)
   ğŸ”¢ num_epochs: 47 (int, range: 3-100)
   ğŸ”¢ batch_size: 627 (int, range: 100-4000)
   ğŸ“ˆ initial_lr: 0.3239 (log scale, range: 0.0010-2.0000)
   ğŸ“Š opt_shape_scale: 3.9480 (linear, range: 0.5000-5.0000)
   ğŸ“Š lr_decay_p_thresh: 0.5931 (linear, range: 0.1000-0.9000)
   ğŸ”¢ lr_decay_window: 8 (int, range: 5-50)
   ğŸ”¢ lr_decay_p_window: 14 (int, range: 3-20)
   ğŸ“Š lr_decay_slope_less: -0.0054 (linear, range: -0.0100--0.0000)
   ğŸ”¢ lr_decay_max_drops: 28 (int, range: 2-30)
   ğŸ“Š beta2_exp: 4.3619 (linear, range: 0.5000-5.0000)
   ğŸ“Š beta3_exp: 0.3391 (linear, range: 0.0100-1.0000)
âœ… Sampled parameters: {'num_mixtures': 151, 'gmm_init_scale': np.float64(0.16726177236866932), 'rand_sphere_size': 48.42199698327408, 'num_views': 24, 'image_width': 126, 'image_height': 243, 'vfov_degrees': 68.41643479194744, 'num_epochs': 47, 'batch_size': 627, 'initial_lr': np.float64(0.32393988432394133), 'opt_shape_scale': 3.9480206070573534, 'lr_decay_p_thresh': 0.5930796654611229, 'lr_decay_window': 8, 'lr_decay_p_window': 14, 'lr_decay_slope_less': -0.005448174034021706, 'lr_decay_max_drops': 28, 'beta2_exp': 4.36185118287755, 'beta3_exp': 0.33906908565061045}

ğŸ”¬ Running experiment...
ğŸ”§ Creating configuration for experiment 29
ğŸ“ Experiment directory: autotune_results/exp_0029
ğŸ’¾ Configuration saved to: autotune_results/exp_0029/config.yaml
ğŸ¯ Running experiment in TUNE_MODE (suppressed output)
ğŸš€ Starting Fuzzy Metaballs experiment...
âŒ Experiment 29 failed with return code 1
   Error: Traceback (most recent call last):
  File "/home/arijitdasgupta/fuzzy-metaballs/run_fmb.py", line 886, in <module>
    main()
  File "/home/arijitdasgupta/fuzzy-metaballs/run_fmb.py", line 250, in mai...

âŒ EXPERIMENT FAILED
   ğŸ¯ Total successful experiments: 0

ğŸ’¾ SAVING RESULTS (checkpoint 30)
   âœ… Results saved to: autotune_results
   ğŸ“Š Progress plot updated

ğŸ“ˆ OPTIMIZATION SUMMARY:
   âš ï¸  No successful experiments yet
   ğŸ“Š Total experiments: 30
   âœ… Successful experiments: 0
   ğŸ“ˆ Success rate: 0.0%

============================================================
ğŸ§ª EXPERIMENT 31/1000
============================================================
ğŸ§  Phase: Bayesian optimization (experiments 21+)

ğŸ“‹ Sampling parameters using bayesian method...
ğŸ² Sampling parameters using method: bayesian
   âš ï¸  Not enough results for Bayesian optimization (0 < 5), using random
ğŸ² Sampling parameters using method: random
   ğŸ“Š Using random sampling for exploration
   ğŸ”¢ num_mixtures: 104 (int, range: 10-200)
   ğŸ“ˆ gmm_init_scale: 0.1388 (log scale, range: 0.1000-10.0000)
   ğŸ“Š rand_sphere_size: 20.6954 (linear, range: 1.0000-200.0000)
   ğŸ”¢ num_views: 46 (int, range: 5-50)
   ğŸ”¢ image_width: 250 (int, range: 32-256)
   ğŸ”¢ image_height: 57 (int, range: 32-256)
   ğŸ“Š vfov_degrees: 55.5415 (linear, range: 20.0000-80.0000)
   ğŸ”¢ num_epochs: 19 (int, range: 3-100)
   ğŸ”¢ batch_size: 809 (int, range: 100-4000)
   ğŸ“ˆ initial_lr: 0.0816 (log scale, range: 0.0010-2.0000)
   ğŸ“Š opt_shape_scale: 0.9358 (linear, range: 0.5000-5.0000)
   ğŸ“Š lr_decay_p_thresh: 0.4749 (linear, range: 0.1000-0.9000)
   ğŸ”¢ lr_decay_window: 28 (int, range: 5-50)
   ğŸ”¢ lr_decay_p_window: 20 (int, range: 3-20)
   ğŸ“Š lr_decay_slope_less: -0.0058 (linear, range: -0.0100--0.0000)
   ğŸ”¢ lr_decay_max_drops: 10 (int, range: 2-30)
   ğŸ“Š beta2_exp: 2.5601 (linear, range: 0.5000-5.0000)
   ğŸ“Š beta3_exp: 0.9458 (linear, range: 0.0100-1.0000)
âœ… Sampled parameters: {'num_mixtures': 104, 'gmm_init_scale': np.float64(0.13880639863284455), 'rand_sphere_size': 20.695421523113698, 'num_views': 46, 'image_width': 250, 'image_height': 57, 'vfov_degrees': 55.54147661042373, 'num_epochs': 19, 'batch_size': 809, 'initial_lr': np.float64(0.08158658066955006), 'opt_shape_scale': 0.9357956723274565, 'lr_decay_p_thresh': 0.47491392590780024, 'lr_decay_window': 28, 'lr_decay_p_window': 20, 'lr_decay_slope_less': -0.0057723338074824665, 'lr_decay_max_drops': 10, 'beta2_exp': 2.560065007215681, 'beta3_exp': 0.9458076077506327}

ğŸ”¬ Running experiment...
ğŸ”§ Creating configuration for experiment 30
ğŸ“ Experiment directory: autotune_results/exp_0030
ğŸ’¾ Configuration saved to: autotune_results/exp_0030/config.yaml
ğŸ¯ Running experiment in TUNE_MODE (suppressed output)
ğŸš€ Starting Fuzzy Metaballs experiment...
âŒ Experiment 30 failed with return code 1
   Error: Traceback (most recent call last):
  File "/home/arijitdasgupta/fuzzy-metaballs/run_fmb.py", line 886, in <module>
    main()
  File "/home/arijitdasgupta/fuzzy-metaballs/run_fmb.py", line 250, in mai...

âŒ EXPERIMENT FAILED
   ğŸ¯ Total successful experiments: 0

ğŸ“ˆ OPTIMIZATION SUMMARY:
   âš ï¸  No successful experiments yet
   ğŸ“Š Total experiments: 31
   âœ… Successful experiments: 0
   ğŸ“ˆ Success rate: 0.0%

============================================================
ğŸ§ª EXPERIMENT 32/1000
============================================================
ğŸ§  Phase: Bayesian optimization (experiments 21+)

ğŸ“‹ Sampling parameters using bayesian method...
ğŸ² Sampling parameters using method: bayesian
   âš ï¸  Not enough results for Bayesian optimization (0 < 5), using random
ğŸ² Sampling parameters using method: random
   ğŸ“Š Using random sampling for exploration
   ğŸ”¢ num_mixtures: 42 (int, range: 10-200)
   ğŸ“ˆ gmm_init_scale: 2.3520 (log scale, range: 0.1000-10.0000)
   ğŸ“Š rand_sphere_size: 122.2631 (linear, range: 1.0000-200.0000)
   ğŸ”¢ num_views: 8 (int, range: 5-50)
   ğŸ”¢ image_width: 70 (int, range: 32-256)
   ğŸ”¢ image_height: 136 (int, range: 32-256)
   ğŸ“Š vfov_degrees: 28.9545 (linear, range: 20.0000-80.0000)
   ğŸ”¢ num_epochs: 53 (int, range: 3-100)
   ğŸ”¢ batch_size: 265 (int, range: 100-4000)
   ğŸ“ˆ initial_lr: 0.0046 (log scale, range: 0.0010-2.0000)
   ğŸ“Š opt_shape_scale: 1.5756 (linear, range: 0.5000-5.0000)
   ğŸ“Š lr_decay_p_thresh: 0.3134 (linear, range: 0.1000-0.9000)
   ğŸ”¢ lr_decay_window: 5 (int, range: 5-50)
   ğŸ”¢ lr_decay_p_window: 5 (int, range: 3-20)
   ğŸ“Š lr_decay_slope_less: -0.0058 (linear, range: -0.0100--0.0000)
   ğŸ”¢ lr_decay_max_drops: 5 (int, range: 2-30)
   ğŸ“Š beta2_exp: 0.9096 (linear, range: 0.5000-5.0000)
   ğŸ“Š beta3_exp: 0.6915 (linear, range: 0.0100-1.0000)
âœ… Sampled parameters: {'num_mixtures': 42, 'gmm_init_scale': np.float64(2.3519916013031072), 'rand_sphere_size': 122.26312950530881, 'num_views': 8, 'image_width': 70, 'image_height': 136, 'vfov_degrees': 28.954471154232902, 'num_epochs': 53, 'batch_size': 265, 'initial_lr': np.float64(0.004619266683784271), 'opt_shape_scale': 1.5756373932848426, 'lr_decay_p_thresh': 0.3134004983818214, 'lr_decay_window': 5, 'lr_decay_p_window': 5, 'lr_decay_slope_less': -0.005768341427472149, 'lr_decay_max_drops': 5, 'beta2_exp': 0.9096478266956429, 'beta3_exp': 0.6915312973986323}

ğŸ”¬ Running experiment...
ğŸ”§ Creating configuration for experiment 31
ğŸ“ Experiment directory: autotune_results/exp_0031
ğŸ’¾ Configuration saved to: autotune_results/exp_0031/config.yaml
ğŸ¯ Running experiment in TUNE_MODE (suppressed output)
ğŸš€ Starting Fuzzy Metaballs experiment...
âŒ Experiment 31 failed with return code 1
   Error: Traceback (most recent call last):
  File "/home/arijitdasgupta/fuzzy-metaballs/run_fmb.py", line 886, in <module>
    main()
  File "/home/arijitdasgupta/fuzzy-metaballs/run_fmb.py", line 250, in mai...

âŒ EXPERIMENT FAILED
   ğŸ¯ Total successful experiments: 0

ğŸ“ˆ OPTIMIZATION SUMMARY:
   âš ï¸  No successful experiments yet
   ğŸ“Š Total experiments: 32
   âœ… Successful experiments: 0
   ğŸ“ˆ Success rate: 0.0%

============================================================
ğŸ§ª EXPERIMENT 33/1000
============================================================
ğŸ§  Phase: Bayesian optimization (experiments 21+)

ğŸ“‹ Sampling parameters using bayesian method...
ğŸ² Sampling parameters using method: bayesian
   âš ï¸  Not enough results for Bayesian optimization (0 < 5), using random
ğŸ² Sampling parameters using method: random
   ğŸ“Š Using random sampling for exploration
   ğŸ”¢ num_mixtures: 177 (int, range: 10-200)
   ğŸ“ˆ gmm_init_scale: 0.5028 (log scale, range: 0.1000-10.0000)
   ğŸ“Š rand_sphere_size: 120.3926 (linear, range: 1.0000-200.0000)
   ğŸ”¢ num_views: 37 (int, range: 5-50)
   ğŸ”¢ image_width: 230 (int, range: 32-256)
   ğŸ”¢ image_height: 38 (int, range: 32-256)
   ğŸ“Š vfov_degrees: 33.6248 (linear, range: 20.0000-80.0000)
   ğŸ”¢ num_epochs: 53 (int, range: 3-100)
   ğŸ”¢ batch_size: 2600 (int, range: 100-4000)
   ğŸ“ˆ initial_lr: 0.0084 (log scale, range: 0.0010-2.0000)
   ğŸ“Š opt_shape_scale: 1.2765 (linear, range: 0.5000-5.0000)
   ğŸ“Š lr_decay_p_thresh: 0.5798 (linear, range: 0.1000-0.9000)
   ğŸ”¢ lr_decay_window: 26 (int, range: 5-50)
   ğŸ”¢ lr_decay_p_window: 18 (int, range: 3-20)
   ğŸ“Š lr_decay_slope_less: -0.0022 (linear, range: -0.0100--0.0000)
   ğŸ”¢ lr_decay_max_drops: 2 (int, range: 2-30)
   ğŸ“Š beta2_exp: 4.4130 (linear, range: 0.5000-5.0000)
   ğŸ“Š beta3_exp: 0.9471 (linear, range: 0.0100-1.0000)
âœ… Sampled parameters: {'num_mixtures': 177, 'gmm_init_scale': np.float64(0.5028275776711694), 'rand_sphere_size': 120.39260796972984, 'num_views': 37, 'image_width': 230, 'image_height': 38, 'vfov_degrees': 33.624791678959475, 'num_epochs': 53, 'batch_size': 2600, 'initial_lr': np.float64(0.008414026875975051), 'opt_shape_scale': 1.276491068655662, 'lr_decay_p_thresh': 0.5798116223024377, 'lr_decay_window': 26, 'lr_decay_p_window': 18, 'lr_decay_slope_less': -0.002245720657669356, 'lr_decay_max_drops': 2, 'beta2_exp': 4.41301944380604, 'beta3_exp': 0.9471235381817652}

ğŸ”¬ Running experiment...
ğŸ”§ Creating configuration for experiment 32
ğŸ“ Experiment directory: autotune_results/exp_0032
ğŸ’¾ Configuration saved to: autotune_results/exp_0032/config.yaml
ğŸ¯ Running experiment in TUNE_MODE (suppressed output)
ğŸš€ Starting Fuzzy Metaballs experiment...
âŒ Experiment 32 failed with return code 1
   Error: Traceback (most recent call last):
  File "/home/arijitdasgupta/fuzzy-metaballs/run_fmb.py", line 886, in <module>
    main()
  File "/home/arijitdasgupta/fuzzy-metaballs/run_fmb.py", line 250, in mai...

âŒ EXPERIMENT FAILED
   ğŸ¯ Total successful experiments: 0

ğŸ“ˆ OPTIMIZATION SUMMARY:
   âš ï¸  No successful experiments yet
   ğŸ“Š Total experiments: 33
   âœ… Successful experiments: 0
   ğŸ“ˆ Success rate: 0.0%

============================================================
ğŸ§ª EXPERIMENT 34/1000
============================================================
ğŸ§  Phase: Bayesian optimization (experiments 21+)

ğŸ“‹ Sampling parameters using bayesian method...
ğŸ² Sampling parameters using method: bayesian
   âš ï¸  Not enough results for Bayesian optimization (0 < 5), using random
ğŸ² Sampling parameters using method: random
   ğŸ“Š Using random sampling for exploration
   ğŸ”¢ num_mixtures: 35 (int, range: 10-200)
   ğŸ“ˆ gmm_init_scale: 0.4710 (log scale, range: 0.1000-10.0000)
   ğŸ“Š rand_sphere_size: 117.0766 (linear, range: 1.0000-200.0000)
   ğŸ”¢ num_views: 37 (int, range: 5-50)
   ğŸ”¢ image_width: 104 (int, range: 32-256)
   ğŸ”¢ image_height: 129 (int, range: 32-256)
   ğŸ“Š vfov_degrees: 29.9337 (linear, range: 20.0000-80.0000)
   ğŸ”¢ num_epochs: 45 (int, range: 3-100)
   ğŸ”¢ batch_size: 779 (int, range: 100-4000)
   ğŸ“ˆ initial_lr: 0.0133 (log scale, range: 0.0010-2.0000)
   ğŸ“Š opt_shape_scale: 1.4009 (linear, range: 0.5000-5.0000)
   ğŸ“Š lr_decay_p_thresh: 0.7261 (linear, range: 0.1000-0.9000)
   ğŸ”¢ lr_decay_window: 50 (int, range: 5-50)
   ğŸ”¢ lr_decay_p_window: 17 (int, range: 3-20)
   ğŸ“Š lr_decay_slope_less: -0.0040 (linear, range: -0.0100--0.0000)
   ğŸ”¢ lr_decay_max_drops: 27 (int, range: 2-30)
   ğŸ“Š beta2_exp: 2.6951 (linear, range: 0.5000-5.0000)
   ğŸ“Š beta3_exp: 0.9325 (linear, range: 0.0100-1.0000)
âœ… Sampled parameters: {'num_mixtures': 35, 'gmm_init_scale': np.float64(0.47098341655651693), 'rand_sphere_size': 117.07661344485157, 'num_views': 37, 'image_width': 104, 'image_height': 129, 'vfov_degrees': 29.93374180624387, 'num_epochs': 45, 'batch_size': 779, 'initial_lr': np.float64(0.013341792455212179), 'opt_shape_scale': 1.4008591165694098, 'lr_decay_p_thresh': 0.7261371699426618, 'lr_decay_window': 50, 'lr_decay_p_window': 17, 'lr_decay_slope_less': -0.003978153529966323, 'lr_decay_max_drops': 27, 'beta2_exp': 2.6951028027030963, 'beta3_exp': 0.9325368061727696}

ğŸ”¬ Running experiment...
ğŸ”§ Creating configuration for experiment 33
ğŸ“ Experiment directory: autotune_results/exp_0033
ğŸ’¾ Configuration saved to: autotune_results/exp_0033/config.yaml
ğŸ¯ Running experiment in TUNE_MODE (suppressed output)
ğŸš€ Starting Fuzzy Metaballs experiment...
âŒ Experiment 33 failed with return code 1
   Error: Traceback (most recent call last):
  File "/home/arijitdasgupta/fuzzy-metaballs/run_fmb.py", line 886, in <module>
    main()
  File "/home/arijitdasgupta/fuzzy-metaballs/run_fmb.py", line 250, in mai...

âŒ EXPERIMENT FAILED
   ğŸ¯ Total successful experiments: 0

ğŸ“ˆ OPTIMIZATION SUMMARY:
   âš ï¸  No successful experiments yet
   ğŸ“Š Total experiments: 34
   âœ… Successful experiments: 0
   ğŸ“ˆ Success rate: 0.0%

============================================================
ğŸ§ª EXPERIMENT 35/1000
============================================================
ğŸ§  Phase: Bayesian optimization (experiments 21+)

ğŸ“‹ Sampling parameters using bayesian method...
ğŸ² Sampling parameters using method: bayesian
   âš ï¸  Not enough results for Bayesian optimization (0 < 5), using random
ğŸ² Sampling parameters using method: random
   ğŸ“Š Using random sampling for exploration
   ğŸ”¢ num_mixtures: 129 (int, range: 10-200)
   ğŸ“ˆ gmm_init_scale: 0.8602 (log scale, range: 0.1000-10.0000)
   ğŸ“Š rand_sphere_size: 152.6759 (linear, range: 1.0000-200.0000)
   ğŸ”¢ num_views: 20 (int, range: 5-50)
   ğŸ”¢ image_width: 63 (int, range: 32-256)
   ğŸ”¢ image_height: 203 (int, range: 32-256)
   ğŸ“Š vfov_degrees: 30.0036 (linear, range: 20.0000-80.0000)
   ğŸ”¢ num_epochs: 42 (int, range: 3-100)
   ğŸ”¢ batch_size: 2795 (int, range: 100-4000)
   ğŸ“ˆ initial_lr: 0.0015 (log scale, range: 0.0010-2.0000)
   ğŸ“Š opt_shape_scale: 4.6493 (linear, range: 0.5000-5.0000)
   ğŸ“Š lr_decay_p_thresh: 0.5616 (linear, range: 0.1000-0.9000)
   ğŸ”¢ lr_decay_window: 30 (int, range: 5-50)
   ğŸ”¢ lr_decay_p_window: 3 (int, range: 3-20)
   ğŸ“Š lr_decay_slope_less: -0.0076 (linear, range: -0.0100--0.0000)
   ğŸ”¢ lr_decay_max_drops: 3 (int, range: 2-30)
   ğŸ“Š beta2_exp: 0.8517 (linear, range: 0.5000-5.0000)
   ğŸ“Š beta3_exp: 0.4682 (linear, range: 0.0100-1.0000)
âœ… Sampled parameters: {'num_mixtures': 129, 'gmm_init_scale': np.float64(0.8601908829489463), 'rand_sphere_size': 152.67592171403572, 'num_views': 20, 'image_width': 63, 'image_height': 203, 'vfov_degrees': 30.003606570475572, 'num_epochs': 42, 'batch_size': 2795, 'initial_lr': np.float64(0.0015215351267292689), 'opt_shape_scale': 4.649257264906351, 'lr_decay_p_thresh': 0.5615582070700348, 'lr_decay_window': 30, 'lr_decay_p_window': 3, 'lr_decay_slope_less': -0.007598175535880198, 'lr_decay_max_drops': 3, 'beta2_exp': 0.851686116909096, 'beta3_exp': 0.4681874898000041}

ğŸ”¬ Running experiment...
ğŸ”§ Creating configuration for experiment 34
ğŸ“ Experiment directory: autotune_results/exp_0034
ğŸ’¾ Configuration saved to: autotune_results/exp_0034/config.yaml
ğŸ¯ Running experiment in TUNE_MODE (suppressed output)
ğŸš€ Starting Fuzzy Metaballs experiment...
âŒ Experiment 34 failed with return code 1
   Error: Traceback (most recent call last):
  File "/home/arijitdasgupta/fuzzy-metaballs/run_fmb.py", line 886, in <module>
    main()
  File "/home/arijitdasgupta/fuzzy-metaballs/run_fmb.py", line 250, in mai...

âŒ EXPERIMENT FAILED
   ğŸ¯ Total successful experiments: 0

ğŸ“ˆ OPTIMIZATION SUMMARY:
   âš ï¸  No successful experiments yet
   ğŸ“Š Total experiments: 35
   âœ… Successful experiments: 0
   ğŸ“ˆ Success rate: 0.0%

============================================================
ğŸ§ª EXPERIMENT 36/1000
============================================================
ğŸ§  Phase: Bayesian optimization (experiments 21+)

ğŸ“‹ Sampling parameters using bayesian method...
ğŸ² Sampling parameters using method: bayesian
   âš ï¸  Not enough results for Bayesian optimization (0 < 5), using random
ğŸ² Sampling parameters using method: random
   ğŸ“Š Using random sampling for exploration
   ğŸ”¢ num_mixtures: 91 (int, range: 10-200)
   ğŸ“ˆ gmm_init_scale: 0.4111 (log scale, range: 0.1000-10.0000)
   ğŸ“Š rand_sphere_size: 178.4190 (linear, range: 1.0000-200.0000)
   ğŸ”¢ num_views: 44 (int, range: 5-50)
   ğŸ”¢ image_width: 215 (int, range: 32-256)
   ğŸ”¢ image_height: 201 (int, range: 32-256)
   ğŸ“Š vfov_degrees: 24.9921 (linear, range: 20.0000-80.0000)
   ğŸ”¢ num_epochs: 15 (int, range: 3-100)
   ğŸ”¢ batch_size: 1122 (int, range: 100-4000)
   ğŸ“ˆ initial_lr: 0.0015 (log scale, range: 0.0010-2.0000)
   ğŸ“Š opt_shape_scale: 4.6356 (linear, range: 0.5000-5.0000)
   ğŸ“Š lr_decay_p_thresh: 0.7173 (linear, range: 0.1000-0.9000)
   ğŸ”¢ lr_decay_window: 19 (int, range: 5-50)
   ğŸ”¢ lr_decay_p_window: 9 (int, range: 3-20)
   ğŸ“Š lr_decay_slope_less: -0.0053 (linear, range: -0.0100--0.0000)
   ğŸ”¢ lr_decay_max_drops: 18 (int, range: 2-30)
   ğŸ“Š beta2_exp: 4.8142 (linear, range: 0.5000-5.0000)
   ğŸ“Š beta3_exp: 0.1670 (linear, range: 0.0100-1.0000)
âœ… Sampled parameters: {'num_mixtures': 91, 'gmm_init_scale': np.float64(0.4111021826563687), 'rand_sphere_size': 178.4190095554039, 'num_views': 44, 'image_width': 215, 'image_height': 201, 'vfov_degrees': 24.99207865094646, 'num_epochs': 15, 'batch_size': 1122, 'initial_lr': np.float64(0.0015416522629145783), 'opt_shape_scale': 4.635566591539508, 'lr_decay_p_thresh': 0.7173470814095158, 'lr_decay_window': 19, 'lr_decay_p_window': 9, 'lr_decay_slope_less': -0.0053390762052568826, 'lr_decay_max_drops': 18, 'beta2_exp': 4.814161697141419, 'beta3_exp': 0.1670007559645583}

ğŸ”¬ Running experiment...
ğŸ”§ Creating configuration for experiment 35
ğŸ“ Experiment directory: autotune_results/exp_0035
ğŸ’¾ Configuration saved to: autotune_results/exp_0035/config.yaml
ğŸ¯ Running experiment in TUNE_MODE (suppressed output)
ğŸš€ Starting Fuzzy Metaballs experiment...
âŒ Experiment 35 failed with return code 1
   Error: Traceback (most recent call last):
  File "/home/arijitdasgupta/fuzzy-metaballs/run_fmb.py", line 886, in <module>
    main()
  File "/home/arijitdasgupta/fuzzy-metaballs/run_fmb.py", line 250, in mai...

âŒ EXPERIMENT FAILED
   ğŸ¯ Total successful experiments: 0

ğŸ“ˆ OPTIMIZATION SUMMARY:
   âš ï¸  No successful experiments yet
   ğŸ“Š Total experiments: 36
   âœ… Successful experiments: 0
   ğŸ“ˆ Success rate: 0.0%

============================================================
ğŸ§ª EXPERIMENT 37/1000
============================================================
ğŸ§  Phase: Bayesian optimization (experiments 21+)

ğŸ“‹ Sampling parameters using bayesian method...
ğŸ² Sampling parameters using method: bayesian
   âš ï¸  Not enough results for Bayesian optimization (0 < 5), using random
ğŸ² Sampling parameters using method: random
   ğŸ“Š Using random sampling for exploration
   ğŸ”¢ num_mixtures: 36 (int, range: 10-200)
   ğŸ“ˆ gmm_init_scale: 0.5911 (log scale, range: 0.1000-10.0000)
   ğŸ“Š rand_sphere_size: 171.9138 (linear, range: 1.0000-200.0000)
   ğŸ”¢ num_views: 49 (int, range: 5-50)
   ğŸ”¢ image_width: 164 (int, range: 32-256)
   ğŸ”¢ image_height: 36 (int, range: 32-256)
   ğŸ“Š vfov_degrees: 55.0452 (linear, range: 20.0000-80.0000)
   ğŸ”¢ num_epochs: 40 (int, range: 3-100)
   ğŸ”¢ batch_size: 3825 (int, range: 100-4000)
   ğŸ“ˆ initial_lr: 0.0047 (log scale, range: 0.0010-2.0000)
   ğŸ“Š opt_shape_scale: 0.8190 (linear, range: 0.5000-5.0000)
   ğŸ“Š lr_decay_p_thresh: 0.5193 (linear, range: 0.1000-0.9000)
   ğŸ”¢ lr_decay_window: 49 (int, range: 5-50)
   ğŸ”¢ lr_decay_p_window: 15 (int, range: 3-20)
   ğŸ“Š lr_decay_slope_less: -0.0100 (linear, range: -0.0100--0.0000)
   ğŸ”¢ lr_decay_max_drops: 15 (int, range: 2-30)
   ğŸ“Š beta2_exp: 4.4428 (linear, range: 0.5000-5.0000)
   ğŸ“Š beta3_exp: 0.8084 (linear, range: 0.0100-1.0000)
âœ… Sampled parameters: {'num_mixtures': 36, 'gmm_init_scale': np.float64(0.5911485729044565), 'rand_sphere_size': 171.91383738279464, 'num_views': 49, 'image_width': 164, 'image_height': 36, 'vfov_degrees': 55.04516413432232, 'num_epochs': 40, 'batch_size': 3825, 'initial_lr': np.float64(0.004729546784998487), 'opt_shape_scale': 0.8189873560108348, 'lr_decay_p_thresh': 0.5193219561119523, 'lr_decay_window': 49, 'lr_decay_p_window': 15, 'lr_decay_slope_less': -0.009972340778629473, 'lr_decay_max_drops': 15, 'beta2_exp': 4.442846354786317, 'beta3_exp': 0.8084238731259934}

ğŸ”¬ Running experiment...
ğŸ”§ Creating configuration for experiment 36
ğŸ“ Experiment directory: autotune_results/exp_0036
ğŸ’¾ Configuration saved to: autotune_results/exp_0036/config.yaml
ğŸ¯ Running experiment in TUNE_MODE (suppressed output)
ğŸš€ Starting Fuzzy Metaballs experiment...
âŒ Experiment 36 failed with return code 1
   Error: Traceback (most recent call last):
  File "/home/arijitdasgupta/fuzzy-metaballs/run_fmb.py", line 886, in <module>
    main()
  File "/home/arijitdasgupta/fuzzy-metaballs/run_fmb.py", line 250, in mai...

âŒ EXPERIMENT FAILED
   ğŸ¯ Total successful experiments: 0

ğŸ“ˆ OPTIMIZATION SUMMARY:
   âš ï¸  No successful experiments yet
   ğŸ“Š Total experiments: 37
   âœ… Successful experiments: 0
   ğŸ“ˆ Success rate: 0.0%

============================================================
ğŸ§ª EXPERIMENT 38/1000
============================================================
ğŸ§  Phase: Bayesian optimization (experiments 21+)

ğŸ“‹ Sampling parameters using bayesian method...
ğŸ² Sampling parameters using method: bayesian
   âš ï¸  Not enough results for Bayesian optimization (0 < 5), using random
ğŸ² Sampling parameters using method: random
   ğŸ“Š Using random sampling for exploration
   ğŸ”¢ num_mixtures: 172 (int, range: 10-200)
   ğŸ“ˆ gmm_init_scale: 0.6281 (log scale, range: 0.1000-10.0000)
   ğŸ“Š rand_sphere_size: 130.1725 (linear, range: 1.0000-200.0000)
   ğŸ”¢ num_views: 15 (int, range: 5-50)
   ğŸ”¢ image_width: 85 (int, range: 32-256)
   ğŸ”¢ image_height: 113 (int, range: 32-256)
   ğŸ“Š vfov_degrees: 52.8551 (linear, range: 20.0000-80.0000)
   ğŸ”¢ num_epochs: 65 (int, range: 3-100)
   ğŸ”¢ batch_size: 595 (int, range: 100-4000)
   ğŸ“ˆ initial_lr: 0.2775 (log scale, range: 0.0010-2.0000)
   ğŸ“Š opt_shape_scale: 3.6760 (linear, range: 0.5000-5.0000)
   ğŸ“Š lr_decay_p_thresh: 0.1349 (linear, range: 0.1000-0.9000)
   ğŸ”¢ lr_decay_window: 24 (int, range: 5-50)
   ğŸ”¢ lr_decay_p_window: 17 (int, range: 3-20)
   ğŸ“Š lr_decay_slope_less: -0.0023 (linear, range: -0.0100--0.0000)
   ğŸ”¢ lr_decay_max_drops: 10 (int, range: 2-30)
   ğŸ“Š beta2_exp: 3.8944 (linear, range: 0.5000-5.0000)
   ğŸ“Š beta3_exp: 0.5498 (linear, range: 0.0100-1.0000)
âœ… Sampled parameters: {'num_mixtures': 172, 'gmm_init_scale': np.float64(0.6281248452581949), 'rand_sphere_size': 130.17245944209185, 'num_views': 15, 'image_width': 85, 'image_height': 113, 'vfov_degrees': 52.855100849207034, 'num_epochs': 65, 'batch_size': 595, 'initial_lr': np.float64(0.2775302792187951), 'opt_shape_scale': 3.676012381001084, 'lr_decay_p_thresh': 0.13488569647110904, 'lr_decay_window': 24, 'lr_decay_p_window': 17, 'lr_decay_slope_less': -0.0022939865495464574, 'lr_decay_max_drops': 10, 'beta2_exp': 3.8944105721081006, 'beta3_exp': 0.5497819562569904}

ğŸ”¬ Running experiment...
ğŸ”§ Creating configuration for experiment 37
ğŸ“ Experiment directory: autotune_results/exp_0037
ğŸ’¾ Configuration saved to: autotune_results/exp_0037/config.yaml
ğŸ¯ Running experiment in TUNE_MODE (suppressed output)
ğŸš€ Starting Fuzzy Metaballs experiment...
âŒ Experiment 37 failed with return code 1
   Error: Traceback (most recent call last):
  File "/home/arijitdasgupta/fuzzy-metaballs/run_fmb.py", line 886, in <module>
    main()
  File "/home/arijitdasgupta/fuzzy-metaballs/run_fmb.py", line 250, in mai...

âŒ EXPERIMENT FAILED
   ğŸ¯ Total successful experiments: 0

ğŸ“ˆ OPTIMIZATION SUMMARY:
   âš ï¸  No successful experiments yet
   ğŸ“Š Total experiments: 38
   âœ… Successful experiments: 0
   ğŸ“ˆ Success rate: 0.0%

============================================================
ğŸ§ª EXPERIMENT 39/1000
============================================================
ğŸ§  Phase: Bayesian optimization (experiments 21+)

ğŸ“‹ Sampling parameters using bayesian method...
ğŸ² Sampling parameters using method: bayesian
   âš ï¸  Not enough results for Bayesian optimization (0 < 5), using random
ğŸ² Sampling parameters using method: random
   ğŸ“Š Using random sampling for exploration
   ğŸ”¢ num_mixtures: 119 (int, range: 10-200)
   ğŸ“ˆ gmm_init_scale: 0.1947 (log scale, range: 0.1000-10.0000)
   ğŸ“Š rand_sphere_size: 14.7847 (linear, range: 1.0000-200.0000)
   ğŸ”¢ num_views: 28 (int, range: 5-50)
   ğŸ”¢ image_width: 118 (int, range: 32-256)
   ğŸ”¢ image_height: 180 (int, range: 32-256)
   ğŸ“Š vfov_degrees: 48.7175 (linear, range: 20.0000-80.0000)
   ğŸ”¢ num_epochs: 37 (int, range: 3-100)
   ğŸ”¢ batch_size: 1799 (int, range: 100-4000)
   ğŸ“ˆ initial_lr: 0.0348 (log scale, range: 0.0010-2.0000)
   ğŸ“Š opt_shape_scale: 2.0874 (linear, range: 0.5000-5.0000)
   ğŸ“Š lr_decay_p_thresh: 0.4299 (linear, range: 0.1000-0.9000)
   ğŸ”¢ lr_decay_window: 17 (int, range: 5-50)
   ğŸ”¢ lr_decay_p_window: 15 (int, range: 3-20)
   ğŸ“Š lr_decay_slope_less: -0.0097 (linear, range: -0.0100--0.0000)
   ğŸ”¢ lr_decay_max_drops: 15 (int, range: 2-30)
   ğŸ“Š beta2_exp: 2.8059 (linear, range: 0.5000-5.0000)
   ğŸ“Š beta3_exp: 0.6630 (linear, range: 0.0100-1.0000)
âœ… Sampled parameters: {'num_mixtures': 119, 'gmm_init_scale': np.float64(0.1947225076539749), 'rand_sphere_size': 14.78472817913393, 'num_views': 28, 'image_width': 118, 'image_height': 180, 'vfov_degrees': 48.71752265605594, 'num_epochs': 37, 'batch_size': 1799, 'initial_lr': np.float64(0.03476461256429151), 'opt_shape_scale': 2.0873983218491583, 'lr_decay_p_thresh': 0.4298730384494115, 'lr_decay_window': 17, 'lr_decay_p_window': 15, 'lr_decay_slope_less': -0.00972492529140867, 'lr_decay_max_drops': 15, 'beta2_exp': 2.8059011981173483, 'beta3_exp': 0.6629514467495078}

ğŸ”¬ Running experiment...
ğŸ”§ Creating configuration for experiment 38
ğŸ“ Experiment directory: autotune_results/exp_0038
ğŸ’¾ Configuration saved to: autotune_results/exp_0038/config.yaml
ğŸ¯ Running experiment in TUNE_MODE (suppressed output)
ğŸš€ Starting Fuzzy Metaballs experiment...
âŒ Experiment 38 failed with return code 1
   Error: Traceback (most recent call last):
  File "/home/arijitdasgupta/fuzzy-metaballs/run_fmb.py", line 886, in <module>
    main()
  File "/home/arijitdasgupta/fuzzy-metaballs/run_fmb.py", line 250, in mai...

âŒ EXPERIMENT FAILED
   ğŸ¯ Total successful experiments: 0

ğŸ“ˆ OPTIMIZATION SUMMARY:
   âš ï¸  No successful experiments yet
   ğŸ“Š Total experiments: 39
   âœ… Successful experiments: 0
   ğŸ“ˆ Success rate: 0.0%

============================================================
ğŸ§ª EXPERIMENT 40/1000
============================================================
ğŸ§  Phase: Bayesian optimization (experiments 21+)

ğŸ“‹ Sampling parameters using bayesian method...
ğŸ² Sampling parameters using method: bayesian
   âš ï¸  Not enough results for Bayesian optimization (0 < 5), using random
ğŸ² Sampling parameters using method: random
   ğŸ“Š Using random sampling for exploration
   ğŸ”¢ num_mixtures: 48 (int, range: 10-200)
   ğŸ“ˆ gmm_init_scale: 0.9804 (log scale, range: 0.1000-10.0000)
   ğŸ“Š rand_sphere_size: 103.7906 (linear, range: 1.0000-200.0000)
   ğŸ”¢ num_views: 42 (int, range: 5-50)
   ğŸ”¢ image_width: 173 (int, range: 32-256)
   ğŸ”¢ image_height: 219 (int, range: 32-256)
   ğŸ“Š vfov_degrees: 47.8141 (linear, range: 20.0000-80.0000)
   ğŸ”¢ num_epochs: 58 (int, range: 3-100)
   ğŸ”¢ batch_size: 1554 (int, range: 100-4000)
   ğŸ“ˆ initial_lr: 0.6761 (log scale, range: 0.0010-2.0000)
   ğŸ“Š opt_shape_scale: 2.2547 (linear, range: 0.5000-5.0000)
   ğŸ“Š lr_decay_p_thresh: 0.7419 (linear, range: 0.1000-0.9000)
   ğŸ”¢ lr_decay_window: 27 (int, range: 5-50)
   ğŸ”¢ lr_decay_p_window: 3 (int, range: 3-20)
   ğŸ“Š lr_decay_slope_less: -0.0079 (linear, range: -0.0100--0.0000)
   ğŸ”¢ lr_decay_max_drops: 19 (int, range: 2-30)
   ğŸ“Š beta2_exp: 1.6658 (linear, range: 0.5000-5.0000)
   ğŸ“Š beta3_exp: 0.5669 (linear, range: 0.0100-1.0000)
âœ… Sampled parameters: {'num_mixtures': 48, 'gmm_init_scale': np.float64(0.9804380133993966), 'rand_sphere_size': 103.79057245793365, 'num_views': 42, 'image_width': 173, 'image_height': 219, 'vfov_degrees': 47.81407162844123, 'num_epochs': 58, 'batch_size': 1554, 'initial_lr': np.float64(0.6760846285958628), 'opt_shape_scale': 2.254681018636002, 'lr_decay_p_thresh': 0.7419402280882451, 'lr_decay_window': 27, 'lr_decay_p_window': 3, 'lr_decay_slope_less': -0.007852399829342705, 'lr_decay_max_drops': 19, 'beta2_exp': 1.6657987761053663, 'beta3_exp': 0.56686652749573}

ğŸ”¬ Running experiment...
ğŸ”§ Creating configuration for experiment 39
ğŸ“ Experiment directory: autotune_results/exp_0039
ğŸ’¾ Configuration saved to: autotune_results/exp_0039/config.yaml
ğŸ¯ Running experiment in TUNE_MODE (suppressed output)
ğŸš€ Starting Fuzzy Metaballs experiment...
âŒ Experiment 39 failed with return code 1
   Error: Traceback (most recent call last):
  File "/home/arijitdasgupta/fuzzy-metaballs/run_fmb.py", line 886, in <module>
    main()
  File "/home/arijitdasgupta/fuzzy-metaballs/run_fmb.py", line 250, in mai...

âŒ EXPERIMENT FAILED
   ğŸ¯ Total successful experiments: 0

ğŸ’¾ SAVING RESULTS (checkpoint 40)
   âœ… Results saved to: autotune_results
   ğŸ“Š Progress plot updated

ğŸ“ˆ OPTIMIZATION SUMMARY:
   âš ï¸  No successful experiments yet
   ğŸ“Š Total experiments: 40
   âœ… Successful experiments: 0
   ğŸ“ˆ Success rate: 0.0%

============================================================
ğŸ§ª EXPERIMENT 41/1000
============================================================
ğŸ§  Phase: Bayesian optimization (experiments 21+)

ğŸ“‹ Sampling parameters using bayesian method...
ğŸ² Sampling parameters using method: bayesian
   âš ï¸  Not enough results for Bayesian optimization (0 < 5), using random
ğŸ² Sampling parameters using method: random
   ğŸ“Š Using random sampling for exploration
   ğŸ”¢ num_mixtures: 34 (int, range: 10-200)
   ğŸ“ˆ gmm_init_scale: 0.1425 (log scale, range: 0.1000-10.0000)
   ğŸ“Š rand_sphere_size: 173.7099 (linear, range: 1.0000-200.0000)
   ğŸ”¢ num_views: 33 (int, range: 5-50)
   ğŸ”¢ image_width: 33 (int, range: 32-256)
   ğŸ”¢ image_height: 169 (int, range: 32-256)
   ğŸ“Š vfov_degrees: 54.8487 (linear, range: 20.0000-80.0000)
   ğŸ”¢ num_epochs: 18 (int, range: 3-100)
   ğŸ”¢ batch_size: 736 (int, range: 100-4000)
   ğŸ“ˆ initial_lr: 1.1674 (log scale, range: 0.0010-2.0000)
   ğŸ“Š opt_shape_scale: 2.9690 (linear, range: 0.5000-5.0000)
   ğŸ“Š lr_decay_p_thresh: 0.7238 (linear, range: 0.1000-0.9000)
   ğŸ”¢ lr_decay_window: 11 (int, range: 5-50)
   ğŸ”¢ lr_decay_p_window: 14 (int, range: 3-20)
   ğŸ“Š lr_decay_slope_less: -0.0038 (linear, range: -0.0100--0.0000)
   ğŸ”¢ lr_decay_max_drops: 18 (int, range: 2-30)
   ğŸ“Š beta2_exp: 4.7748 (linear, range: 0.5000-5.0000)
   ğŸ“Š beta3_exp: 0.8991 (linear, range: 0.0100-1.0000)
âœ… Sampled parameters: {'num_mixtures': 34, 'gmm_init_scale': np.float64(0.14249757224445833), 'rand_sphere_size': 173.70987369305658, 'num_views': 33, 'image_width': 33, 'image_height': 169, 'vfov_degrees': 54.84866841536749, 'num_epochs': 18, 'batch_size': 736, 'initial_lr': np.float64(1.1674044678135258), 'opt_shape_scale': 2.969002413972472, 'lr_decay_p_thresh': 0.7238266145770592, 'lr_decay_window': 11, 'lr_decay_p_window': 14, 'lr_decay_slope_less': -0.0038417959083225347, 'lr_decay_max_drops': 18, 'beta2_exp': 4.774791165933626, 'beta3_exp': 0.8991391750005309}

ğŸ”¬ Running experiment...
ğŸ”§ Creating configuration for experiment 40
ğŸ“ Experiment directory: autotune_results/exp_0040
ğŸ’¾ Configuration saved to: autotune_results/exp_0040/config.yaml
ğŸ¯ Running experiment in TUNE_MODE (suppressed output)
ğŸš€ Starting Fuzzy Metaballs experiment...
âŒ Experiment 40 failed with return code 1
   Error: Traceback (most recent call last):
  File "/home/arijitdasgupta/fuzzy-metaballs/run_fmb.py", line 886, in <module>
    main()
  File "/home/arijitdasgupta/fuzzy-metaballs/run_fmb.py", line 250, in mai...

âŒ EXPERIMENT FAILED
   ğŸ¯ Total successful experiments: 0

ğŸ“ˆ OPTIMIZATION SUMMARY:
   âš ï¸  No successful experiments yet
   ğŸ“Š Total experiments: 41
   âœ… Successful experiments: 0
   ğŸ“ˆ Success rate: 0.0%

============================================================
ğŸ§ª EXPERIMENT 42/1000
============================================================
ğŸ§  Phase: Bayesian optimization (experiments 21+)

ğŸ“‹ Sampling parameters using bayesian method...
ğŸ² Sampling parameters using method: bayesian
   âš ï¸  Not enough results for Bayesian optimization (0 < 5), using random
ğŸ² Sampling parameters using method: random
   ğŸ“Š Using random sampling for exploration
   ğŸ”¢ num_mixtures: 16 (int, range: 10-200)
   ğŸ“ˆ gmm_init_scale: 8.3047 (log scale, range: 0.1000-10.0000)
   ğŸ“Š rand_sphere_size: 100.8133 (linear, range: 1.0000-200.0000)
   ğŸ”¢ num_views: 45 (int, range: 5-50)
   ğŸ”¢ image_width: 114 (int, range: 32-256)
   ğŸ”¢ image_height: 70 (int, range: 32-256)
   ğŸ“Š vfov_degrees: 66.4289 (linear, range: 20.0000-80.0000)
   ğŸ”¢ num_epochs: 50 (int, range: 3-100)
   ğŸ”¢ batch_size: 3787 (int, range: 100-4000)
   ğŸ“ˆ initial_lr: 0.0121 (log scale, range: 0.0010-2.0000)
   ğŸ“Š opt_shape_scale: 3.1653 (linear, range: 0.5000-5.0000)
   ğŸ“Š lr_decay_p_thresh: 0.3629 (linear, range: 0.1000-0.9000)
   ğŸ”¢ lr_decay_window: 11 (int, range: 5-50)
   ğŸ”¢ lr_decay_p_window: 11 (int, range: 3-20)
   ğŸ“Š lr_decay_slope_less: -0.0076 (linear, range: -0.0100--0.0000)
   ğŸ”¢ lr_decay_max_drops: 19 (int, range: 2-30)
   ğŸ“Š beta2_exp: 2.2879 (linear, range: 0.5000-5.0000)
   ğŸ“Š beta3_exp: 0.7785 (linear, range: 0.0100-1.0000)
âœ… Sampled parameters: {'num_mixtures': 16, 'gmm_init_scale': np.float64(8.304676449931788), 'rand_sphere_size': 100.813281843548, 'num_views': 45, 'image_width': 114, 'image_height': 70, 'vfov_degrees': 66.42887098025234, 'num_epochs': 50, 'batch_size': 3787, 'initial_lr': np.float64(0.012059357101039616), 'opt_shape_scale': 3.165274563202602, 'lr_decay_p_thresh': 0.3628622780871166, 'lr_decay_window': 11, 'lr_decay_p_window': 11, 'lr_decay_slope_less': -0.007560055187601676, 'lr_decay_max_drops': 19, 'beta2_exp': 2.287910094376049, 'beta3_exp': 0.7784948889177374}

ğŸ”¬ Running experiment...
ğŸ”§ Creating configuration for experiment 41
ğŸ“ Experiment directory: autotune_results/exp_0041
ğŸ’¾ Configuration saved to: autotune_results/exp_0041/config.yaml
ğŸ¯ Running experiment in TUNE_MODE (suppressed output)
ğŸš€ Starting Fuzzy Metaballs experiment...
âŒ Experiment 41 failed with return code 1
   Error: Traceback (most recent call last):
  File "/home/arijitdasgupta/fuzzy-metaballs/run_fmb.py", line 886, in <module>
    main()
  File "/home/arijitdasgupta/fuzzy-metaballs/run_fmb.py", line 250, in mai...

âŒ EXPERIMENT FAILED
   ğŸ¯ Total successful experiments: 0

ğŸ“ˆ OPTIMIZATION SUMMARY:
   âš ï¸  No successful experiments yet
   ğŸ“Š Total experiments: 42
   âœ… Successful experiments: 0
   ğŸ“ˆ Success rate: 0.0%

============================================================
ğŸ§ª EXPERIMENT 43/1000
============================================================
ğŸ§  Phase: Bayesian optimization (experiments 21+)

ğŸ“‹ Sampling parameters using bayesian method...
ğŸ² Sampling parameters using method: bayesian
   âš ï¸  Not enough results for Bayesian optimization (0 < 5), using random
ğŸ² Sampling parameters using method: random
   ğŸ“Š Using random sampling for exploration
   ğŸ”¢ num_mixtures: 122 (int, range: 10-200)
   ğŸ“ˆ gmm_init_scale: 3.3573 (log scale, range: 0.1000-10.0000)
   ğŸ“Š rand_sphere_size: 19.3853 (linear, range: 1.0000-200.0000)
   ğŸ”¢ num_views: 39 (int, range: 5-50)
   ğŸ”¢ image_width: 205 (int, range: 32-256)
   ğŸ”¢ image_height: 116 (int, range: 32-256)
   ğŸ“Š vfov_degrees: 21.1901 (linear, range: 20.0000-80.0000)
   ğŸ”¢ num_epochs: 62 (int, range: 3-100)
   ğŸ”¢ batch_size: 3662 (int, range: 100-4000)
   ğŸ“ˆ initial_lr: 0.1961 (log scale, range: 0.0010-2.0000)
   ğŸ“Š opt_shape_scale: 2.7419 (linear, range: 0.5000-5.0000)
   ğŸ“Š lr_decay_p_thresh: 0.7379 (linear, range: 0.1000-0.9000)
   ğŸ”¢ lr_decay_window: 34 (int, range: 5-50)
   ğŸ”¢ lr_decay_p_window: 12 (int, range: 3-20)
   ğŸ“Š lr_decay_slope_less: -0.0049 (linear, range: -0.0100--0.0000)
   ğŸ”¢ lr_decay_max_drops: 13 (int, range: 2-30)
   ğŸ“Š beta2_exp: 3.3679 (linear, range: 0.5000-5.0000)
   ğŸ“Š beta3_exp: 0.3801 (linear, range: 0.0100-1.0000)
âœ… Sampled parameters: {'num_mixtures': 122, 'gmm_init_scale': np.float64(3.3573470060032786), 'rand_sphere_size': 19.385260126117082, 'num_views': 39, 'image_width': 205, 'image_height': 116, 'vfov_degrees': 21.190078844081654, 'num_epochs': 62, 'batch_size': 3662, 'initial_lr': np.float64(0.1960907874752509), 'opt_shape_scale': 2.7419283790085673, 'lr_decay_p_thresh': 0.7378548395313359, 'lr_decay_window': 34, 'lr_decay_p_window': 12, 'lr_decay_slope_less': -0.004923112095669162, 'lr_decay_max_drops': 13, 'beta2_exp': 3.3678858926801745, 'beta3_exp': 0.3800730510884381}

ğŸ”¬ Running experiment...
ğŸ”§ Creating configuration for experiment 42
ğŸ“ Experiment directory: autotune_results/exp_0042
ğŸ’¾ Configuration saved to: autotune_results/exp_0042/config.yaml
ğŸ¯ Running experiment in TUNE_MODE (suppressed output)
ğŸš€ Starting Fuzzy Metaballs experiment...
âŒ Experiment 42 failed with return code 1
   Error: Traceback (most recent call last):
  File "/home/arijitdasgupta/fuzzy-metaballs/run_fmb.py", line 886, in <module>
    main()
  File "/home/arijitdasgupta/fuzzy-metaballs/run_fmb.py", line 250, in mai...

âŒ EXPERIMENT FAILED
   ğŸ¯ Total successful experiments: 0

ğŸ“ˆ OPTIMIZATION SUMMARY:
   âš ï¸  No successful experiments yet
   ğŸ“Š Total experiments: 43
   âœ… Successful experiments: 0
   ğŸ“ˆ Success rate: 0.0%

============================================================
ğŸ§ª EXPERIMENT 44/1000
============================================================
ğŸ§  Phase: Bayesian optimization (experiments 21+)

ğŸ“‹ Sampling parameters using bayesian method...
ğŸ² Sampling parameters using method: bayesian
   âš ï¸  Not enough results for Bayesian optimization (0 < 5), using random
ğŸ² Sampling parameters using method: random
   ğŸ“Š Using random sampling for exploration
   ğŸ”¢ num_mixtures: 179 (int, range: 10-200)
   ğŸ“ˆ gmm_init_scale: 0.1255 (log scale, range: 0.1000-10.0000)
   ğŸ“Š rand_sphere_size: 110.4012 (linear, range: 1.0000-200.0000)
   ğŸ”¢ num_views: 18 (int, range: 5-50)
   ğŸ”¢ image_width: 135 (int, range: 32-256)
   ğŸ”¢ image_height: 175 (int, range: 32-256)
   ğŸ“Š vfov_degrees: 30.1880 (linear, range: 20.0000-80.0000)
   ğŸ”¢ num_epochs: 4 (int, range: 3-100)
   ğŸ”¢ batch_size: 3913 (int, range: 100-4000)
   ğŸ“ˆ initial_lr: 0.6109 (log scale, range: 0.0010-2.0000)
   ğŸ“Š opt_shape_scale: 0.8940 (linear, range: 0.5000-5.0000)
   ğŸ“Š lr_decay_p_thresh: 0.7356 (linear, range: 0.1000-0.9000)
   ğŸ”¢ lr_decay_window: 7 (int, range: 5-50)
   ğŸ”¢ lr_decay_p_window: 20 (int, range: 3-20)
   ğŸ“Š lr_decay_slope_less: -0.0045 (linear, range: -0.0100--0.0000)
   ğŸ”¢ lr_decay_max_drops: 20 (int, range: 2-30)
   ğŸ“Š beta2_exp: 0.6734 (linear, range: 0.5000-5.0000)
   ğŸ“Š beta3_exp: 0.9087 (linear, range: 0.0100-1.0000)
âœ… Sampled parameters: {'num_mixtures': 179, 'gmm_init_scale': np.float64(0.12552874452764473), 'rand_sphere_size': 110.40124723170881, 'num_views': 18, 'image_width': 135, 'image_height': 175, 'vfov_degrees': 30.188040880510453, 'num_epochs': 4, 'batch_size': 3913, 'initial_lr': np.float64(0.610872966720713), 'opt_shape_scale': 0.8939801723310405, 'lr_decay_p_thresh': 0.7355788323168696, 'lr_decay_window': 7, 'lr_decay_p_window': 20, 'lr_decay_slope_less': -0.004454679442148143, 'lr_decay_max_drops': 20, 'beta2_exp': 0.6733926386510665, 'beta3_exp': 0.9087436309773234}

ğŸ”¬ Running experiment...
ğŸ”§ Creating configuration for experiment 43
ğŸ“ Experiment directory: autotune_results/exp_0043
ğŸ’¾ Configuration saved to: autotune_results/exp_0043/config.yaml
ğŸ¯ Running experiment in TUNE_MODE (suppressed output)
ğŸš€ Starting Fuzzy Metaballs experiment...
âŒ Experiment 43 failed with return code 1
   Error: Traceback (most recent call last):
  File "/home/arijitdasgupta/fuzzy-metaballs/run_fmb.py", line 886, in <module>
    main()
  File "/home/arijitdasgupta/fuzzy-metaballs/run_fmb.py", line 250, in mai...

âŒ EXPERIMENT FAILED
   ğŸ¯ Total successful experiments: 0

ğŸ“ˆ OPTIMIZATION SUMMARY:
   âš ï¸  No successful experiments yet
   ğŸ“Š Total experiments: 44
   âœ… Successful experiments: 0
   ğŸ“ˆ Success rate: 0.0%

============================================================
ğŸ§ª EXPERIMENT 45/1000
============================================================
ğŸ§  Phase: Bayesian optimization (experiments 21+)

ğŸ“‹ Sampling parameters using bayesian method...
ğŸ² Sampling parameters using method: bayesian
   âš ï¸  Not enough results for Bayesian optimization (0 < 5), using random
ğŸ² Sampling parameters using method: random
   ğŸ“Š Using random sampling for exploration
   ğŸ”¢ num_mixtures: 105 (int, range: 10-200)
   ğŸ“ˆ gmm_init_scale: 0.4697 (log scale, range: 0.1000-10.0000)
   ğŸ“Š rand_sphere_size: 32.3814 (linear, range: 1.0000-200.0000)
   ğŸ”¢ num_views: 46 (int, range: 5-50)
   ğŸ”¢ image_width: 112 (int, range: 32-256)
   ğŸ”¢ image_height: 156 (int, range: 32-256)
   ğŸ“Š vfov_degrees: 61.6741 (linear, range: 20.0000-80.0000)
   ğŸ”¢ num_epochs: 80 (int, range: 3-100)
   ğŸ”¢ batch_size: 1316 (int, range: 100-4000)
   ğŸ“ˆ initial_lr: 1.1301 (log scale, range: 0.0010-2.0000)
   ğŸ“Š opt_shape_scale: 1.6748 (linear, range: 0.5000-5.0000)
   ğŸ“Š lr_decay_p_thresh: 0.1360 (linear, range: 0.1000-0.9000)
   ğŸ”¢ lr_decay_window: 28 (int, range: 5-50)
   ğŸ”¢ lr_decay_p_window: 5 (int, range: 3-20)
   ğŸ“Š lr_decay_slope_less: -0.0056 (linear, range: -0.0100--0.0000)
   ğŸ”¢ lr_decay_max_drops: 7 (int, range: 2-30)
   ğŸ“Š beta2_exp: 1.1793 (linear, range: 0.5000-5.0000)
   ğŸ“Š beta3_exp: 0.3267 (linear, range: 0.0100-1.0000)
âœ… Sampled parameters: {'num_mixtures': 105, 'gmm_init_scale': np.float64(0.46967584840083576), 'rand_sphere_size': 32.38144275555334, 'num_views': 46, 'image_width': 112, 'image_height': 156, 'vfov_degrees': 61.674052653360555, 'num_epochs': 80, 'batch_size': 1316, 'initial_lr': np.float64(1.1300881747197031), 'opt_shape_scale': 1.6747641773947508, 'lr_decay_p_thresh': 0.13601842283635632, 'lr_decay_window': 28, 'lr_decay_p_window': 5, 'lr_decay_slope_less': -0.005587651104504551, 'lr_decay_max_drops': 7, 'beta2_exp': 1.1792756416486323, 'beta3_exp': 0.32669524587345317}

ğŸ”¬ Running experiment...
ğŸ”§ Creating configuration for experiment 44
ğŸ“ Experiment directory: autotune_results/exp_0044
ğŸ’¾ Configuration saved to: autotune_results/exp_0044/config.yaml
ğŸ¯ Running experiment in TUNE_MODE (suppressed output)
ğŸš€ Starting Fuzzy Metaballs experiment...
âŒ Experiment 44 failed with return code 1
   Error: Traceback (most recent call last):
  File "/home/arijitdasgupta/fuzzy-metaballs/run_fmb.py", line 886, in <module>
    main()
  File "/home/arijitdasgupta/fuzzy-metaballs/run_fmb.py", line 250, in mai...

âŒ EXPERIMENT FAILED
   ğŸ¯ Total successful experiments: 0

ğŸ“ˆ OPTIMIZATION SUMMARY:
   âš ï¸  No successful experiments yet
   ğŸ“Š Total experiments: 45
   âœ… Successful experiments: 0
   ğŸ“ˆ Success rate: 0.0%

============================================================
ğŸ§ª EXPERIMENT 46/1000
============================================================
ğŸ§  Phase: Bayesian optimization (experiments 21+)

ğŸ“‹ Sampling parameters using bayesian method...
ğŸ² Sampling parameters using method: bayesian
   âš ï¸  Not enough results for Bayesian optimization (0 < 5), using random
ğŸ² Sampling parameters using method: random
   ğŸ“Š Using random sampling for exploration
   ğŸ”¢ num_mixtures: 77 (int, range: 10-200)
   ğŸ“ˆ gmm_init_scale: 6.6179 (log scale, range: 0.1000-10.0000)
   ğŸ“Š rand_sphere_size: 7.3307 (linear, range: 1.0000-200.0000)
   ğŸ”¢ num_views: 44 (int, range: 5-50)
   ğŸ”¢ image_width: 232 (int, range: 32-256)
   ğŸ”¢ image_height: 239 (int, range: 32-256)
   ğŸ“Š vfov_degrees: 34.4440 (linear, range: 20.0000-80.0000)
   ğŸ”¢ num_epochs: 30 (int, range: 3-100)
   ğŸ”¢ batch_size: 2963 (int, range: 100-4000)
   ğŸ“ˆ initial_lr: 0.1248 (log scale, range: 0.0010-2.0000)
   ğŸ“Š opt_shape_scale: 3.4704 (linear, range: 0.5000-5.0000)
   ğŸ“Š lr_decay_p_thresh: 0.4331 (linear, range: 0.1000-0.9000)
   ğŸ”¢ lr_decay_window: 32 (int, range: 5-50)
   ğŸ”¢ lr_decay_p_window: 20 (int, range: 3-20)
   ğŸ“Š lr_decay_slope_less: -0.0040 (linear, range: -0.0100--0.0000)
   ğŸ”¢ lr_decay_max_drops: 27 (int, range: 2-30)
   ğŸ“Š beta2_exp: 1.9795 (linear, range: 0.5000-5.0000)
   ğŸ“Š beta3_exp: 0.5267 (linear, range: 0.0100-1.0000)
âœ… Sampled parameters: {'num_mixtures': 77, 'gmm_init_scale': np.float64(6.617870232866631), 'rand_sphere_size': 7.330746768066893, 'num_views': 44, 'image_width': 232, 'image_height': 239, 'vfov_degrees': 34.444023131802275, 'num_epochs': 30, 'batch_size': 2963, 'initial_lr': np.float64(0.12475782226441919), 'opt_shape_scale': 3.4704260053588927, 'lr_decay_p_thresh': 0.4330958595907495, 'lr_decay_window': 32, 'lr_decay_p_window': 20, 'lr_decay_slope_less': -0.004032243835057939, 'lr_decay_max_drops': 27, 'beta2_exp': 1.9794938205325034, 'beta3_exp': 0.5266840995624104}

ğŸ”¬ Running experiment...
ğŸ”§ Creating configuration for experiment 45
ğŸ“ Experiment directory: autotune_results/exp_0045
ğŸ’¾ Configuration saved to: autotune_results/exp_0045/config.yaml
ğŸ¯ Running experiment in TUNE_MODE (suppressed output)
ğŸš€ Starting Fuzzy Metaballs experiment...
âŒ Experiment 45 failed with return code 1
   Error: Traceback (most recent call last):
  File "/home/arijitdasgupta/fuzzy-metaballs/run_fmb.py", line 886, in <module>
    main()
  File "/home/arijitdasgupta/fuzzy-metaballs/run_fmb.py", line 250, in mai...

âŒ EXPERIMENT FAILED
   ğŸ¯ Total successful experiments: 0

ğŸ“ˆ OPTIMIZATION SUMMARY:
   âš ï¸  No successful experiments yet
   ğŸ“Š Total experiments: 46
   âœ… Successful experiments: 0
   ğŸ“ˆ Success rate: 0.0%

============================================================
ğŸ§ª EXPERIMENT 47/1000
============================================================
ğŸ§  Phase: Bayesian optimization (experiments 21+)

ğŸ“‹ Sampling parameters using bayesian method...
ğŸ² Sampling parameters using method: bayesian
   âš ï¸  Not enough results for Bayesian optimization (0 < 5), using random
ğŸ² Sampling parameters using method: random
   ğŸ“Š Using random sampling for exploration
   ğŸ”¢ num_mixtures: 99 (int, range: 10-200)
   ğŸ“ˆ gmm_init_scale: 7.9955 (log scale, range: 0.1000-10.0000)
   ğŸ“Š rand_sphere_size: 180.0641 (linear, range: 1.0000-200.0000)
   ğŸ”¢ num_views: 49 (int, range: 5-50)
   ğŸ”¢ image_width: 214 (int, range: 32-256)
   ğŸ”¢ image_height: 228 (int, range: 32-256)
   ğŸ“Š vfov_degrees: 74.1440 (linear, range: 20.0000-80.0000)
   ğŸ”¢ num_epochs: 55 (int, range: 3-100)
   ğŸ”¢ batch_size: 3792 (int, range: 100-4000)
   ğŸ“ˆ initial_lr: 0.0162 (log scale, range: 0.0010-2.0000)
   ğŸ“Š opt_shape_scale: 2.1293 (linear, range: 0.5000-5.0000)
   ğŸ“Š lr_decay_p_thresh: 0.3029 (linear, range: 0.1000-0.9000)
   ğŸ”¢ lr_decay_window: 39 (int, range: 5-50)
   ğŸ”¢ lr_decay_p_window: 11 (int, range: 3-20)
   ğŸ“Š lr_decay_slope_less: -0.0029 (linear, range: -0.0100--0.0000)
   ğŸ”¢ lr_decay_max_drops: 26 (int, range: 2-30)
   ğŸ“Š beta2_exp: 2.5888 (linear, range: 0.5000-5.0000)
   ğŸ“Š beta3_exp: 0.7842 (linear, range: 0.0100-1.0000)
âœ… Sampled parameters: {'num_mixtures': 99, 'gmm_init_scale': np.float64(7.995532647385682), 'rand_sphere_size': 180.06412370185313, 'num_views': 49, 'image_width': 214, 'image_height': 228, 'vfov_degrees': 74.14403262501014, 'num_epochs': 55, 'batch_size': 3792, 'initial_lr': np.float64(0.016248588955165438), 'opt_shape_scale': 2.129306252796413, 'lr_decay_p_thresh': 0.30288551119250684, 'lr_decay_window': 39, 'lr_decay_p_window': 11, 'lr_decay_slope_less': -0.0028796097508654132, 'lr_decay_max_drops': 26, 'beta2_exp': 2.5887734494297066, 'beta3_exp': 0.7842114475985933}

ğŸ”¬ Running experiment...
ğŸ”§ Creating configuration for experiment 46
ğŸ“ Experiment directory: autotune_results/exp_0046
ğŸ’¾ Configuration saved to: autotune_results/exp_0046/config.yaml
ğŸ¯ Running experiment in TUNE_MODE (suppressed output)
ğŸš€ Starting Fuzzy Metaballs experiment...
âŒ Experiment 46 failed with return code 1
   Error: Traceback (most recent call last):
  File "/home/arijitdasgupta/fuzzy-metaballs/run_fmb.py", line 886, in <module>
    main()
  File "/home/arijitdasgupta/fuzzy-metaballs/run_fmb.py", line 250, in mai...

âŒ EXPERIMENT FAILED
   ğŸ¯ Total successful experiments: 0

ğŸ“ˆ OPTIMIZATION SUMMARY:
   âš ï¸  No successful experiments yet
   ğŸ“Š Total experiments: 47
   âœ… Successful experiments: 0
   ğŸ“ˆ Success rate: 0.0%

============================================================
ğŸ§ª EXPERIMENT 48/1000
============================================================
ğŸ§  Phase: Bayesian optimization (experiments 21+)

ğŸ“‹ Sampling parameters using bayesian method...
ğŸ² Sampling parameters using method: bayesian
   âš ï¸  Not enough results for Bayesian optimization (0 < 5), using random
ğŸ² Sampling parameters using method: random
   ğŸ“Š Using random sampling for exploration
   ğŸ”¢ num_mixtures: 181 (int, range: 10-200)
   ğŸ“ˆ gmm_init_scale: 6.3848 (log scale, range: 0.1000-10.0000)
   ğŸ“Š rand_sphere_size: 174.2856 (linear, range: 1.0000-200.0000)
   ğŸ”¢ num_views: 13 (int, range: 5-50)
   ğŸ”¢ image_width: 74 (int, range: 32-256)
   ğŸ”¢ image_height: 137 (int, range: 32-256)
   ğŸ“Š vfov_degrees: 73.1881 (linear, range: 20.0000-80.0000)
   ğŸ”¢ num_epochs: 44 (int, range: 3-100)
   ğŸ”¢ batch_size: 777 (int, range: 100-4000)
   ğŸ“ˆ initial_lr: 0.0146 (log scale, range: 0.0010-2.0000)
   ğŸ“Š opt_shape_scale: 4.1716 (linear, range: 0.5000-5.0000)
   ğŸ“Š lr_decay_p_thresh: 0.1255 (linear, range: 0.1000-0.9000)
   ğŸ”¢ lr_decay_window: 12 (int, range: 5-50)
   ğŸ”¢ lr_decay_p_window: 15 (int, range: 3-20)
   ğŸ“Š lr_decay_slope_less: -0.0013 (linear, range: -0.0100--0.0000)
   ğŸ”¢ lr_decay_max_drops: 12 (int, range: 2-30)
   ğŸ“Š beta2_exp: 0.7624 (linear, range: 0.5000-5.0000)
   ğŸ“Š beta3_exp: 0.7398 (linear, range: 0.0100-1.0000)
âœ… Sampled parameters: {'num_mixtures': 181, 'gmm_init_scale': np.float64(6.384810154441647), 'rand_sphere_size': 174.2855530894401, 'num_views': 13, 'image_width': 74, 'image_height': 137, 'vfov_degrees': 73.18814791249319, 'num_epochs': 44, 'batch_size': 777, 'initial_lr': np.float64(0.014602330791200638), 'opt_shape_scale': 4.171629520897511, 'lr_decay_p_thresh': 0.1255318912395854, 'lr_decay_window': 12, 'lr_decay_p_window': 15, 'lr_decay_slope_less': -0.0013397919094672514, 'lr_decay_max_drops': 12, 'beta2_exp': 0.76238056996881, 'beta3_exp': 0.7398370041358586}

ğŸ”¬ Running experiment...
ğŸ”§ Creating configuration for experiment 47
ğŸ“ Experiment directory: autotune_results/exp_0047
ğŸ’¾ Configuration saved to: autotune_results/exp_0047/config.yaml
ğŸ¯ Running experiment in TUNE_MODE (suppressed output)
ğŸš€ Starting Fuzzy Metaballs experiment...
âŒ Experiment 47 failed with return code 1
   Error: Traceback (most recent call last):
  File "/home/arijitdasgupta/fuzzy-metaballs/run_fmb.py", line 886, in <module>
    main()
  File "/home/arijitdasgupta/fuzzy-metaballs/run_fmb.py", line 250, in mai...

âŒ EXPERIMENT FAILED
   ğŸ¯ Total successful experiments: 0

ğŸ“ˆ OPTIMIZATION SUMMARY:
   âš ï¸  No successful experiments yet
   ğŸ“Š Total experiments: 48
   âœ… Successful experiments: 0
   ğŸ“ˆ Success rate: 0.0%

============================================================
ğŸ§ª EXPERIMENT 49/1000
============================================================
ğŸ§  Phase: Bayesian optimization (experiments 21+)

ğŸ“‹ Sampling parameters using bayesian method...
ğŸ² Sampling parameters using method: bayesian
   âš ï¸  Not enough results for Bayesian optimization (0 < 5), using random
ğŸ² Sampling parameters using method: random
   ğŸ“Š Using random sampling for exploration
   ğŸ”¢ num_mixtures: 56 (int, range: 10-200)
   ğŸ“ˆ gmm_init_scale: 8.8079 (log scale, range: 0.1000-10.0000)
   ğŸ“Š rand_sphere_size: 131.2139 (linear, range: 1.0000-200.0000)
   ğŸ”¢ num_views: 45 (int, range: 5-50)
   ğŸ”¢ image_width: 158 (int, range: 32-256)
   ğŸ”¢ image_height: 252 (int, range: 32-256)
   ğŸ“Š vfov_degrees: 37.8501 (linear, range: 20.0000-80.0000)
   ğŸ”¢ num_epochs: 72 (int, range: 3-100)
   ğŸ”¢ batch_size: 531 (int, range: 100-4000)
   ğŸ“ˆ initial_lr: 0.0193 (log scale, range: 0.0010-2.0000)
   ğŸ“Š opt_shape_scale: 3.5321 (linear, range: 0.5000-5.0000)
   ğŸ“Š lr_decay_p_thresh: 0.5758 (linear, range: 0.1000-0.9000)
   ğŸ”¢ lr_decay_window: 37 (int, range: 5-50)
   ğŸ”¢ lr_decay_p_window: 4 (int, range: 3-20)
   ğŸ“Š lr_decay_slope_less: -0.0002 (linear, range: -0.0100--0.0000)
   ğŸ”¢ lr_decay_max_drops: 27 (int, range: 2-30)
   ğŸ“Š beta2_exp: 1.5099 (linear, range: 0.5000-5.0000)
   ğŸ“Š beta3_exp: 0.6795 (linear, range: 0.0100-1.0000)
âœ… Sampled parameters: {'num_mixtures': 56, 'gmm_init_scale': np.float64(8.80790512277152), 'rand_sphere_size': 131.21389906096312, 'num_views': 45, 'image_width': 158, 'image_height': 252, 'vfov_degrees': 37.85010666312732, 'num_epochs': 72, 'batch_size': 531, 'initial_lr': np.float64(0.019338024249456832), 'opt_shape_scale': 3.5321020297286743, 'lr_decay_p_thresh': 0.5758107559843681, 'lr_decay_window': 37, 'lr_decay_p_window': 4, 'lr_decay_slope_less': -0.00018885500114975556, 'lr_decay_max_drops': 27, 'beta2_exp': 1.509853492586011, 'beta3_exp': 0.6794671460662202}

ğŸ”¬ Running experiment...
ğŸ”§ Creating configuration for experiment 48
ğŸ“ Experiment directory: autotune_results/exp_0048
ğŸ’¾ Configuration saved to: autotune_results/exp_0048/config.yaml
ğŸ¯ Running experiment in TUNE_MODE (suppressed output)
ğŸš€ Starting Fuzzy Metaballs experiment...
âŒ Experiment 48 failed with return code 1
   Error: Traceback (most recent call last):
  File "/home/arijitdasgupta/fuzzy-metaballs/run_fmb.py", line 886, in <module>
    main()
  File "/home/arijitdasgupta/fuzzy-metaballs/run_fmb.py", line 250, in mai...

âŒ EXPERIMENT FAILED
   ğŸ¯ Total successful experiments: 0

ğŸ“ˆ OPTIMIZATION SUMMARY:
   âš ï¸  No successful experiments yet
   ğŸ“Š Total experiments: 49
   âœ… Successful experiments: 0
   ğŸ“ˆ Success rate: 0.0%

============================================================
ğŸ§ª EXPERIMENT 50/1000
============================================================
ğŸ§  Phase: Bayesian optimization (experiments 21+)

ğŸ“‹ Sampling parameters using bayesian method...
ğŸ² Sampling parameters using method: bayesian
   âš ï¸  Not enough results for Bayesian optimization (0 < 5), using random
ğŸ² Sampling parameters using method: random
   ğŸ“Š Using random sampling for exploration
   ğŸ”¢ num_mixtures: 111 (int, range: 10-200)
   ğŸ“ˆ gmm_init_scale: 1.3605 (log scale, range: 0.1000-10.0000)
   ğŸ“Š rand_sphere_size: 164.2520 (linear, range: 1.0000-200.0000)
   ğŸ”¢ num_views: 9 (int, range: 5-50)
   ğŸ”¢ image_width: 210 (int, range: 32-256)
   ğŸ”¢ image_height: 99 (int, range: 32-256)
   ğŸ“Š vfov_degrees: 30.6675 (linear, range: 20.0000-80.0000)
   ğŸ”¢ num_epochs: 66 (int, range: 3-100)
   ğŸ”¢ batch_size: 1358 (int, range: 100-4000)
   ğŸ“ˆ initial_lr: 0.0849 (log scale, range: 0.0010-2.0000)
   ğŸ“Š opt_shape_scale: 0.8617 (linear, range: 0.5000-5.0000)
   ğŸ“Š lr_decay_p_thresh: 0.4293 (linear, range: 0.1000-0.9000)
   ğŸ”¢ lr_decay_window: 8 (int, range: 5-50)
   ğŸ”¢ lr_decay_p_window: 7 (int, range: 3-20)
   ğŸ“Š lr_decay_slope_less: -0.0047 (linear, range: -0.0100--0.0000)
   ğŸ”¢ lr_decay_max_drops: 8 (int, range: 2-30)
   ğŸ“Š beta2_exp: 3.5330 (linear, range: 0.5000-5.0000)
   ğŸ“Š beta3_exp: 0.3470 (linear, range: 0.0100-1.0000)
âœ… Sampled parameters: {'num_mixtures': 111, 'gmm_init_scale': np.float64(1.360502592148972), 'rand_sphere_size': 164.2519557687578, 'num_views': 9, 'image_width': 210, 'image_height': 99, 'vfov_degrees': 30.667459895110653, 'num_epochs': 66, 'batch_size': 1358, 'initial_lr': np.float64(0.08487107652805029), 'opt_shape_scale': 0.8617273751948055, 'lr_decay_p_thresh': 0.42934555390622575, 'lr_decay_window': 8, 'lr_decay_p_window': 7, 'lr_decay_slope_less': -0.00467108722556718, 'lr_decay_max_drops': 8, 'beta2_exp': 3.532966798667434, 'beta3_exp': 0.3469596840793792}

ğŸ”¬ Running experiment...
ğŸ”§ Creating configuration for experiment 49
ğŸ“ Experiment directory: autotune_results/exp_0049
ğŸ’¾ Configuration saved to: autotune_results/exp_0049/config.yaml
ğŸ¯ Running experiment in TUNE_MODE (suppressed output)
ğŸš€ Starting Fuzzy Metaballs experiment...
âŒ Experiment 49 failed with return code 1
   Error: Traceback (most recent call last):
  File "/home/arijitdasgupta/fuzzy-metaballs/run_fmb.py", line 886, in <module>
    main()
  File "/home/arijitdasgupta/fuzzy-metaballs/run_fmb.py", line 250, in mai...

âŒ EXPERIMENT FAILED
   ğŸ¯ Total successful experiments: 0

ğŸ’¾ SAVING RESULTS (checkpoint 50)
   âœ… Results saved to: autotune_results
   ğŸ“Š Progress plot updated

ğŸ“ˆ OPTIMIZATION SUMMARY:
   âš ï¸  No successful experiments yet
   ğŸ“Š Total experiments: 50
   âœ… Successful experiments: 0
   ğŸ“ˆ Success rate: 0.0%

============================================================
ğŸ§ª EXPERIMENT 51/1000
============================================================
ğŸ§  Phase: Bayesian optimization (experiments 21+)

ğŸ“‹ Sampling parameters using bayesian method...
ğŸ² Sampling parameters using method: bayesian
   âš ï¸  Not enough results for Bayesian optimization (0 < 5), using random
ğŸ² Sampling parameters using method: random
   ğŸ“Š Using random sampling for exploration
   ğŸ”¢ num_mixtures: 83 (int, range: 10-200)
   ğŸ“ˆ gmm_init_scale: 1.1121 (log scale, range: 0.1000-10.0000)
   ğŸ“Š rand_sphere_size: 68.3854 (linear, range: 1.0000-200.0000)
   ğŸ”¢ num_views: 43 (int, range: 5-50)
   ğŸ”¢ image_width: 140 (int, range: 32-256)
   ğŸ”¢ image_height: 94 (int, range: 32-256)
   ğŸ“Š vfov_degrees: 55.8792 (linear, range: 20.0000-80.0000)
   ğŸ”¢ num_epochs: 20 (int, range: 3-100)
   ğŸ”¢ batch_size: 527 (int, range: 100-4000)
   ğŸ“ˆ initial_lr: 0.0015 (log scale, range: 0.0010-2.0000)
   ğŸ“Š opt_shape_scale: 1.4604 (linear, range: 0.5000-5.0000)
   ğŸ“Š lr_decay_p_thresh: 0.6138 (linear, range: 0.1000-0.9000)
   ğŸ”¢ lr_decay_window: 43 (int, range: 5-50)
   ğŸ”¢ lr_decay_p_window: 8 (int, range: 3-20)
   ğŸ“Š lr_decay_slope_less: -0.0083 (linear, range: -0.0100--0.0000)
   ğŸ”¢ lr_decay_max_drops: 19 (int, range: 2-30)
   ğŸ“Š beta2_exp: 3.2216 (linear, range: 0.5000-5.0000)
   ğŸ“Š beta3_exp: 0.8443 (linear, range: 0.0100-1.0000)
âœ… Sampled parameters: {'num_mixtures': 83, 'gmm_init_scale': np.float64(1.1121498282182627), 'rand_sphere_size': 68.38541563057012, 'num_views': 43, 'image_width': 140, 'image_height': 94, 'vfov_degrees': 55.87920040711297, 'num_epochs': 20, 'batch_size': 527, 'initial_lr': np.float64(0.0015405676974340542), 'opt_shape_scale': 1.4603974822225287, 'lr_decay_p_thresh': 0.6138430945776456, 'lr_decay_window': 43, 'lr_decay_p_window': 8, 'lr_decay_slope_less': -0.008344282287021982, 'lr_decay_max_drops': 19, 'beta2_exp': 3.2216183382003285, 'beta3_exp': 0.8442701465378871}

ğŸ”¬ Running experiment...
ğŸ”§ Creating configuration for experiment 50
ğŸ“ Experiment directory: autotune_results/exp_0050
ğŸ’¾ Configuration saved to: autotune_results/exp_0050/config.yaml
ğŸ¯ Running experiment in TUNE_MODE (suppressed output)
ğŸš€ Starting Fuzzy Metaballs experiment...
âŒ Experiment 50 failed with return code 1
   Error: Traceback (most recent call last):
  File "/home/arijitdasgupta/fuzzy-metaballs/run_fmb.py", line 886, in <module>
    main()
  File "/home/arijitdasgupta/fuzzy-metaballs/run_fmb.py", line 250, in mai...

âŒ EXPERIMENT FAILED
   ğŸ¯ Total successful experiments: 0

ğŸ“ˆ OPTIMIZATION SUMMARY:
   âš ï¸  No successful experiments yet
   ğŸ“Š Total experiments: 51
   âœ… Successful experiments: 0
   ğŸ“ˆ Success rate: 0.0%

============================================================
ğŸ§ª EXPERIMENT 52/1000
============================================================
ğŸ§  Phase: Bayesian optimization (experiments 21+)

ğŸ“‹ Sampling parameters using bayesian method...
ğŸ² Sampling parameters using method: bayesian
   âš ï¸  Not enough results for Bayesian optimization (0 < 5), using random
ğŸ² Sampling parameters using method: random
   ğŸ“Š Using random sampling for exploration
   ğŸ”¢ num_mixtures: 69 (int, range: 10-200)
   ğŸ“ˆ gmm_init_scale: 5.8257 (log scale, range: 0.1000-10.0000)
   ğŸ“Š rand_sphere_size: 179.4231 (linear, range: 1.0000-200.0000)
   ğŸ”¢ num_views: 14 (int, range: 5-50)
   ğŸ”¢ image_width: 183 (int, range: 32-256)
   ğŸ”¢ image_height: 68 (int, range: 32-256)
   ğŸ“Š vfov_degrees: 56.5424 (linear, range: 20.0000-80.0000)
   ğŸ”¢ num_epochs: 93 (int, range: 3-100)
   ğŸ”¢ batch_size: 1980 (int, range: 100-4000)
   ğŸ“ˆ initial_lr: 0.0045 (log scale, range: 0.0010-2.0000)
   ğŸ“Š opt_shape_scale: 1.8404 (linear, range: 0.5000-5.0000)
   ğŸ“Š lr_decay_p_thresh: 0.1488 (linear, range: 0.1000-0.9000)
   ğŸ”¢ lr_decay_window: 9 (int, range: 5-50)
   ğŸ”¢ lr_decay_p_window: 11 (int, range: 3-20)
   ğŸ“Š lr_decay_slope_less: -0.0034 (linear, range: -0.0100--0.0000)
   ğŸ”¢ lr_decay_max_drops: 11 (int, range: 2-30)
   ğŸ“Š beta2_exp: 1.0418 (linear, range: 0.5000-5.0000)
   ğŸ“Š beta3_exp: 0.8591 (linear, range: 0.0100-1.0000)
âœ… Sampled parameters: {'num_mixtures': 69, 'gmm_init_scale': np.float64(5.825728786563881), 'rand_sphere_size': 179.42308192154675, 'num_views': 14, 'image_width': 183, 'image_height': 68, 'vfov_degrees': 56.54236811525484, 'num_epochs': 93, 'batch_size': 1980, 'initial_lr': np.float64(0.004511032495629459), 'opt_shape_scale': 1.84039001521746, 'lr_decay_p_thresh': 0.14881479273498155, 'lr_decay_window': 9, 'lr_decay_p_window': 11, 'lr_decay_slope_less': -0.0034262244071521326, 'lr_decay_max_drops': 11, 'beta2_exp': 1.0418437856173122, 'beta3_exp': 0.8590838637987891}

ğŸ”¬ Running experiment...
ğŸ”§ Creating configuration for experiment 51
ğŸ“ Experiment directory: autotune_results/exp_0051
ğŸ’¾ Configuration saved to: autotune_results/exp_0051/config.yaml
ğŸ¯ Running experiment in TUNE_MODE (suppressed output)
ğŸš€ Starting Fuzzy Metaballs experiment...
âŒ Experiment 51 failed with return code 1
   Error: Traceback (most recent call last):
  File "/home/arijitdasgupta/fuzzy-metaballs/run_fmb.py", line 886, in <module>
    main()
  File "/home/arijitdasgupta/fuzzy-metaballs/run_fmb.py", line 250, in mai...

âŒ EXPERIMENT FAILED
   ğŸ¯ Total successful experiments: 0

ğŸ“ˆ OPTIMIZATION SUMMARY:
   âš ï¸  No successful experiments yet
   ğŸ“Š Total experiments: 52
   âœ… Successful experiments: 0
   ğŸ“ˆ Success rate: 0.0%

============================================================
ğŸ§ª EXPERIMENT 53/1000
============================================================
ğŸ§  Phase: Bayesian optimization (experiments 21+)

ğŸ“‹ Sampling parameters using bayesian method...
ğŸ² Sampling parameters using method: bayesian
   âš ï¸  Not enough results for Bayesian optimization (0 < 5), using random
ğŸ² Sampling parameters using method: random
   ğŸ“Š Using random sampling for exploration
   ğŸ”¢ num_mixtures: 122 (int, range: 10-200)
   ğŸ“ˆ gmm_init_scale: 0.2182 (log scale, range: 0.1000-10.0000)
   ğŸ“Š rand_sphere_size: 56.5508 (linear, range: 1.0000-200.0000)
   ğŸ”¢ num_views: 36 (int, range: 5-50)
   ğŸ”¢ image_width: 142 (int, range: 32-256)
   ğŸ”¢ image_height: 212 (int, range: 32-256)
   ğŸ“Š vfov_degrees: 58.8922 (linear, range: 20.0000-80.0000)
   ğŸ”¢ num_epochs: 59 (int, range: 3-100)
   ğŸ”¢ batch_size: 2899 (int, range: 100-4000)
   ğŸ“ˆ initial_lr: 1.9202 (log scale, range: 0.0010-2.0000)
   ğŸ“Š opt_shape_scale: 2.6062 (linear, range: 0.5000-5.0000)
   ğŸ“Š lr_decay_p_thresh: 0.7501 (linear, range: 0.1000-0.9000)
   ğŸ”¢ lr_decay_window: 19 (int, range: 5-50)
   ğŸ”¢ lr_decay_p_window: 9 (int, range: 3-20)
   ğŸ“Š lr_decay_slope_less: -0.0049 (linear, range: -0.0100--0.0000)
   ğŸ”¢ lr_decay_max_drops: 27 (int, range: 2-30)
   ğŸ“Š beta2_exp: 0.9665 (linear, range: 0.5000-5.0000)
   ğŸ“Š beta3_exp: 0.1654 (linear, range: 0.0100-1.0000)
âœ… Sampled parameters: {'num_mixtures': 122, 'gmm_init_scale': np.float64(0.2181675528778155), 'rand_sphere_size': 56.55081343113646, 'num_views': 36, 'image_width': 142, 'image_height': 212, 'vfov_degrees': 58.89222412700346, 'num_epochs': 59, 'batch_size': 2899, 'initial_lr': np.float64(1.9201851250821493), 'opt_shape_scale': 2.6062437571271007, 'lr_decay_p_thresh': 0.7501360332597103, 'lr_decay_window': 19, 'lr_decay_p_window': 9, 'lr_decay_slope_less': -0.004934390772145169, 'lr_decay_max_drops': 27, 'beta2_exp': 0.9664633486141962, 'beta3_exp': 0.16537636373707104}

ğŸ”¬ Running experiment...
ğŸ”§ Creating configuration for experiment 52
ğŸ“ Experiment directory: autotune_results/exp_0052
ğŸ’¾ Configuration saved to: autotune_results/exp_0052/config.yaml
ğŸ¯ Running experiment in TUNE_MODE (suppressed output)
ğŸš€ Starting Fuzzy Metaballs experiment...
âŒ Experiment 52 failed with return code 1
   Error: Traceback (most recent call last):
  File "/home/arijitdasgupta/fuzzy-metaballs/run_fmb.py", line 886, in <module>
    main()
  File "/home/arijitdasgupta/fuzzy-metaballs/run_fmb.py", line 250, in mai...

âŒ EXPERIMENT FAILED
   ğŸ¯ Total successful experiments: 0

ğŸ“ˆ OPTIMIZATION SUMMARY:
   âš ï¸  No successful experiments yet
   ğŸ“Š Total experiments: 53
   âœ… Successful experiments: 0
   ğŸ“ˆ Success rate: 0.0%

============================================================
ğŸ§ª EXPERIMENT 54/1000
============================================================
ğŸ§  Phase: Bayesian optimization (experiments 21+)

ğŸ“‹ Sampling parameters using bayesian method...
ğŸ² Sampling parameters using method: bayesian
   âš ï¸  Not enough results for Bayesian optimization (0 < 5), using random
ğŸ² Sampling parameters using method: random
   ğŸ“Š Using random sampling for exploration
   ğŸ”¢ num_mixtures: 183 (int, range: 10-200)
   ğŸ“ˆ gmm_init_scale: 0.2312 (log scale, range: 0.1000-10.0000)
   ğŸ“Š rand_sphere_size: 187.7270 (linear, range: 1.0000-200.0000)
   ğŸ”¢ num_views: 10 (int, range: 5-50)
   ğŸ”¢ image_width: 143 (int, range: 32-256)
   ğŸ”¢ image_height: 254 (int, range: 32-256)
   ğŸ“Š vfov_degrees: 36.4889 (linear, range: 20.0000-80.0000)
   ğŸ”¢ num_epochs: 40 (int, range: 3-100)
   ğŸ”¢ batch_size: 1994 (int, range: 100-4000)
   ğŸ“ˆ initial_lr: 0.6853 (log scale, range: 0.0010-2.0000)
   ğŸ“Š opt_shape_scale: 1.0983 (linear, range: 0.5000-5.0000)
   ğŸ“Š lr_decay_p_thresh: 0.8463 (linear, range: 0.1000-0.9000)
   ğŸ”¢ lr_decay_window: 14 (int, range: 5-50)
   ğŸ”¢ lr_decay_p_window: 13 (int, range: 3-20)
   ğŸ“Š lr_decay_slope_less: -0.0019 (linear, range: -0.0100--0.0000)
   ğŸ”¢ lr_decay_max_drops: 30 (int, range: 2-30)
   ğŸ“Š beta2_exp: 3.1505 (linear, range: 0.5000-5.0000)
   ğŸ“Š beta3_exp: 0.9350 (linear, range: 0.0100-1.0000)
âœ… Sampled parameters: {'num_mixtures': 183, 'gmm_init_scale': np.float64(0.23123045949764648), 'rand_sphere_size': 187.72702228797812, 'num_views': 10, 'image_width': 143, 'image_height': 254, 'vfov_degrees': 36.48889843725999, 'num_epochs': 40, 'batch_size': 1994, 'initial_lr': np.float64(0.6853448401701453), 'opt_shape_scale': 1.0982604286073632, 'lr_decay_p_thresh': 0.846250462718448, 'lr_decay_window': 14, 'lr_decay_p_window': 13, 'lr_decay_slope_less': -0.0018752523434982672, 'lr_decay_max_drops': 30, 'beta2_exp': 3.1504670977091065, 'beta3_exp': 0.9350276474801192}

ğŸ”¬ Running experiment...
ğŸ”§ Creating configuration for experiment 53
ğŸ“ Experiment directory: autotune_results/exp_0053
ğŸ’¾ Configuration saved to: autotune_results/exp_0053/config.yaml
ğŸ¯ Running experiment in TUNE_MODE (suppressed output)
ğŸš€ Starting Fuzzy Metaballs experiment...
âŒ Experiment 53 failed with return code 1
   Error: Traceback (most recent call last):
  File "/home/arijitdasgupta/fuzzy-metaballs/run_fmb.py", line 886, in <module>
    main()
  File "/home/arijitdasgupta/fuzzy-metaballs/run_fmb.py", line 250, in mai...

âŒ EXPERIMENT FAILED
   ğŸ¯ Total successful experiments: 0

ğŸ“ˆ OPTIMIZATION SUMMARY:
   âš ï¸  No successful experiments yet
   ğŸ“Š Total experiments: 54
   âœ… Successful experiments: 0
   ğŸ“ˆ Success rate: 0.0%

============================================================
ğŸ§ª EXPERIMENT 55/1000
============================================================
ğŸ§  Phase: Bayesian optimization (experiments 21+)

ğŸ“‹ Sampling parameters using bayesian method...
ğŸ² Sampling parameters using method: bayesian
   âš ï¸  Not enough results for Bayesian optimization (0 < 5), using random
ğŸ² Sampling parameters using method: random
   ğŸ“Š Using random sampling for exploration
   ğŸ”¢ num_mixtures: 54 (int, range: 10-200)
   ğŸ“ˆ gmm_init_scale: 2.9425 (log scale, range: 0.1000-10.0000)
   ğŸ“Š rand_sphere_size: 182.2774 (linear, range: 1.0000-200.0000)
   ğŸ”¢ num_views: 8 (int, range: 5-50)
   ğŸ”¢ image_width: 113 (int, range: 32-256)
   ğŸ”¢ image_height: 253 (int, range: 32-256)
   ğŸ“Š vfov_degrees: 53.8567 (linear, range: 20.0000-80.0000)
   ğŸ”¢ num_epochs: 97 (int, range: 3-100)
   ğŸ”¢ batch_size: 332 (int, range: 100-4000)
   ğŸ“ˆ initial_lr: 0.2165 (log scale, range: 0.0010-2.0000)
   ğŸ“Š opt_shape_scale: 1.4022 (linear, range: 0.5000-5.0000)
   ğŸ“Š lr_decay_p_thresh: 0.6201 (linear, range: 0.1000-0.9000)
   ğŸ”¢ lr_decay_window: 25 (int, range: 5-50)
   ğŸ”¢ lr_decay_p_window: 7 (int, range: 3-20)
   ğŸ“Š lr_decay_slope_less: -0.0075 (linear, range: -0.0100--0.0000)
   ğŸ”¢ lr_decay_max_drops: 25 (int, range: 2-30)
   ğŸ“Š beta2_exp: 2.4246 (linear, range: 0.5000-5.0000)
   ğŸ“Š beta3_exp: 0.9540 (linear, range: 0.0100-1.0000)
âœ… Sampled parameters: {'num_mixtures': 54, 'gmm_init_scale': np.float64(2.9425447784351615), 'rand_sphere_size': 182.27736697712038, 'num_views': 8, 'image_width': 113, 'image_height': 253, 'vfov_degrees': 53.856682742746905, 'num_epochs': 97, 'batch_size': 332, 'initial_lr': np.float64(0.21645686233082126), 'opt_shape_scale': 1.402210310313042, 'lr_decay_p_thresh': 0.6200697608057868, 'lr_decay_window': 25, 'lr_decay_p_window': 7, 'lr_decay_slope_less': -0.0074716222054803305, 'lr_decay_max_drops': 25, 'beta2_exp': 2.424617989874437, 'beta3_exp': 0.9539544549875217}

ğŸ”¬ Running experiment...
ğŸ”§ Creating configuration for experiment 54
ğŸ“ Experiment directory: autotune_results/exp_0054
ğŸ’¾ Configuration saved to: autotune_results/exp_0054/config.yaml
ğŸ¯ Running experiment in TUNE_MODE (suppressed output)
ğŸš€ Starting Fuzzy Metaballs experiment...
âŒ Experiment 54 failed with return code 1
   Error: Traceback (most recent call last):
  File "/home/arijitdasgupta/fuzzy-metaballs/run_fmb.py", line 886, in <module>
    main()
  File "/home/arijitdasgupta/fuzzy-metaballs/run_fmb.py", line 250, in mai...

âŒ EXPERIMENT FAILED
   ğŸ¯ Total successful experiments: 0

ğŸ“ˆ OPTIMIZATION SUMMARY:
   âš ï¸  No successful experiments yet
   ğŸ“Š Total experiments: 55
   âœ… Successful experiments: 0
   ğŸ“ˆ Success rate: 0.0%

============================================================
ğŸ§ª EXPERIMENT 56/1000
============================================================
ğŸ§  Phase: Bayesian optimization (experiments 21+)

ğŸ“‹ Sampling parameters using bayesian method...
ğŸ² Sampling parameters using method: bayesian
   âš ï¸  Not enough results for Bayesian optimization (0 < 5), using random
ğŸ² Sampling parameters using method: random
   ğŸ“Š Using random sampling for exploration
   ğŸ”¢ num_mixtures: 84 (int, range: 10-200)
   ğŸ“ˆ gmm_init_scale: 7.0109 (log scale, range: 0.1000-10.0000)
   ğŸ“Š rand_sphere_size: 150.7293 (linear, range: 1.0000-200.0000)
   ğŸ”¢ num_views: 32 (int, range: 5-50)
   ğŸ”¢ image_width: 50 (int, range: 32-256)
   ğŸ”¢ image_height: 40 (int, range: 32-256)
   ğŸ“Š vfov_degrees: 65.5859 (linear, range: 20.0000-80.0000)
   ğŸ”¢ num_epochs: 86 (int, range: 3-100)
   ğŸ”¢ batch_size: 1151 (int, range: 100-4000)
   ğŸ“ˆ initial_lr: 0.0031 (log scale, range: 0.0010-2.0000)
   ğŸ“Š opt_shape_scale: 1.0396 (linear, range: 0.5000-5.0000)
   ğŸ“Š lr_decay_p_thresh: 0.5437 (linear, range: 0.1000-0.9000)
   ğŸ”¢ lr_decay_window: 18 (int, range: 5-50)
   ğŸ”¢ lr_decay_p_window: 14 (int, range: 3-20)
   ğŸ“Š lr_decay_slope_less: -0.0097 (linear, range: -0.0100--0.0000)
   ğŸ”¢ lr_decay_max_drops: 25 (int, range: 2-30)
   ğŸ“Š beta2_exp: 1.8901 (linear, range: 0.5000-5.0000)
   ğŸ“Š beta3_exp: 0.5584 (linear, range: 0.0100-1.0000)
âœ… Sampled parameters: {'num_mixtures': 84, 'gmm_init_scale': np.float64(7.010901031825502), 'rand_sphere_size': 150.72928821786448, 'num_views': 32, 'image_width': 50, 'image_height': 40, 'vfov_degrees': 65.58588631858919, 'num_epochs': 86, 'batch_size': 1151, 'initial_lr': np.float64(0.003070916342176892), 'opt_shape_scale': 1.0395870614419458, 'lr_decay_p_thresh': 0.5436879650065268, 'lr_decay_window': 18, 'lr_decay_p_window': 14, 'lr_decay_slope_less': -0.009745325456490527, 'lr_decay_max_drops': 25, 'beta2_exp': 1.890137757104378, 'beta3_exp': 0.5584220128850782}

ğŸ”¬ Running experiment...
ğŸ”§ Creating configuration for experiment 55
ğŸ“ Experiment directory: autotune_results/exp_0055
ğŸ’¾ Configuration saved to: autotune_results/exp_0055/config.yaml
ğŸ¯ Running experiment in TUNE_MODE (suppressed output)
ğŸš€ Starting Fuzzy Metaballs experiment...
âŒ Experiment 55 failed with return code 1
   Error: Traceback (most recent call last):
  File "/home/arijitdasgupta/fuzzy-metaballs/run_fmb.py", line 886, in <module>
    main()
  File "/home/arijitdasgupta/fuzzy-metaballs/run_fmb.py", line 250, in mai...

âŒ EXPERIMENT FAILED
   ğŸ¯ Total successful experiments: 0

ğŸ“ˆ OPTIMIZATION SUMMARY:
   âš ï¸  No successful experiments yet
   ğŸ“Š Total experiments: 56
   âœ… Successful experiments: 0
   ğŸ“ˆ Success rate: 0.0%

============================================================
ğŸ§ª EXPERIMENT 57/1000
============================================================
ğŸ§  Phase: Bayesian optimization (experiments 21+)

ğŸ“‹ Sampling parameters using bayesian method...
ğŸ² Sampling parameters using method: bayesian
   âš ï¸  Not enough results for Bayesian optimization (0 < 5), using random
ğŸ² Sampling parameters using method: random
   ğŸ“Š Using random sampling for exploration
   ğŸ”¢ num_mixtures: 81 (int, range: 10-200)
   ğŸ“ˆ gmm_init_scale: 1.3611 (log scale, range: 0.1000-10.0000)
   ğŸ“Š rand_sphere_size: 150.6978 (linear, range: 1.0000-200.0000)
   ğŸ”¢ num_views: 17 (int, range: 5-50)
   ğŸ”¢ image_width: 178 (int, range: 32-256)
   ğŸ”¢ image_height: 54 (int, range: 32-256)
   ğŸ“Š vfov_degrees: 68.3675 (linear, range: 20.0000-80.0000)
   ğŸ”¢ num_epochs: 17 (int, range: 3-100)
   ğŸ”¢ batch_size: 2591 (int, range: 100-4000)
   ğŸ“ˆ initial_lr: 0.0026 (log scale, range: 0.0010-2.0000)
   ğŸ“Š opt_shape_scale: 2.7909 (linear, range: 0.5000-5.0000)
   ğŸ“Š lr_decay_p_thresh: 0.7811 (linear, range: 0.1000-0.9000)
   ğŸ”¢ lr_decay_window: 40 (int, range: 5-50)
   ğŸ”¢ lr_decay_p_window: 9 (int, range: 3-20)
   ğŸ“Š lr_decay_slope_less: -0.0038 (linear, range: -0.0100--0.0000)
   ğŸ”¢ lr_decay_max_drops: 18 (int, range: 2-30)
   ğŸ“Š beta2_exp: 3.2948 (linear, range: 0.5000-5.0000)
   ğŸ“Š beta3_exp: 0.9513 (linear, range: 0.0100-1.0000)
âœ… Sampled parameters: {'num_mixtures': 81, 'gmm_init_scale': np.float64(1.3610779901885424), 'rand_sphere_size': 150.69784168061335, 'num_views': 17, 'image_width': 178, 'image_height': 54, 'vfov_degrees': 68.36752047493513, 'num_epochs': 17, 'batch_size': 2591, 'initial_lr': np.float64(0.002637675595170702), 'opt_shape_scale': 2.790942026027152, 'lr_decay_p_thresh': 0.7811287199544908, 'lr_decay_window': 40, 'lr_decay_p_window': 9, 'lr_decay_slope_less': -0.0038125112347111986, 'lr_decay_max_drops': 18, 'beta2_exp': 3.294768413693902, 'beta3_exp': 0.9512899974698926}

ğŸ”¬ Running experiment...
ğŸ”§ Creating configuration for experiment 56
ğŸ“ Experiment directory: autotune_results/exp_0056
ğŸ’¾ Configuration saved to: autotune_results/exp_0056/config.yaml
ğŸ¯ Running experiment in TUNE_MODE (suppressed output)
ğŸš€ Starting Fuzzy Metaballs experiment...
âŒ Experiment 56 failed with return code 1
   Error: Traceback (most recent call last):
  File "/home/arijitdasgupta/fuzzy-metaballs/run_fmb.py", line 886, in <module>
    main()
  File "/home/arijitdasgupta/fuzzy-metaballs/run_fmb.py", line 250, in mai...

âŒ EXPERIMENT FAILED
   ğŸ¯ Total successful experiments: 0

ğŸ“ˆ OPTIMIZATION SUMMARY:
   âš ï¸  No successful experiments yet
   ğŸ“Š Total experiments: 57
   âœ… Successful experiments: 0
   ğŸ“ˆ Success rate: 0.0%

============================================================
ğŸ§ª EXPERIMENT 58/1000
============================================================
ğŸ§  Phase: Bayesian optimization (experiments 21+)

ğŸ“‹ Sampling parameters using bayesian method...
ğŸ² Sampling parameters using method: bayesian
   âš ï¸  Not enough results for Bayesian optimization (0 < 5), using random
ğŸ² Sampling parameters using method: random
   ğŸ“Š Using random sampling for exploration
   ğŸ”¢ num_mixtures: 12 (int, range: 10-200)
   ğŸ“ˆ gmm_init_scale: 4.3410 (log scale, range: 0.1000-10.0000)
   ğŸ“Š rand_sphere_size: 162.0914 (linear, range: 1.0000-200.0000)
   ğŸ”¢ num_views: 8 (int, range: 5-50)
   ğŸ”¢ image_width: 103 (int, range: 32-256)
   ğŸ”¢ image_height: 147 (int, range: 32-256)
   ğŸ“Š vfov_degrees: 22.9365 (linear, range: 20.0000-80.0000)
   ğŸ”¢ num_epochs: 33 (int, range: 3-100)
   ğŸ”¢ batch_size: 2073 (int, range: 100-4000)
   ğŸ“ˆ initial_lr: 0.0355 (log scale, range: 0.0010-2.0000)
   ğŸ“Š opt_shape_scale: 2.2422 (linear, range: 0.5000-5.0000)
   ğŸ“Š lr_decay_p_thresh: 0.3815 (linear, range: 0.1000-0.9000)
   ğŸ”¢ lr_decay_window: 33 (int, range: 5-50)
   ğŸ”¢ lr_decay_p_window: 20 (int, range: 3-20)
   ğŸ“Š lr_decay_slope_less: -0.0081 (linear, range: -0.0100--0.0000)
   ğŸ”¢ lr_decay_max_drops: 13 (int, range: 2-30)
   ğŸ“Š beta2_exp: 3.3216 (linear, range: 0.5000-5.0000)
   ğŸ“Š beta3_exp: 0.2265 (linear, range: 0.0100-1.0000)
âœ… Sampled parameters: {'num_mixtures': 12, 'gmm_init_scale': np.float64(4.340991216228137), 'rand_sphere_size': 162.0914125146043, 'num_views': 8, 'image_width': 103, 'image_height': 147, 'vfov_degrees': 22.936519557050246, 'num_epochs': 33, 'batch_size': 2073, 'initial_lr': np.float64(0.03545389936830345), 'opt_shape_scale': 2.2422281027270934, 'lr_decay_p_thresh': 0.38147589245142377, 'lr_decay_window': 33, 'lr_decay_p_window': 20, 'lr_decay_slope_less': -0.008075765028595744, 'lr_decay_max_drops': 13, 'beta2_exp': 3.3216329577920356, 'beta3_exp': 0.22645430028195931}

ğŸ”¬ Running experiment...
ğŸ”§ Creating configuration for experiment 57
ğŸ“ Experiment directory: autotune_results/exp_0057
ğŸ’¾ Configuration saved to: autotune_results/exp_0057/config.yaml
ğŸ¯ Running experiment in TUNE_MODE (suppressed output)
ğŸš€ Starting Fuzzy Metaballs experiment...
âŒ Experiment 57 failed with return code 1
   Error: Traceback (most recent call last):
  File "/home/arijitdasgupta/fuzzy-metaballs/run_fmb.py", line 886, in <module>
    main()
  File "/home/arijitdasgupta/fuzzy-metaballs/run_fmb.py", line 250, in mai...

âŒ EXPERIMENT FAILED
   ğŸ¯ Total successful experiments: 0

ğŸ“ˆ OPTIMIZATION SUMMARY:
   âš ï¸  No successful experiments yet
   ğŸ“Š Total experiments: 58
   âœ… Successful experiments: 0
   ğŸ“ˆ Success rate: 0.0%

============================================================
ğŸ§ª EXPERIMENT 59/1000
============================================================
ğŸ§  Phase: Bayesian optimization (experiments 21+)

ğŸ“‹ Sampling parameters using bayesian method...
ğŸ² Sampling parameters using method: bayesian
   âš ï¸  Not enough results for Bayesian optimization (0 < 5), using random
ğŸ² Sampling parameters using method: random
   ğŸ“Š Using random sampling for exploration
   ğŸ”¢ num_mixtures: 17 (int, range: 10-200)
   ğŸ“ˆ gmm_init_scale: 0.7376 (log scale, range: 0.1000-10.0000)
   ğŸ“Š rand_sphere_size: 185.1048 (linear, range: 1.0000-200.0000)
   ğŸ”¢ num_views: 27 (int, range: 5-50)
   ğŸ”¢ image_width: 123 (int, range: 32-256)
   ğŸ”¢ image_height: 73 (int, range: 32-256)
   ğŸ“Š vfov_degrees: 74.7245 (linear, range: 20.0000-80.0000)
   ğŸ”¢ num_epochs: 69 (int, range: 3-100)
   ğŸ”¢ batch_size: 539 (int, range: 100-4000)
   ğŸ“ˆ initial_lr: 0.5408 (log scale, range: 0.0010-2.0000)
   ğŸ“Š opt_shape_scale: 3.2358 (linear, range: 0.5000-5.0000)
   ğŸ“Š lr_decay_p_thresh: 0.7232 (linear, range: 0.1000-0.9000)
   ğŸ”¢ lr_decay_window: 34 (int, range: 5-50)
   ğŸ”¢ lr_decay_p_window: 19 (int, range: 3-20)
   ğŸ“Š lr_decay_slope_less: -0.0035 (linear, range: -0.0100--0.0000)
   ğŸ”¢ lr_decay_max_drops: 24 (int, range: 2-30)
   ğŸ“Š beta2_exp: 1.9751 (linear, range: 0.5000-5.0000)
   ğŸ“Š beta3_exp: 0.9818 (linear, range: 0.0100-1.0000)
âœ… Sampled parameters: {'num_mixtures': 17, 'gmm_init_scale': np.float64(0.7376063372196298), 'rand_sphere_size': 185.10484167120725, 'num_views': 27, 'image_width': 123, 'image_height': 73, 'vfov_degrees': 74.72449022270864, 'num_epochs': 69, 'batch_size': 539, 'initial_lr': np.float64(0.5407809298822757), 'opt_shape_scale': 3.2357584403873934, 'lr_decay_p_thresh': 0.7232074324133227, 'lr_decay_window': 34, 'lr_decay_p_window': 19, 'lr_decay_slope_less': -0.0034553991118683753, 'lr_decay_max_drops': 24, 'beta2_exp': 1.9750620620679795, 'beta3_exp': 0.9817674257774937}

ğŸ”¬ Running experiment...
ğŸ”§ Creating configuration for experiment 58
ğŸ“ Experiment directory: autotune_results/exp_0058
ğŸ’¾ Configuration saved to: autotune_results/exp_0058/config.yaml
ğŸ¯ Running experiment in TUNE_MODE (suppressed output)
ğŸš€ Starting Fuzzy Metaballs experiment...
âŒ Experiment 58 failed with return code 1
   Error: Traceback (most recent call last):
  File "/home/arijitdasgupta/fuzzy-metaballs/run_fmb.py", line 886, in <module>
    main()
  File "/home/arijitdasgupta/fuzzy-metaballs/run_fmb.py", line 250, in mai...

âŒ EXPERIMENT FAILED
   ğŸ¯ Total successful experiments: 0

ğŸ“ˆ OPTIMIZATION SUMMARY:
   âš ï¸  No successful experiments yet
   ğŸ“Š Total experiments: 59
   âœ… Successful experiments: 0
   ğŸ“ˆ Success rate: 0.0%

============================================================
ğŸ§ª EXPERIMENT 60/1000
============================================================
ğŸ§  Phase: Bayesian optimization (experiments 21+)

ğŸ“‹ Sampling parameters using bayesian method...
ğŸ² Sampling parameters using method: bayesian
   âš ï¸  Not enough results for Bayesian optimization (0 < 5), using random
ğŸ² Sampling parameters using method: random
   ğŸ“Š Using random sampling for exploration
   ğŸ”¢ num_mixtures: 143 (int, range: 10-200)
   ğŸ“ˆ gmm_init_scale: 3.5873 (log scale, range: 0.1000-10.0000)
   ğŸ“Š rand_sphere_size: 66.4754 (linear, range: 1.0000-200.0000)
   ğŸ”¢ num_views: 47 (int, range: 5-50)
   ğŸ”¢ image_width: 217 (int, range: 32-256)
   ğŸ”¢ image_height: 224 (int, range: 32-256)
   ğŸ“Š vfov_degrees: 40.2677 (linear, range: 20.0000-80.0000)
   ğŸ”¢ num_epochs: 35 (int, range: 3-100)
   ğŸ”¢ batch_size: 3385 (int, range: 100-4000)
   ğŸ“ˆ initial_lr: 1.6824 (log scale, range: 0.0010-2.0000)
   ğŸ“Š opt_shape_scale: 4.8385 (linear, range: 0.5000-5.0000)
   ğŸ“Š lr_decay_p_thresh: 0.8395 (linear, range: 0.1000-0.9000)
   ğŸ”¢ lr_decay_window: 41 (int, range: 5-50)
   ğŸ”¢ lr_decay_p_window: 11 (int, range: 3-20)
   ğŸ“Š lr_decay_slope_less: -0.0094 (linear, range: -0.0100--0.0000)
   ğŸ”¢ lr_decay_max_drops: 28 (int, range: 2-30)
   ğŸ“Š beta2_exp: 1.4572 (linear, range: 0.5000-5.0000)
   ğŸ“Š beta3_exp: 0.9687 (linear, range: 0.0100-1.0000)
âœ… Sampled parameters: {'num_mixtures': 143, 'gmm_init_scale': np.float64(3.5872867031390907), 'rand_sphere_size': 66.47536228510764, 'num_views': 47, 'image_width': 217, 'image_height': 224, 'vfov_degrees': 40.26765947786075, 'num_epochs': 35, 'batch_size': 3385, 'initial_lr': np.float64(1.6824092012487337), 'opt_shape_scale': 4.838450944888365, 'lr_decay_p_thresh': 0.8395369035386888, 'lr_decay_window': 41, 'lr_decay_p_window': 11, 'lr_decay_slope_less': -0.009353827903076642, 'lr_decay_max_drops': 28, 'beta2_exp': 1.4572274918156327, 'beta3_exp': 0.9687049029539321}

ğŸ”¬ Running experiment...
ğŸ”§ Creating configuration for experiment 59
ğŸ“ Experiment directory: autotune_results/exp_0059
ğŸ’¾ Configuration saved to: autotune_results/exp_0059/config.yaml
ğŸ¯ Running experiment in TUNE_MODE (suppressed output)
ğŸš€ Starting Fuzzy Metaballs experiment...
âŒ Experiment 59 failed with return code 1
   Error: Traceback (most recent call last):
  File "/home/arijitdasgupta/fuzzy-metaballs/run_fmb.py", line 886, in <module>
    main()
  File "/home/arijitdasgupta/fuzzy-metaballs/run_fmb.py", line 250, in mai...

âŒ EXPERIMENT FAILED
   ğŸ¯ Total successful experiments: 0

ğŸ’¾ SAVING RESULTS (checkpoint 60)
   âœ… Results saved to: autotune_results
   ğŸ“Š Progress plot updated

ğŸ“ˆ OPTIMIZATION SUMMARY:
   âš ï¸  No successful experiments yet
   ğŸ“Š Total experiments: 60
   âœ… Successful experiments: 0
   ğŸ“ˆ Success rate: 0.0%

============================================================
ğŸ§ª EXPERIMENT 61/1000
============================================================
ğŸ§  Phase: Bayesian optimization (experiments 21+)

ğŸ“‹ Sampling parameters using bayesian method...
ğŸ² Sampling parameters using method: bayesian
   âš ï¸  Not enough results for Bayesian optimization (0 < 5), using random
ğŸ² Sampling parameters using method: random
   ğŸ“Š Using random sampling for exploration
   ğŸ”¢ num_mixtures: 29 (int, range: 10-200)
   ğŸ“ˆ gmm_init_scale: 0.1372 (log scale, range: 0.1000-10.0000)
   ğŸ“Š rand_sphere_size: 49.7811 (linear, range: 1.0000-200.0000)
   ğŸ”¢ num_views: 47 (int, range: 5-50)
   ğŸ”¢ image_width: 141 (int, range: 32-256)
   ğŸ”¢ image_height: 165 (int, range: 32-256)
   ğŸ“Š vfov_degrees: 62.4564 (linear, range: 20.0000-80.0000)
   ğŸ”¢ num_epochs: 88 (int, range: 3-100)
   ğŸ”¢ batch_size: 2308 (int, range: 100-4000)
   ğŸ“ˆ initial_lr: 0.0045 (log scale, range: 0.0010-2.0000)
   ğŸ“Š opt_shape_scale: 4.7591 (linear, range: 0.5000-5.0000)
   ğŸ“Š lr_decay_p_thresh: 0.8064 (linear, range: 0.1000-0.9000)
   ğŸ”¢ lr_decay_window: 14 (int, range: 5-50)
   ğŸ”¢ lr_decay_p_window: 19 (int, range: 3-20)
   ğŸ“Š lr_decay_slope_less: -0.0045 (linear, range: -0.0100--0.0000)
   ğŸ”¢ lr_decay_max_drops: 23 (int, range: 2-30)
   ğŸ“Š beta2_exp: 3.9459 (linear, range: 0.5000-5.0000)
   ğŸ“Š beta3_exp: 0.3098 (linear, range: 0.0100-1.0000)
âœ… Sampled parameters: {'num_mixtures': 29, 'gmm_init_scale': np.float64(0.13722071084704543), 'rand_sphere_size': 49.78112580074857, 'num_views': 47, 'image_width': 141, 'image_height': 165, 'vfov_degrees': 62.45638484676996, 'num_epochs': 88, 'batch_size': 2308, 'initial_lr': np.float64(0.004526082542501203), 'opt_shape_scale': 4.759095316692738, 'lr_decay_p_thresh': 0.8064243994491681, 'lr_decay_window': 14, 'lr_decay_p_window': 19, 'lr_decay_slope_less': -0.004507087390073568, 'lr_decay_max_drops': 23, 'beta2_exp': 3.9459152747967976, 'beta3_exp': 0.3097970643940009}

ğŸ”¬ Running experiment...
ğŸ”§ Creating configuration for experiment 60
ğŸ“ Experiment directory: autotune_results/exp_0060
ğŸ’¾ Configuration saved to: autotune_results/exp_0060/config.yaml
ğŸ¯ Running experiment in TUNE_MODE (suppressed output)
ğŸš€ Starting Fuzzy Metaballs experiment...
âŒ Experiment 60 failed with return code 1
   Error: Traceback (most recent call last):
  File "/home/arijitdasgupta/fuzzy-metaballs/run_fmb.py", line 886, in <module>
    main()
  File "/home/arijitdasgupta/fuzzy-metaballs/run_fmb.py", line 250, in mai...

âŒ EXPERIMENT FAILED
   ğŸ¯ Total successful experiments: 0

ğŸ“ˆ OPTIMIZATION SUMMARY:
   âš ï¸  No successful experiments yet
   ğŸ“Š Total experiments: 61
   âœ… Successful experiments: 0
   ğŸ“ˆ Success rate: 0.0%

============================================================
ğŸ§ª EXPERIMENT 62/1000
============================================================
ğŸ§  Phase: Bayesian optimization (experiments 21+)

ğŸ“‹ Sampling parameters using bayesian method...
ğŸ² Sampling parameters using method: bayesian
   âš ï¸  Not enough results for Bayesian optimization (0 < 5), using random
ğŸ² Sampling parameters using method: random
   ğŸ“Š Using random sampling for exploration
   ğŸ”¢ num_mixtures: 55 (int, range: 10-200)
   ğŸ“ˆ gmm_init_scale: 1.3454 (log scale, range: 0.1000-10.0000)
   ğŸ“Š rand_sphere_size: 189.2119 (linear, range: 1.0000-200.0000)
   ğŸ”¢ num_views: 18 (int, range: 5-50)
   ğŸ”¢ image_width: 117 (int, range: 32-256)
   ğŸ”¢ image_height: 221 (int, range: 32-256)
   ğŸ“Š vfov_degrees: 32.3431 (linear, range: 20.0000-80.0000)
   ğŸ”¢ num_epochs: 99 (int, range: 3-100)
   ğŸ”¢ batch_size: 1669 (int, range: 100-4000)
   ğŸ“ˆ initial_lr: 0.4376 (log scale, range: 0.0010-2.0000)
   ğŸ“Š opt_shape_scale: 0.6737 (linear, range: 0.5000-5.0000)
   ğŸ“Š lr_decay_p_thresh: 0.5775 (linear, range: 0.1000-0.9000)
   ğŸ”¢ lr_decay_window: 6 (int, range: 5-50)
   ğŸ”¢ lr_decay_p_window: 12 (int, range: 3-20)
   ğŸ“Š lr_decay_slope_less: -0.0025 (linear, range: -0.0100--0.0000)
   ğŸ”¢ lr_decay_max_drops: 11 (int, range: 2-30)
   ğŸ“Š beta2_exp: 4.0848 (linear, range: 0.5000-5.0000)
   ğŸ“Š beta3_exp: 0.0405 (linear, range: 0.0100-1.0000)
âœ… Sampled parameters: {'num_mixtures': 55, 'gmm_init_scale': np.float64(1.3454115297989317), 'rand_sphere_size': 189.2118710100099, 'num_views': 18, 'image_width': 117, 'image_height': 221, 'vfov_degrees': 32.343140117574784, 'num_epochs': 99, 'batch_size': 1669, 'initial_lr': np.float64(0.43758503433675855), 'opt_shape_scale': 0.6737365278845384, 'lr_decay_p_thresh': 0.5775433521695582, 'lr_decay_window': 6, 'lr_decay_p_window': 12, 'lr_decay_slope_less': -0.0025253010731438015, 'lr_decay_max_drops': 11, 'beta2_exp': 4.084785944031147, 'beta3_exp': 0.04047942303685549}

ğŸ”¬ Running experiment...
ğŸ”§ Creating configuration for experiment 61
ğŸ“ Experiment directory: autotune_results/exp_0061
ğŸ’¾ Configuration saved to: autotune_results/exp_0061/config.yaml
ğŸ¯ Running experiment in TUNE_MODE (suppressed output)
ğŸš€ Starting Fuzzy Metaballs experiment...
âŒ Experiment 61 failed with return code 1
   Error: Traceback (most recent call last):
  File "/home/arijitdasgupta/fuzzy-metaballs/run_fmb.py", line 886, in <module>
    main()
  File "/home/arijitdasgupta/fuzzy-metaballs/run_fmb.py", line 250, in mai...

âŒ EXPERIMENT FAILED
   ğŸ¯ Total successful experiments: 0

ğŸ“ˆ OPTIMIZATION SUMMARY:
   âš ï¸  No successful experiments yet
   ğŸ“Š Total experiments: 62
   âœ… Successful experiments: 0
   ğŸ“ˆ Success rate: 0.0%

============================================================
ğŸ§ª EXPERIMENT 63/1000
============================================================
ğŸ§  Phase: Bayesian optimization (experiments 21+)

ğŸ“‹ Sampling parameters using bayesian method...
ğŸ² Sampling parameters using method: bayesian
   âš ï¸  Not enough results for Bayesian optimization (0 < 5), using random
ğŸ² Sampling parameters using method: random
   ğŸ“Š Using random sampling for exploration
   ğŸ”¢ num_mixtures: 22 (int, range: 10-200)
   ğŸ“ˆ gmm_init_scale: 3.9974 (log scale, range: 0.1000-10.0000)
   ğŸ“Š rand_sphere_size: 37.5701 (linear, range: 1.0000-200.0000)
   ğŸ”¢ num_views: 39 (int, range: 5-50)
   ğŸ”¢ image_width: 172 (int, range: 32-256)
   ğŸ”¢ image_height: 187 (int, range: 32-256)
   ğŸ“Š vfov_degrees: 57.3816 (linear, range: 20.0000-80.0000)
   ğŸ”¢ num_epochs: 37 (int, range: 3-100)
   ğŸ”¢ batch_size: 3550 (int, range: 100-4000)
   ğŸ“ˆ initial_lr: 0.0790 (log scale, range: 0.0010-2.0000)
   ğŸ“Š opt_shape_scale: 0.5150 (linear, range: 0.5000-5.0000)
   ğŸ“Š lr_decay_p_thresh: 0.4595 (linear, range: 0.1000-0.9000)
   ğŸ”¢ lr_decay_window: 19 (int, range: 5-50)
   ğŸ”¢ lr_decay_p_window: 7 (int, range: 3-20)
   ğŸ“Š lr_decay_slope_less: -0.0075 (linear, range: -0.0100--0.0000)
   ğŸ”¢ lr_decay_max_drops: 20 (int, range: 2-30)
   ğŸ“Š beta2_exp: 2.4399 (linear, range: 0.5000-5.0000)
   ğŸ“Š beta3_exp: 0.1079 (linear, range: 0.0100-1.0000)
âœ… Sampled parameters: {'num_mixtures': 22, 'gmm_init_scale': np.float64(3.9974072732585118), 'rand_sphere_size': 37.570072455269546, 'num_views': 39, 'image_width': 172, 'image_height': 187, 'vfov_degrees': 57.381637079881244, 'num_epochs': 37, 'batch_size': 3550, 'initial_lr': np.float64(0.07904838136395831), 'opt_shape_scale': 0.5150288145759906, 'lr_decay_p_thresh': 0.45945023111045424, 'lr_decay_window': 19, 'lr_decay_p_window': 7, 'lr_decay_slope_less': -0.0075467450024637225, 'lr_decay_max_drops': 20, 'beta2_exp': 2.4398859192856515, 'beta3_exp': 0.10785493907852854}

ğŸ”¬ Running experiment...
ğŸ”§ Creating configuration for experiment 62
ğŸ“ Experiment directory: autotune_results/exp_0062
ğŸ’¾ Configuration saved to: autotune_results/exp_0062/config.yaml
ğŸ¯ Running experiment in TUNE_MODE (suppressed output)
ğŸš€ Starting Fuzzy Metaballs experiment...
âŒ Experiment 62 failed with return code 1
   Error: Traceback (most recent call last):
  File "/home/arijitdasgupta/fuzzy-metaballs/run_fmb.py", line 886, in <module>
    main()
  File "/home/arijitdasgupta/fuzzy-metaballs/run_fmb.py", line 250, in mai...

âŒ EXPERIMENT FAILED
   ğŸ¯ Total successful experiments: 0

ğŸ“ˆ OPTIMIZATION SUMMARY:
   âš ï¸  No successful experiments yet
   ğŸ“Š Total experiments: 63
   âœ… Successful experiments: 0
   ğŸ“ˆ Success rate: 0.0%

============================================================
ğŸ§ª EXPERIMENT 64/1000
============================================================
ğŸ§  Phase: Bayesian optimization (experiments 21+)

ğŸ“‹ Sampling parameters using bayesian method...
ğŸ² Sampling parameters using method: bayesian
   âš ï¸  Not enough results for Bayesian optimization (0 < 5), using random
ğŸ² Sampling parameters using method: random
   ğŸ“Š Using random sampling for exploration
   ğŸ”¢ num_mixtures: 97 (int, range: 10-200)
   ğŸ“ˆ gmm_init_scale: 0.1484 (log scale, range: 0.1000-10.0000)
   ğŸ“Š rand_sphere_size: 119.1230 (linear, range: 1.0000-200.0000)
   ğŸ”¢ num_views: 43 (int, range: 5-50)
   ğŸ”¢ image_width: 58 (int, range: 32-256)
   ğŸ”¢ image_height: 165 (int, range: 32-256)
   ğŸ“Š vfov_degrees: 40.7359 (linear, range: 20.0000-80.0000)
   ğŸ”¢ num_epochs: 36 (int, range: 3-100)
   ğŸ”¢ batch_size: 1739 (int, range: 100-4000)
   ğŸ“ˆ initial_lr: 0.0152 (log scale, range: 0.0010-2.0000)
   ğŸ“Š opt_shape_scale: 1.3941 (linear, range: 0.5000-5.0000)
   ğŸ“Š lr_decay_p_thresh: 0.6554 (linear, range: 0.1000-0.9000)
   ğŸ”¢ lr_decay_window: 25 (int, range: 5-50)
   ğŸ”¢ lr_decay_p_window: 6 (int, range: 3-20)
   ğŸ“Š lr_decay_slope_less: -0.0002 (linear, range: -0.0100--0.0000)
   ğŸ”¢ lr_decay_max_drops: 21 (int, range: 2-30)
   ğŸ“Š beta2_exp: 1.7694 (linear, range: 0.5000-5.0000)
   ğŸ“Š beta3_exp: 0.4863 (linear, range: 0.0100-1.0000)
âœ… Sampled parameters: {'num_mixtures': 97, 'gmm_init_scale': np.float64(0.14844873340187303), 'rand_sphere_size': 119.122968233354, 'num_views': 43, 'image_width': 58, 'image_height': 165, 'vfov_degrees': 40.735925813992104, 'num_epochs': 36, 'batch_size': 1739, 'initial_lr': np.float64(0.015175246126677283), 'opt_shape_scale': 1.3941448221566548, 'lr_decay_p_thresh': 0.6553582884430655, 'lr_decay_window': 25, 'lr_decay_p_window': 6, 'lr_decay_slope_less': -0.0002413108628622103, 'lr_decay_max_drops': 21, 'beta2_exp': 1.7694109883692342, 'beta3_exp': 0.4862849275406571}

ğŸ”¬ Running experiment...
ğŸ”§ Creating configuration for experiment 63
ğŸ“ Experiment directory: autotune_results/exp_0063
ğŸ’¾ Configuration saved to: autotune_results/exp_0063/config.yaml
ğŸ¯ Running experiment in TUNE_MODE (suppressed output)
ğŸš€ Starting Fuzzy Metaballs experiment...
âŒ Experiment 63 failed with return code 1
   Error: Traceback (most recent call last):
  File "/home/arijitdasgupta/fuzzy-metaballs/run_fmb.py", line 886, in <module>
    main()
  File "/home/arijitdasgupta/fuzzy-metaballs/run_fmb.py", line 250, in mai...

âŒ EXPERIMENT FAILED
   ğŸ¯ Total successful experiments: 0

ğŸ“ˆ OPTIMIZATION SUMMARY:
   âš ï¸  No successful experiments yet
   ğŸ“Š Total experiments: 64
   âœ… Successful experiments: 0
   ğŸ“ˆ Success rate: 0.0%

============================================================
ğŸ§ª EXPERIMENT 65/1000
============================================================
ğŸ§  Phase: Bayesian optimization (experiments 21+)

ğŸ“‹ Sampling parameters using bayesian method...
ğŸ² Sampling parameters using method: bayesian
   âš ï¸  Not enough results for Bayesian optimization (0 < 5), using random
ğŸ² Sampling parameters using method: random
   ğŸ“Š Using random sampling for exploration
   ğŸ”¢ num_mixtures: 39 (int, range: 10-200)
   ğŸ“ˆ gmm_init_scale: 9.5068 (log scale, range: 0.1000-10.0000)
   ğŸ“Š rand_sphere_size: 59.0560 (linear, range: 1.0000-200.0000)
   ğŸ”¢ num_views: 32 (int, range: 5-50)
   ğŸ”¢ image_width: 181 (int, range: 32-256)
   ğŸ”¢ image_height: 116 (int, range: 32-256)
   ğŸ“Š vfov_degrees: 55.1771 (linear, range: 20.0000-80.0000)
   ğŸ”¢ num_epochs: 78 (int, range: 3-100)
   ğŸ”¢ batch_size: 1295 (int, range: 100-4000)
   ğŸ“ˆ initial_lr: 0.1142 (log scale, range: 0.0010-2.0000)
   ğŸ“Š opt_shape_scale: 3.1988 (linear, range: 0.5000-5.0000)
   ğŸ“Š lr_decay_p_thresh: 0.7134 (linear, range: 0.1000-0.9000)
   ğŸ”¢ lr_decay_window: 13 (int, range: 5-50)
   ğŸ”¢ lr_decay_p_window: 4 (int, range: 3-20)
   ğŸ“Š lr_decay_slope_less: -0.0031 (linear, range: -0.0100--0.0000)
   ğŸ”¢ lr_decay_max_drops: 19 (int, range: 2-30)
   ğŸ“Š beta2_exp: 2.7023 (linear, range: 0.5000-5.0000)
   ğŸ“Š beta3_exp: 0.7652 (linear, range: 0.0100-1.0000)
âœ… Sampled parameters: {'num_mixtures': 39, 'gmm_init_scale': np.float64(9.506801244507448), 'rand_sphere_size': 59.056002949304016, 'num_views': 32, 'image_width': 181, 'image_height': 116, 'vfov_degrees': 55.177124001197384, 'num_epochs': 78, 'batch_size': 1295, 'initial_lr': np.float64(0.11415935170172972), 'opt_shape_scale': 3.1988256404842357, 'lr_decay_p_thresh': 0.7134149672657045, 'lr_decay_window': 13, 'lr_decay_p_window': 4, 'lr_decay_slope_less': -0.003136634012763875, 'lr_decay_max_drops': 19, 'beta2_exp': 2.702320121925308, 'beta3_exp': 0.7652118363082796}

ğŸ”¬ Running experiment...
ğŸ”§ Creating configuration for experiment 64
ğŸ“ Experiment directory: autotune_results/exp_0064
ğŸ’¾ Configuration saved to: autotune_results/exp_0064/config.yaml
ğŸ¯ Running experiment in TUNE_MODE (suppressed output)
ğŸš€ Starting Fuzzy Metaballs experiment...
âŒ Experiment 64 failed with return code 1
   Error: Traceback (most recent call last):
  File "/home/arijitdasgupta/fuzzy-metaballs/run_fmb.py", line 886, in <module>
    main()
  File "/home/arijitdasgupta/fuzzy-metaballs/run_fmb.py", line 250, in mai...

âŒ EXPERIMENT FAILED
   ğŸ¯ Total successful experiments: 0

ğŸ“ˆ OPTIMIZATION SUMMARY:
   âš ï¸  No successful experiments yet
   ğŸ“Š Total experiments: 65
   âœ… Successful experiments: 0
   ğŸ“ˆ Success rate: 0.0%

============================================================
ğŸ§ª EXPERIMENT 66/1000
============================================================
ğŸ§  Phase: Bayesian optimization (experiments 21+)

ğŸ“‹ Sampling parameters using bayesian method...
ğŸ² Sampling parameters using method: bayesian
   âš ï¸  Not enough results for Bayesian optimization (0 < 5), using random
ğŸ² Sampling parameters using method: random
   ğŸ“Š Using random sampling for exploration
   ğŸ”¢ num_mixtures: 12 (int, range: 10-200)
   ğŸ“ˆ gmm_init_scale: 1.9805 (log scale, range: 0.1000-10.0000)
   ğŸ“Š rand_sphere_size: 113.7906 (linear, range: 1.0000-200.0000)
   ğŸ”¢ num_views: 41 (int, range: 5-50)
   ğŸ”¢ image_width: 256 (int, range: 32-256)
   ğŸ”¢ image_height: 180 (int, range: 32-256)
   ğŸ“Š vfov_degrees: 49.6825 (linear, range: 20.0000-80.0000)
   ğŸ”¢ num_epochs: 76 (int, range: 3-100)
   ğŸ”¢ batch_size: 991 (int, range: 100-4000)
   ğŸ“ˆ initial_lr: 0.0029 (log scale, range: 0.0010-2.0000)
   ğŸ“Š opt_shape_scale: 3.3846 (linear, range: 0.5000-5.0000)
   ğŸ“Š lr_decay_p_thresh: 0.3548 (linear, range: 0.1000-0.9000)
   ğŸ”¢ lr_decay_window: 38 (int, range: 5-50)
   ğŸ”¢ lr_decay_p_window: 15 (int, range: 3-20)
   ğŸ“Š lr_decay_slope_less: -0.0016 (linear, range: -0.0100--0.0000)
   ğŸ”¢ lr_decay_max_drops: 8 (int, range: 2-30)
   ğŸ“Š beta2_exp: 1.2476 (linear, range: 0.5000-5.0000)
   ğŸ“Š beta3_exp: 0.9232 (linear, range: 0.0100-1.0000)
âœ… Sampled parameters: {'num_mixtures': 12, 'gmm_init_scale': np.float64(1.980542518086963), 'rand_sphere_size': 113.79056762973121, 'num_views': 41, 'image_width': 256, 'image_height': 180, 'vfov_degrees': 49.68253251043765, 'num_epochs': 76, 'batch_size': 991, 'initial_lr': np.float64(0.0029105126839248244), 'opt_shape_scale': 3.384565078877387, 'lr_decay_p_thresh': 0.3548071217016656, 'lr_decay_window': 38, 'lr_decay_p_window': 15, 'lr_decay_slope_less': -0.001568446222027415, 'lr_decay_max_drops': 8, 'beta2_exp': 1.2476049409297125, 'beta3_exp': 0.9231516035708947}

ğŸ”¬ Running experiment...
ğŸ”§ Creating configuration for experiment 65
ğŸ“ Experiment directory: autotune_results/exp_0065
ğŸ’¾ Configuration saved to: autotune_results/exp_0065/config.yaml
ğŸ¯ Running experiment in TUNE_MODE (suppressed output)
ğŸš€ Starting Fuzzy Metaballs experiment...
âŒ Experiment 65 failed with return code 1
   Error: Traceback (most recent call last):
  File "/home/arijitdasgupta/fuzzy-metaballs/run_fmb.py", line 886, in <module>
    main()
  File "/home/arijitdasgupta/fuzzy-metaballs/run_fmb.py", line 250, in mai...

âŒ EXPERIMENT FAILED
   ğŸ¯ Total successful experiments: 0

ğŸ“ˆ OPTIMIZATION SUMMARY:
   âš ï¸  No successful experiments yet
   ğŸ“Š Total experiments: 66
   âœ… Successful experiments: 0
   ğŸ“ˆ Success rate: 0.0%

============================================================
ğŸ§ª EXPERIMENT 67/1000
============================================================
ğŸ§  Phase: Bayesian optimization (experiments 21+)

ğŸ“‹ Sampling parameters using bayesian method...
ğŸ² Sampling parameters using method: bayesian
   âš ï¸  Not enough results for Bayesian optimization (0 < 5), using random
ğŸ² Sampling parameters using method: random
   ğŸ“Š Using random sampling for exploration
   ğŸ”¢ num_mixtures: 41 (int, range: 10-200)
   ğŸ“ˆ gmm_init_scale: 0.3552 (log scale, range: 0.1000-10.0000)
   ğŸ“Š rand_sphere_size: 29.5358 (linear, range: 1.0000-200.0000)
   ğŸ”¢ num_views: 37 (int, range: 5-50)
   ğŸ”¢ image_width: 129 (int, range: 32-256)
   ğŸ”¢ image_height: 215 (int, range: 32-256)
   ğŸ“Š vfov_degrees: 79.1536 (linear, range: 20.0000-80.0000)
   ğŸ”¢ num_epochs: 18 (int, range: 3-100)
   ğŸ”¢ batch_size: 2940 (int, range: 100-4000)
   ğŸ“ˆ initial_lr: 0.1727 (log scale, range: 0.0010-2.0000)
   ğŸ“Š opt_shape_scale: 3.7570 (linear, range: 0.5000-5.0000)
   ğŸ“Š lr_decay_p_thresh: 0.2647 (linear, range: 0.1000-0.9000)
   ğŸ”¢ lr_decay_window: 16 (int, range: 5-50)
   ğŸ”¢ lr_decay_p_window: 20 (int, range: 3-20)
   ğŸ“Š lr_decay_slope_less: -0.0003 (linear, range: -0.0100--0.0000)
   ğŸ”¢ lr_decay_max_drops: 27 (int, range: 2-30)
   ğŸ“Š beta2_exp: 3.9019 (linear, range: 0.5000-5.0000)
   ğŸ“Š beta3_exp: 0.4633 (linear, range: 0.0100-1.0000)
âœ… Sampled parameters: {'num_mixtures': 41, 'gmm_init_scale': np.float64(0.3552137001851059), 'rand_sphere_size': 29.535830432112956, 'num_views': 37, 'image_width': 129, 'image_height': 215, 'vfov_degrees': 79.15358242239853, 'num_epochs': 18, 'batch_size': 2940, 'initial_lr': np.float64(0.17267532020226106), 'opt_shape_scale': 3.7570180919697367, 'lr_decay_p_thresh': 0.26465314694705433, 'lr_decay_window': 16, 'lr_decay_p_window': 20, 'lr_decay_slope_less': -0.00030387441520057096, 'lr_decay_max_drops': 27, 'beta2_exp': 3.9018769349905957, 'beta3_exp': 0.46330896508731834}

ğŸ”¬ Running experiment...
ğŸ”§ Creating configuration for experiment 66
ğŸ“ Experiment directory: autotune_results/exp_0066
ğŸ’¾ Configuration saved to: autotune_results/exp_0066/config.yaml
ğŸ¯ Running experiment in TUNE_MODE (suppressed output)
ğŸš€ Starting Fuzzy Metaballs experiment...
âŒ Experiment 66 failed with return code 1
   Error: Traceback (most recent call last):
  File "/home/arijitdasgupta/fuzzy-metaballs/run_fmb.py", line 886, in <module>
    main()
  File "/home/arijitdasgupta/fuzzy-metaballs/run_fmb.py", line 250, in mai...

âŒ EXPERIMENT FAILED
   ğŸ¯ Total successful experiments: 0

ğŸ“ˆ OPTIMIZATION SUMMARY:
   âš ï¸  No successful experiments yet
   ğŸ“Š Total experiments: 67
   âœ… Successful experiments: 0
   ğŸ“ˆ Success rate: 0.0%

============================================================
ğŸ§ª EXPERIMENT 68/1000
============================================================
ğŸ§  Phase: Bayesian optimization (experiments 21+)

ğŸ“‹ Sampling parameters using bayesian method...
ğŸ² Sampling parameters using method: bayesian
   âš ï¸  Not enough results for Bayesian optimization (0 < 5), using random
ğŸ² Sampling parameters using method: random
   ğŸ“Š Using random sampling for exploration
   ğŸ”¢ num_mixtures: 152 (int, range: 10-200)
   ğŸ“ˆ gmm_init_scale: 0.1128 (log scale, range: 0.1000-10.0000)
   ğŸ“Š rand_sphere_size: 48.0853 (linear, range: 1.0000-200.0000)
   ğŸ”¢ num_views: 33 (int, range: 5-50)
   ğŸ”¢ image_width: 224 (int, range: 32-256)
   ğŸ”¢ image_height: 62 (int, range: 32-256)
   ğŸ“Š vfov_degrees: 56.8543 (linear, range: 20.0000-80.0000)
   ğŸ”¢ num_epochs: 87 (int, range: 3-100)
   ğŸ”¢ batch_size: 641 (int, range: 100-4000)
   ğŸ“ˆ initial_lr: 0.0030 (log scale, range: 0.0010-2.0000)
   ğŸ“Š opt_shape_scale: 1.0593 (linear, range: 0.5000-5.0000)
   ğŸ“Š lr_decay_p_thresh: 0.1139 (linear, range: 0.1000-0.9000)
   ğŸ”¢ lr_decay_window: 49 (int, range: 5-50)
   ğŸ”¢ lr_decay_p_window: 9 (int, range: 3-20)
   ğŸ“Š lr_decay_slope_less: -0.0022 (linear, range: -0.0100--0.0000)
   ğŸ”¢ lr_decay_max_drops: 7 (int, range: 2-30)
   ğŸ“Š beta2_exp: 4.8361 (linear, range: 0.5000-5.0000)
   ğŸ“Š beta3_exp: 0.1499 (linear, range: 0.0100-1.0000)
âœ… Sampled parameters: {'num_mixtures': 152, 'gmm_init_scale': np.float64(0.11282594237045952), 'rand_sphere_size': 48.08531180559246, 'num_views': 33, 'image_width': 224, 'image_height': 62, 'vfov_degrees': 56.85432765921791, 'num_epochs': 87, 'batch_size': 641, 'initial_lr': np.float64(0.0030403681815111983), 'opt_shape_scale': 1.0592828074668779, 'lr_decay_p_thresh': 0.11393577858138998, 'lr_decay_window': 49, 'lr_decay_p_window': 9, 'lr_decay_slope_less': -0.0022064936698870134, 'lr_decay_max_drops': 7, 'beta2_exp': 4.836077616229795, 'beta3_exp': 0.14992907181892848}

ğŸ”¬ Running experiment...
ğŸ”§ Creating configuration for experiment 67
ğŸ“ Experiment directory: autotune_results/exp_0067
ğŸ’¾ Configuration saved to: autotune_results/exp_0067/config.yaml
ğŸ¯ Running experiment in TUNE_MODE (suppressed output)
ğŸš€ Starting Fuzzy Metaballs experiment...
âŒ Experiment 67 failed with return code 1
   Error: Traceback (most recent call last):
  File "/home/arijitdasgupta/fuzzy-metaballs/run_fmb.py", line 886, in <module>
    main()
  File "/home/arijitdasgupta/fuzzy-metaballs/run_fmb.py", line 250, in mai...

âŒ EXPERIMENT FAILED
   ğŸ¯ Total successful experiments: 0

ğŸ“ˆ OPTIMIZATION SUMMARY:
   âš ï¸  No successful experiments yet
   ğŸ“Š Total experiments: 68
   âœ… Successful experiments: 0
   ğŸ“ˆ Success rate: 0.0%

============================================================
ğŸ§ª EXPERIMENT 69/1000
============================================================
ğŸ§  Phase: Bayesian optimization (experiments 21+)

ğŸ“‹ Sampling parameters using bayesian method...
ğŸ² Sampling parameters using method: bayesian
   âš ï¸  Not enough results for Bayesian optimization (0 < 5), using random
ğŸ² Sampling parameters using method: random
   ğŸ“Š Using random sampling for exploration
   ğŸ”¢ num_mixtures: 14 (int, range: 10-200)
   ğŸ“ˆ gmm_init_scale: 7.7360 (log scale, range: 0.1000-10.0000)
   ğŸ“Š rand_sphere_size: 53.9444 (linear, range: 1.0000-200.0000)
   ğŸ”¢ num_views: 41 (int, range: 5-50)
   ğŸ”¢ image_width: 198 (int, range: 32-256)
   ğŸ”¢ image_height: 46 (int, range: 32-256)
   ğŸ“Š vfov_degrees: 20.6268 (linear, range: 20.0000-80.0000)
   ğŸ”¢ num_epochs: 96 (int, range: 3-100)
   ğŸ”¢ batch_size: 3762 (int, range: 100-4000)
   ğŸ“ˆ initial_lr: 0.0032 (log scale, range: 0.0010-2.0000)
   ğŸ“Š opt_shape_scale: 4.6608 (linear, range: 0.5000-5.0000)
   ğŸ“Š lr_decay_p_thresh: 0.7122 (linear, range: 0.1000-0.9000)
   ğŸ”¢ lr_decay_window: 26 (int, range: 5-50)
   ğŸ”¢ lr_decay_p_window: 15 (int, range: 3-20)
   ğŸ“Š lr_decay_slope_less: -0.0060 (linear, range: -0.0100--0.0000)
   ğŸ”¢ lr_decay_max_drops: 19 (int, range: 2-30)
   ğŸ“Š beta2_exp: 3.9022 (linear, range: 0.5000-5.0000)
   ğŸ“Š beta3_exp: 0.3748 (linear, range: 0.0100-1.0000)
âœ… Sampled parameters: {'num_mixtures': 14, 'gmm_init_scale': np.float64(7.73600982428564), 'rand_sphere_size': 53.94442077869379, 'num_views': 41, 'image_width': 198, 'image_height': 46, 'vfov_degrees': 20.626839266943353, 'num_epochs': 96, 'batch_size': 3762, 'initial_lr': np.float64(0.0031967358327143636), 'opt_shape_scale': 4.660763583455797, 'lr_decay_p_thresh': 0.7122394563548435, 'lr_decay_window': 26, 'lr_decay_p_window': 15, 'lr_decay_slope_less': -0.00604047640527553, 'lr_decay_max_drops': 19, 'beta2_exp': 3.9021898602763376, 'beta3_exp': 0.37478089755457794}

ğŸ”¬ Running experiment...
ğŸ”§ Creating configuration for experiment 68
ğŸ“ Experiment directory: autotune_results/exp_0068
ğŸ’¾ Configuration saved to: autotune_results/exp_0068/config.yaml
ğŸ¯ Running experiment in TUNE_MODE (suppressed output)
ğŸš€ Starting Fuzzy Metaballs experiment...
âŒ Experiment 68 failed with return code 1
   Error: Traceback (most recent call last):
  File "/home/arijitdasgupta/fuzzy-metaballs/run_fmb.py", line 886, in <module>
    main()
  File "/home/arijitdasgupta/fuzzy-metaballs/run_fmb.py", line 250, in mai...

âŒ EXPERIMENT FAILED
   ğŸ¯ Total successful experiments: 0

ğŸ“ˆ OPTIMIZATION SUMMARY:
   âš ï¸  No successful experiments yet
   ğŸ“Š Total experiments: 69
   âœ… Successful experiments: 0
   ğŸ“ˆ Success rate: 0.0%

============================================================
ğŸ§ª EXPERIMENT 70/1000
============================================================
ğŸ§  Phase: Bayesian optimization (experiments 21+)

ğŸ“‹ Sampling parameters using bayesian method...
ğŸ² Sampling parameters using method: bayesian
   âš ï¸  Not enough results for Bayesian optimization (0 < 5), using random
ğŸ² Sampling parameters using method: random
   ğŸ“Š Using random sampling for exploration
   ğŸ”¢ num_mixtures: 195 (int, range: 10-200)
   ğŸ“ˆ gmm_init_scale: 0.1312 (log scale, range: 0.1000-10.0000)
   ğŸ“Š rand_sphere_size: 98.0514 (linear, range: 1.0000-200.0000)
   ğŸ”¢ num_views: 25 (int, range: 5-50)
   ğŸ”¢ image_width: 249 (int, range: 32-256)
   ğŸ”¢ image_height: 228 (int, range: 32-256)
   ğŸ“Š vfov_degrees: 59.2854 (linear, range: 20.0000-80.0000)
   ğŸ”¢ num_epochs: 92 (int, range: 3-100)
   ğŸ”¢ batch_size: 2305 (int, range: 100-4000)
   ğŸ“ˆ initial_lr: 0.0055 (log scale, range: 0.0010-2.0000)
   ğŸ“Š opt_shape_scale: 4.8223 (linear, range: 0.5000-5.0000)
   ğŸ“Š lr_decay_p_thresh: 0.6442 (linear, range: 0.1000-0.9000)
   ğŸ”¢ lr_decay_window: 26 (int, range: 5-50)
   ğŸ”¢ lr_decay_p_window: 6 (int, range: 3-20)
   ğŸ“Š lr_decay_slope_less: -0.0080 (linear, range: -0.0100--0.0000)
   ğŸ”¢ lr_decay_max_drops: 11 (int, range: 2-30)
   ğŸ“Š beta2_exp: 3.0881 (linear, range: 0.5000-5.0000)
   ğŸ“Š beta3_exp: 0.4613 (linear, range: 0.0100-1.0000)
âœ… Sampled parameters: {'num_mixtures': 195, 'gmm_init_scale': np.float64(0.13117942092870605), 'rand_sphere_size': 98.05140257842956, 'num_views': 25, 'image_width': 249, 'image_height': 228, 'vfov_degrees': 59.2854467159995, 'num_epochs': 92, 'batch_size': 2305, 'initial_lr': np.float64(0.005493904928337088), 'opt_shape_scale': 4.822325578198253, 'lr_decay_p_thresh': 0.6441868339608366, 'lr_decay_window': 26, 'lr_decay_p_window': 6, 'lr_decay_slope_less': -0.007972484658002753, 'lr_decay_max_drops': 11, 'beta2_exp': 3.088141041486545, 'beta3_exp': 0.46125522743355146}

ğŸ”¬ Running experiment...
ğŸ”§ Creating configuration for experiment 69
ğŸ“ Experiment directory: autotune_results/exp_0069
ğŸ’¾ Configuration saved to: autotune_results/exp_0069/config.yaml
ğŸ¯ Running experiment in TUNE_MODE (suppressed output)
ğŸš€ Starting Fuzzy Metaballs experiment...
âŒ Experiment 69 failed with return code 1
   Error: Traceback (most recent call last):
  File "/home/arijitdasgupta/fuzzy-metaballs/run_fmb.py", line 886, in <module>
    main()
  File "/home/arijitdasgupta/fuzzy-metaballs/run_fmb.py", line 250, in mai...

âŒ EXPERIMENT FAILED
   ğŸ¯ Total successful experiments: 0

ğŸ’¾ SAVING RESULTS (checkpoint 70)
   âœ… Results saved to: autotune_results
   ğŸ“Š Progress plot updated

ğŸ“ˆ OPTIMIZATION SUMMARY:
   âš ï¸  No successful experiments yet
   ğŸ“Š Total experiments: 70
   âœ… Successful experiments: 0
   ğŸ“ˆ Success rate: 0.0%

============================================================
ğŸ§ª EXPERIMENT 71/1000
============================================================
ğŸ§  Phase: Bayesian optimization (experiments 21+)

ğŸ“‹ Sampling parameters using bayesian method...
ğŸ² Sampling parameters using method: bayesian
   âš ï¸  Not enough results for Bayesian optimization (0 < 5), using random
ğŸ² Sampling parameters using method: random
   ğŸ“Š Using random sampling for exploration
   ğŸ”¢ num_mixtures: 33 (int, range: 10-200)
   ğŸ“ˆ gmm_init_scale: 0.1190 (log scale, range: 0.1000-10.0000)
   ğŸ“Š rand_sphere_size: 148.6788 (linear, range: 1.0000-200.0000)
   ğŸ”¢ num_views: 46 (int, range: 5-50)
   ğŸ”¢ image_width: 188 (int, range: 32-256)
   ğŸ”¢ image_height: 150 (int, range: 32-256)
   ğŸ“Š vfov_degrees: 41.0105 (linear, range: 20.0000-80.0000)
   ğŸ”¢ num_epochs: 62 (int, range: 3-100)
   ğŸ”¢ batch_size: 2263 (int, range: 100-4000)
   ğŸ“ˆ initial_lr: 0.0847 (log scale, range: 0.0010-2.0000)
   ğŸ“Š opt_shape_scale: 2.1302 (linear, range: 0.5000-5.0000)
   ğŸ“Š lr_decay_p_thresh: 0.4668 (linear, range: 0.1000-0.9000)
   ğŸ”¢ lr_decay_window: 35 (int, range: 5-50)
   ğŸ”¢ lr_decay_p_window: 3 (int, range: 3-20)
   ğŸ“Š lr_decay_slope_less: -0.0073 (linear, range: -0.0100--0.0000)
   ğŸ”¢ lr_decay_max_drops: 15 (int, range: 2-30)
   ğŸ“Š beta2_exp: 2.2263 (linear, range: 0.5000-5.0000)
   ğŸ“Š beta3_exp: 0.9929 (linear, range: 0.0100-1.0000)
âœ… Sampled parameters: {'num_mixtures': 33, 'gmm_init_scale': np.float64(0.11902313357031281), 'rand_sphere_size': 148.67879921674427, 'num_views': 46, 'image_width': 188, 'image_height': 150, 'vfov_degrees': 41.010498166397106, 'num_epochs': 62, 'batch_size': 2263, 'initial_lr': np.float64(0.08474486400130785), 'opt_shape_scale': 2.1301693386696727, 'lr_decay_p_thresh': 0.46679575650916816, 'lr_decay_window': 35, 'lr_decay_p_window': 3, 'lr_decay_slope_less': -0.007326822281848383, 'lr_decay_max_drops': 15, 'beta2_exp': 2.226314962743686, 'beta3_exp': 0.9929038774362412}

ğŸ”¬ Running experiment...
ğŸ”§ Creating configuration for experiment 70
ğŸ“ Experiment directory: autotune_results/exp_0070
ğŸ’¾ Configuration saved to: autotune_results/exp_0070/config.yaml
ğŸ¯ Running experiment in TUNE_MODE (suppressed output)
ğŸš€ Starting Fuzzy Metaballs experiment...
âŒ Experiment 70 failed with return code 1
   Error: Traceback (most recent call last):
  File "/home/arijitdasgupta/fuzzy-metaballs/run_fmb.py", line 886, in <module>
    main()
  File "/home/arijitdasgupta/fuzzy-metaballs/run_fmb.py", line 250, in mai...

âŒ EXPERIMENT FAILED
   ğŸ¯ Total successful experiments: 0

ğŸ“ˆ OPTIMIZATION SUMMARY:
   âš ï¸  No successful experiments yet
   ğŸ“Š Total experiments: 71
   âœ… Successful experiments: 0
   ğŸ“ˆ Success rate: 0.0%

============================================================
ğŸ§ª EXPERIMENT 72/1000
============================================================
ğŸ§  Phase: Bayesian optimization (experiments 21+)

ğŸ“‹ Sampling parameters using bayesian method...
ğŸ² Sampling parameters using method: bayesian
   âš ï¸  Not enough results for Bayesian optimization (0 < 5), using random
ğŸ² Sampling parameters using method: random
   ğŸ“Š Using random sampling for exploration
   ğŸ”¢ num_mixtures: 86 (int, range: 10-200)
   ğŸ“ˆ gmm_init_scale: 0.2887 (log scale, range: 0.1000-10.0000)
   ğŸ“Š rand_sphere_size: 94.9679 (linear, range: 1.0000-200.0000)
   ğŸ”¢ num_views: 41 (int, range: 5-50)
   ğŸ”¢ image_width: 44 (int, range: 32-256)
   ğŸ”¢ image_height: 90 (int, range: 32-256)
   ğŸ“Š vfov_degrees: 40.4514 (linear, range: 20.0000-80.0000)
   ğŸ”¢ num_epochs: 49 (int, range: 3-100)
   ğŸ”¢ batch_size: 1283 (int, range: 100-4000)
   ğŸ“ˆ initial_lr: 1.4598 (log scale, range: 0.0010-2.0000)
   ğŸ“Š opt_shape_scale: 2.3762 (linear, range: 0.5000-5.0000)
   ğŸ“Š lr_decay_p_thresh: 0.8731 (linear, range: 0.1000-0.9000)
   ğŸ”¢ lr_decay_window: 25 (int, range: 5-50)
   ğŸ”¢ lr_decay_p_window: 4 (int, range: 3-20)
   ğŸ“Š lr_decay_slope_less: -0.0015 (linear, range: -0.0100--0.0000)
   ğŸ”¢ lr_decay_max_drops: 27 (int, range: 2-30)
   ğŸ“Š beta2_exp: 2.7250 (linear, range: 0.5000-5.0000)
   ğŸ“Š beta3_exp: 0.2957 (linear, range: 0.0100-1.0000)
âœ… Sampled parameters: {'num_mixtures': 86, 'gmm_init_scale': np.float64(0.2886970353629156), 'rand_sphere_size': 94.96789483725722, 'num_views': 41, 'image_width': 44, 'image_height': 90, 'vfov_degrees': 40.45141224862567, 'num_epochs': 49, 'batch_size': 1283, 'initial_lr': np.float64(1.4597949208724321), 'opt_shape_scale': 2.3762231983616577, 'lr_decay_p_thresh': 0.8731488719691144, 'lr_decay_window': 25, 'lr_decay_p_window': 4, 'lr_decay_slope_less': -0.0014716210743489985, 'lr_decay_max_drops': 27, 'beta2_exp': 2.72502104963749, 'beta3_exp': 0.29569379677027824}

ğŸ”¬ Running experiment...
ğŸ”§ Creating configuration for experiment 71
ğŸ“ Experiment directory: autotune_results/exp_0071
ğŸ’¾ Configuration saved to: autotune_results/exp_0071/config.yaml
ğŸ¯ Running experiment in TUNE_MODE (suppressed output)
ğŸš€ Starting Fuzzy Metaballs experiment...
âŒ Experiment 71 failed with return code 1
   Error: Traceback (most recent call last):
  File "/home/arijitdasgupta/fuzzy-metaballs/run_fmb.py", line 886, in <module>
    main()
  File "/home/arijitdasgupta/fuzzy-metaballs/run_fmb.py", line 250, in mai...

âŒ EXPERIMENT FAILED
   ğŸ¯ Total successful experiments: 0

ğŸ“ˆ OPTIMIZATION SUMMARY:
   âš ï¸  No successful experiments yet
   ğŸ“Š Total experiments: 72
   âœ… Successful experiments: 0
   ğŸ“ˆ Success rate: 0.0%

============================================================
ğŸ§ª EXPERIMENT 73/1000
============================================================
ğŸ§  Phase: Bayesian optimization (experiments 21+)

ğŸ“‹ Sampling parameters using bayesian method...
ğŸ² Sampling parameters using method: bayesian
   âš ï¸  Not enough results for Bayesian optimization (0 < 5), using random
ğŸ² Sampling parameters using method: random
   ğŸ“Š Using random sampling for exploration
   ğŸ”¢ num_mixtures: 110 (int, range: 10-200)
   ğŸ“ˆ gmm_init_scale: 0.3489 (log scale, range: 0.1000-10.0000)
   ğŸ“Š rand_sphere_size: 143.0485 (linear, range: 1.0000-200.0000)
   ğŸ”¢ num_views: 14 (int, range: 5-50)
   ğŸ”¢ image_width: 234 (int, range: 32-256)
   ğŸ”¢ image_height: 90 (int, range: 32-256)
   ğŸ“Š vfov_degrees: 31.5184 (linear, range: 20.0000-80.0000)
   ğŸ”¢ num_epochs: 38 (int, range: 3-100)
   ğŸ”¢ batch_size: 1878 (int, range: 100-4000)
   ğŸ“ˆ initial_lr: 0.0055 (log scale, range: 0.0010-2.0000)
   ğŸ“Š opt_shape_scale: 1.9293 (linear, range: 0.5000-5.0000)
   ğŸ“Š lr_decay_p_thresh: 0.7121 (linear, range: 0.1000-0.9000)
   ğŸ”¢ lr_decay_window: 5 (int, range: 5-50)
   ğŸ”¢ lr_decay_p_window: 15 (int, range: 3-20)
   ğŸ“Š lr_decay_slope_less: -0.0037 (linear, range: -0.0100--0.0000)
   ğŸ”¢ lr_decay_max_drops: 15 (int, range: 2-30)
   ğŸ“Š beta2_exp: 4.2075 (linear, range: 0.5000-5.0000)
   ğŸ“Š beta3_exp: 0.5841 (linear, range: 0.0100-1.0000)
âœ… Sampled parameters: {'num_mixtures': 110, 'gmm_init_scale': np.float64(0.3489212532104079), 'rand_sphere_size': 143.0484617125755, 'num_views': 14, 'image_width': 234, 'image_height': 90, 'vfov_degrees': 31.51836020097131, 'num_epochs': 38, 'batch_size': 1878, 'initial_lr': np.float64(0.005523388845064879), 'opt_shape_scale': 1.9293300676560976, 'lr_decay_p_thresh': 0.712105800976765, 'lr_decay_window': 5, 'lr_decay_p_window': 15, 'lr_decay_slope_less': -0.0036612916738225426, 'lr_decay_max_drops': 15, 'beta2_exp': 4.207496900473544, 'beta3_exp': 0.5841239827151804}

ğŸ”¬ Running experiment...
ğŸ”§ Creating configuration for experiment 72
ğŸ“ Experiment directory: autotune_results/exp_0072
ğŸ’¾ Configuration saved to: autotune_results/exp_0072/config.yaml
ğŸ¯ Running experiment in TUNE_MODE (suppressed output)
ğŸš€ Starting Fuzzy Metaballs experiment...
âŒ Experiment 72 failed with return code 1
   Error: Traceback (most recent call last):
  File "/home/arijitdasgupta/fuzzy-metaballs/run_fmb.py", line 886, in <module>
    main()
  File "/home/arijitdasgupta/fuzzy-metaballs/run_fmb.py", line 250, in mai...

âŒ EXPERIMENT FAILED
   ğŸ¯ Total successful experiments: 0

ğŸ“ˆ OPTIMIZATION SUMMARY:
   âš ï¸  No successful experiments yet
   ğŸ“Š Total experiments: 73
   âœ… Successful experiments: 0
   ğŸ“ˆ Success rate: 0.0%

============================================================
ğŸ§ª EXPERIMENT 74/1000
============================================================
ğŸ§  Phase: Bayesian optimization (experiments 21+)

ğŸ“‹ Sampling parameters using bayesian method...
ğŸ² Sampling parameters using method: bayesian
   âš ï¸  Not enough results for Bayesian optimization (0 < 5), using random
ğŸ² Sampling parameters using method: random
   ğŸ“Š Using random sampling for exploration
   ğŸ”¢ num_mixtures: 55 (int, range: 10-200)
   ğŸ“ˆ gmm_init_scale: 0.5153 (log scale, range: 0.1000-10.0000)
   ğŸ“Š rand_sphere_size: 61.4602 (linear, range: 1.0000-200.0000)
   ğŸ”¢ num_views: 16 (int, range: 5-50)
   ğŸ”¢ image_width: 83 (int, range: 32-256)
   ğŸ”¢ image_height: 199 (int, range: 32-256)
   ğŸ“Š vfov_degrees: 25.2701 (linear, range: 20.0000-80.0000)
   ğŸ”¢ num_epochs: 33 (int, range: 3-100)
   ğŸ”¢ batch_size: 3677 (int, range: 100-4000)
   ğŸ“ˆ initial_lr: 0.0031 (log scale, range: 0.0010-2.0000)
   ğŸ“Š opt_shape_scale: 1.2626 (linear, range: 0.5000-5.0000)
   ğŸ“Š lr_decay_p_thresh: 0.4997 (linear, range: 0.1000-0.9000)
   ğŸ”¢ lr_decay_window: 33 (int, range: 5-50)
   ğŸ”¢ lr_decay_p_window: 20 (int, range: 3-20)
   ğŸ“Š lr_decay_slope_less: -0.0064 (linear, range: -0.0100--0.0000)
   ğŸ”¢ lr_decay_max_drops: 11 (int, range: 2-30)
   ğŸ“Š beta2_exp: 1.6379 (linear, range: 0.5000-5.0000)
   ğŸ“Š beta3_exp: 0.0475 (linear, range: 0.0100-1.0000)
âœ… Sampled parameters: {'num_mixtures': 55, 'gmm_init_scale': np.float64(0.5153019471843675), 'rand_sphere_size': 61.46024962049812, 'num_views': 16, 'image_width': 83, 'image_height': 199, 'vfov_degrees': 25.27013243930663, 'num_epochs': 33, 'batch_size': 3677, 'initial_lr': np.float64(0.003123894869720327), 'opt_shape_scale': 1.2625638970152162, 'lr_decay_p_thresh': 0.49967591699888947, 'lr_decay_window': 33, 'lr_decay_p_window': 20, 'lr_decay_slope_less': -0.006401023556716808, 'lr_decay_max_drops': 11, 'beta2_exp': 1.6379074398956182, 'beta3_exp': 0.04750787885905605}

ğŸ”¬ Running experiment...
ğŸ”§ Creating configuration for experiment 73
ğŸ“ Experiment directory: autotune_results/exp_0073
ğŸ’¾ Configuration saved to: autotune_results/exp_0073/config.yaml
ğŸ¯ Running experiment in TUNE_MODE (suppressed output)
ğŸš€ Starting Fuzzy Metaballs experiment...
âŒ Experiment 73 failed with return code 1
   Error: Traceback (most recent call last):
  File "/home/arijitdasgupta/fuzzy-metaballs/run_fmb.py", line 886, in <module>
    main()
  File "/home/arijitdasgupta/fuzzy-metaballs/run_fmb.py", line 250, in mai...

âŒ EXPERIMENT FAILED
   ğŸ¯ Total successful experiments: 0

ğŸ“ˆ OPTIMIZATION SUMMARY:
   âš ï¸  No successful experiments yet
   ğŸ“Š Total experiments: 74
   âœ… Successful experiments: 0
   ğŸ“ˆ Success rate: 0.0%

============================================================
ğŸ§ª EXPERIMENT 75/1000
============================================================
ğŸ§  Phase: Bayesian optimization (experiments 21+)

ğŸ“‹ Sampling parameters using bayesian method...
ğŸ² Sampling parameters using method: bayesian
   âš ï¸  Not enough results for Bayesian optimization (0 < 5), using random
ğŸ² Sampling parameters using method: random
   ğŸ“Š Using random sampling for exploration
   ğŸ”¢ num_mixtures: 104 (int, range: 10-200)
   ğŸ“ˆ gmm_init_scale: 0.8637 (log scale, range: 0.1000-10.0000)
   ğŸ“Š rand_sphere_size: 115.4443 (linear, range: 1.0000-200.0000)
   ğŸ”¢ num_views: 35 (int, range: 5-50)
   ğŸ”¢ image_width: 189 (int, range: 32-256)
   ğŸ”¢ image_height: 215 (int, range: 32-256)
   ğŸ“Š vfov_degrees: 64.6118 (linear, range: 20.0000-80.0000)
   ğŸ”¢ num_epochs: 46 (int, range: 3-100)
   ğŸ”¢ batch_size: 2751 (int, range: 100-4000)
   ğŸ“ˆ initial_lr: 0.0558 (log scale, range: 0.0010-2.0000)
   ğŸ“Š opt_shape_scale: 0.5619 (linear, range: 0.5000-5.0000)
   ğŸ“Š lr_decay_p_thresh: 0.3115 (linear, range: 0.1000-0.9000)
   ğŸ”¢ lr_decay_window: 8 (int, range: 5-50)
   ğŸ”¢ lr_decay_p_window: 12 (int, range: 3-20)
   ğŸ“Š lr_decay_slope_less: -0.0084 (linear, range: -0.0100--0.0000)
   ğŸ”¢ lr_decay_max_drops: 28 (int, range: 2-30)
   ğŸ“Š beta2_exp: 3.1013 (linear, range: 0.5000-5.0000)
   ğŸ“Š beta3_exp: 0.8944 (linear, range: 0.0100-1.0000)
âœ… Sampled parameters: {'num_mixtures': 104, 'gmm_init_scale': np.float64(0.8637217567697552), 'rand_sphere_size': 115.44428435495036, 'num_views': 35, 'image_width': 189, 'image_height': 215, 'vfov_degrees': 64.61178993063149, 'num_epochs': 46, 'batch_size': 2751, 'initial_lr': np.float64(0.05578810438319534), 'opt_shape_scale': 0.5618880504262074, 'lr_decay_p_thresh': 0.31147697326910856, 'lr_decay_window': 8, 'lr_decay_p_window': 12, 'lr_decay_slope_less': -0.008375192351038965, 'lr_decay_max_drops': 28, 'beta2_exp': 3.1012534014451325, 'beta3_exp': 0.8943877896224822}

ğŸ”¬ Running experiment...
ğŸ”§ Creating configuration for experiment 74
ğŸ“ Experiment directory: autotune_results/exp_0074
ğŸ’¾ Configuration saved to: autotune_results/exp_0074/config.yaml
ğŸ¯ Running experiment in TUNE_MODE (suppressed output)
ğŸš€ Starting Fuzzy Metaballs experiment...
âŒ Experiment 74 failed with return code 1
   Error: Traceback (most recent call last):
  File "/home/arijitdasgupta/fuzzy-metaballs/run_fmb.py", line 886, in <module>
    main()
  File "/home/arijitdasgupta/fuzzy-metaballs/run_fmb.py", line 250, in mai...

âŒ EXPERIMENT FAILED
   ğŸ¯ Total successful experiments: 0

ğŸ“ˆ OPTIMIZATION SUMMARY:
   âš ï¸  No successful experiments yet
   ğŸ“Š Total experiments: 75
   âœ… Successful experiments: 0
   ğŸ“ˆ Success rate: 0.0%

============================================================
ğŸ§ª EXPERIMENT 76/1000
============================================================
ğŸ§  Phase: Bayesian optimization (experiments 21+)

ğŸ“‹ Sampling parameters using bayesian method...
ğŸ² Sampling parameters using method: bayesian
   âš ï¸  Not enough results for Bayesian optimization (0 < 5), using random
ğŸ² Sampling parameters using method: random
   ğŸ“Š Using random sampling for exploration
   ğŸ”¢ num_mixtures: 79 (int, range: 10-200)
   ğŸ“ˆ gmm_init_scale: 0.7169 (log scale, range: 0.1000-10.0000)
   ğŸ“Š rand_sphere_size: 8.5638 (linear, range: 1.0000-200.0000)
   ğŸ”¢ num_views: 33 (int, range: 5-50)
   ğŸ”¢ image_width: 247 (int, range: 32-256)
   ğŸ”¢ image_height: 62 (int, range: 32-256)
   ğŸ“Š vfov_degrees: 21.5676 (linear, range: 20.0000-80.0000)
   ğŸ”¢ num_epochs: 39 (int, range: 3-100)
   ğŸ”¢ batch_size: 3277 (int, range: 100-4000)
   ğŸ“ˆ initial_lr: 0.4566 (log scale, range: 0.0010-2.0000)
   ğŸ“Š opt_shape_scale: 1.6250 (linear, range: 0.5000-5.0000)
   ğŸ“Š lr_decay_p_thresh: 0.3120 (linear, range: 0.1000-0.9000)
   ğŸ”¢ lr_decay_window: 33 (int, range: 5-50)
   ğŸ”¢ lr_decay_p_window: 3 (int, range: 3-20)
   ğŸ“Š lr_decay_slope_less: -0.0046 (linear, range: -0.0100--0.0000)
   ğŸ”¢ lr_decay_max_drops: 3 (int, range: 2-30)
   ğŸ“Š beta2_exp: 4.8020 (linear, range: 0.5000-5.0000)
   ğŸ“Š beta3_exp: 0.8554 (linear, range: 0.0100-1.0000)
âœ… Sampled parameters: {'num_mixtures': 79, 'gmm_init_scale': np.float64(0.7168550730283718), 'rand_sphere_size': 8.563799597439646, 'num_views': 33, 'image_width': 247, 'image_height': 62, 'vfov_degrees': 21.56762563548198, 'num_epochs': 39, 'batch_size': 3277, 'initial_lr': np.float64(0.456552547279896), 'opt_shape_scale': 1.6249517448486568, 'lr_decay_p_thresh': 0.31200481909895994, 'lr_decay_window': 33, 'lr_decay_p_window': 3, 'lr_decay_slope_less': -0.004601172900280519, 'lr_decay_max_drops': 3, 'beta2_exp': 4.802003642364003, 'beta3_exp': 0.8553909415409663}

ğŸ”¬ Running experiment...
ğŸ”§ Creating configuration for experiment 75
ğŸ“ Experiment directory: autotune_results/exp_0075
ğŸ’¾ Configuration saved to: autotune_results/exp_0075/config.yaml
ğŸ¯ Running experiment in TUNE_MODE (suppressed output)
ğŸš€ Starting Fuzzy Metaballs experiment...
âŒ Experiment 75 failed with return code 1
   Error: Traceback (most recent call last):
  File "/home/arijitdasgupta/fuzzy-metaballs/run_fmb.py", line 886, in <module>
    main()
  File "/home/arijitdasgupta/fuzzy-metaballs/run_fmb.py", line 250, in mai...

âŒ EXPERIMENT FAILED
   ğŸ¯ Total successful experiments: 0

ğŸ“ˆ OPTIMIZATION SUMMARY:
   âš ï¸  No successful experiments yet
   ğŸ“Š Total experiments: 76
   âœ… Successful experiments: 0
   ğŸ“ˆ Success rate: 0.0%

============================================================
ğŸ§ª EXPERIMENT 77/1000
============================================================
ğŸ§  Phase: Bayesian optimization (experiments 21+)

ğŸ“‹ Sampling parameters using bayesian method...
ğŸ² Sampling parameters using method: bayesian
   âš ï¸  Not enough results for Bayesian optimization (0 < 5), using random
ğŸ² Sampling parameters using method: random
   ğŸ“Š Using random sampling for exploration
   ğŸ”¢ num_mixtures: 138 (int, range: 10-200)
   ğŸ“ˆ gmm_init_scale: 1.5995 (log scale, range: 0.1000-10.0000)
   ğŸ“Š rand_sphere_size: 195.3648 (linear, range: 1.0000-200.0000)
   ğŸ”¢ num_views: 26 (int, range: 5-50)
   ğŸ”¢ image_width: 194 (int, range: 32-256)
   ğŸ”¢ image_height: 214 (int, range: 32-256)
   ğŸ“Š vfov_degrees: 73.5630 (linear, range: 20.0000-80.0000)
   ğŸ”¢ num_epochs: 84 (int, range: 3-100)
   ğŸ”¢ batch_size: 1458 (int, range: 100-4000)
   ğŸ“ˆ initial_lr: 0.0418 (log scale, range: 0.0010-2.0000)
   ğŸ“Š opt_shape_scale: 1.9350 (linear, range: 0.5000-5.0000)
   ğŸ“Š lr_decay_p_thresh: 0.3820 (linear, range: 0.1000-0.9000)
   ğŸ”¢ lr_decay_window: 11 (int, range: 5-50)
   ğŸ”¢ lr_decay_p_window: 17 (int, range: 3-20)
   ğŸ“Š lr_decay_slope_less: -0.0003 (linear, range: -0.0100--0.0000)
   ğŸ”¢ lr_decay_max_drops: 14 (int, range: 2-30)
   ğŸ“Š beta2_exp: 0.7724 (linear, range: 0.5000-5.0000)
   ğŸ“Š beta3_exp: 0.1915 (linear, range: 0.0100-1.0000)
âœ… Sampled parameters: {'num_mixtures': 138, 'gmm_init_scale': np.float64(1.5994661133110561), 'rand_sphere_size': 195.36480377604425, 'num_views': 26, 'image_width': 194, 'image_height': 214, 'vfov_degrees': 73.56299762469845, 'num_epochs': 84, 'batch_size': 1458, 'initial_lr': np.float64(0.04177293018677125), 'opt_shape_scale': 1.9349925348876726, 'lr_decay_p_thresh': 0.38197919992820417, 'lr_decay_window': 11, 'lr_decay_p_window': 17, 'lr_decay_slope_less': -0.00032807199499194223, 'lr_decay_max_drops': 14, 'beta2_exp': 0.7723864748315712, 'beta3_exp': 0.19146720580671112}

ğŸ”¬ Running experiment...
ğŸ”§ Creating configuration for experiment 76
ğŸ“ Experiment directory: autotune_results/exp_0076
ğŸ’¾ Configuration saved to: autotune_results/exp_0076/config.yaml
ğŸ¯ Running experiment in TUNE_MODE (suppressed output)
ğŸš€ Starting Fuzzy Metaballs experiment...
âŒ Experiment 76 failed with return code 1
   Error: Traceback (most recent call last):
  File "/home/arijitdasgupta/fuzzy-metaballs/run_fmb.py", line 886, in <module>
    main()
  File "/home/arijitdasgupta/fuzzy-metaballs/run_fmb.py", line 250, in mai...

âŒ EXPERIMENT FAILED
   ğŸ¯ Total successful experiments: 0

ğŸ“ˆ OPTIMIZATION SUMMARY:
   âš ï¸  No successful experiments yet
   ğŸ“Š Total experiments: 77
   âœ… Successful experiments: 0
   ğŸ“ˆ Success rate: 0.0%

============================================================
ğŸ§ª EXPERIMENT 78/1000
============================================================
ğŸ§  Phase: Bayesian optimization (experiments 21+)

ğŸ“‹ Sampling parameters using bayesian method...
ğŸ² Sampling parameters using method: bayesian
   âš ï¸  Not enough results for Bayesian optimization (0 < 5), using random
ğŸ² Sampling parameters using method: random
   ğŸ“Š Using random sampling for exploration
   ğŸ”¢ num_mixtures: 136 (int, range: 10-200)
   ğŸ“ˆ gmm_init_scale: 0.9748 (log scale, range: 0.1000-10.0000)
   ğŸ“Š rand_sphere_size: 169.6958 (linear, range: 1.0000-200.0000)
   ğŸ”¢ num_views: 48 (int, range: 5-50)
   ğŸ”¢ image_width: 116 (int, range: 32-256)
   ğŸ”¢ image_height: 48 (int, range: 32-256)
   ğŸ“Š vfov_degrees: 59.7769 (linear, range: 20.0000-80.0000)
   ğŸ”¢ num_epochs: 61 (int, range: 3-100)
   ğŸ”¢ batch_size: 3347 (int, range: 100-4000)
   ğŸ“ˆ initial_lr: 0.1814 (log scale, range: 0.0010-2.0000)
   ğŸ“Š opt_shape_scale: 0.8703 (linear, range: 0.5000-5.0000)
   ğŸ“Š lr_decay_p_thresh: 0.3454 (linear, range: 0.1000-0.9000)
   ğŸ”¢ lr_decay_window: 49 (int, range: 5-50)
   ğŸ”¢ lr_decay_p_window: 16 (int, range: 3-20)
   ğŸ“Š lr_decay_slope_less: -0.0092 (linear, range: -0.0100--0.0000)
   ğŸ”¢ lr_decay_max_drops: 18 (int, range: 2-30)
   ğŸ“Š beta2_exp: 2.9599 (linear, range: 0.5000-5.0000)
   ğŸ“Š beta3_exp: 0.3779 (linear, range: 0.0100-1.0000)
âœ… Sampled parameters: {'num_mixtures': 136, 'gmm_init_scale': np.float64(0.9748285222010425), 'rand_sphere_size': 169.69579357304337, 'num_views': 48, 'image_width': 116, 'image_height': 48, 'vfov_degrees': 59.77689861894002, 'num_epochs': 61, 'batch_size': 3347, 'initial_lr': np.float64(0.18141626306086475), 'opt_shape_scale': 0.8702892818257207, 'lr_decay_p_thresh': 0.34540835659484614, 'lr_decay_window': 49, 'lr_decay_p_window': 16, 'lr_decay_slope_less': -0.009208676842610855, 'lr_decay_max_drops': 18, 'beta2_exp': 2.9599496935466765, 'beta3_exp': 0.3778975297403011}

ğŸ”¬ Running experiment...
ğŸ”§ Creating configuration for experiment 77
ğŸ“ Experiment directory: autotune_results/exp_0077
ğŸ’¾ Configuration saved to: autotune_results/exp_0077/config.yaml
ğŸ¯ Running experiment in TUNE_MODE (suppressed output)
ğŸš€ Starting Fuzzy Metaballs experiment...
âŒ Experiment 77 failed with return code 1
   Error: Traceback (most recent call last):
  File "/home/arijitdasgupta/fuzzy-metaballs/run_fmb.py", line 886, in <module>
    main()
  File "/home/arijitdasgupta/fuzzy-metaballs/run_fmb.py", line 250, in mai...

âŒ EXPERIMENT FAILED
   ğŸ¯ Total successful experiments: 0

ğŸ“ˆ OPTIMIZATION SUMMARY:
   âš ï¸  No successful experiments yet
   ğŸ“Š Total experiments: 78
   âœ… Successful experiments: 0
   ğŸ“ˆ Success rate: 0.0%

============================================================
ğŸ§ª EXPERIMENT 79/1000
============================================================
ğŸ§  Phase: Bayesian optimization (experiments 21+)

ğŸ“‹ Sampling parameters using bayesian method...
ğŸ² Sampling parameters using method: bayesian
   âš ï¸  Not enough results for Bayesian optimization (0 < 5), using random
ğŸ² Sampling parameters using method: random
   ğŸ“Š Using random sampling for exploration
   ğŸ”¢ num_mixtures: 169 (int, range: 10-200)
   ğŸ“ˆ gmm_init_scale: 1.1391 (log scale, range: 0.1000-10.0000)
   ğŸ“Š rand_sphere_size: 100.2627 (linear, range: 1.0000-200.0000)
   ğŸ”¢ num_views: 26 (int, range: 5-50)
   ğŸ”¢ image_width: 242 (int, range: 32-256)
   ğŸ”¢ image_height: 215 (int, range: 32-256)
   ğŸ“Š vfov_degrees: 54.5425 (linear, range: 20.0000-80.0000)
   ğŸ”¢ num_epochs: 11 (int, range: 3-100)
   ğŸ”¢ batch_size: 1772 (int, range: 100-4000)
   ğŸ“ˆ initial_lr: 0.0032 (log scale, range: 0.0010-2.0000)
   ğŸ“Š opt_shape_scale: 3.2739 (linear, range: 0.5000-5.0000)
   ğŸ“Š lr_decay_p_thresh: 0.6610 (linear, range: 0.1000-0.9000)
   ğŸ”¢ lr_decay_window: 43 (int, range: 5-50)
   ğŸ”¢ lr_decay_p_window: 9 (int, range: 3-20)
   ğŸ“Š lr_decay_slope_less: -0.0017 (linear, range: -0.0100--0.0000)
   ğŸ”¢ lr_decay_max_drops: 15 (int, range: 2-30)
   ğŸ“Š beta2_exp: 0.9908 (linear, range: 0.5000-5.0000)
   ğŸ“Š beta3_exp: 0.9983 (linear, range: 0.0100-1.0000)
âœ… Sampled parameters: {'num_mixtures': 169, 'gmm_init_scale': np.float64(1.1391498465910423), 'rand_sphere_size': 100.26271027908972, 'num_views': 26, 'image_width': 242, 'image_height': 215, 'vfov_degrees': 54.54250078440621, 'num_epochs': 11, 'batch_size': 1772, 'initial_lr': np.float64(0.003175791509362741), 'opt_shape_scale': 3.2739259152104507, 'lr_decay_p_thresh': 0.6610348651345002, 'lr_decay_window': 43, 'lr_decay_p_window': 9, 'lr_decay_slope_less': -0.0016725639156536225, 'lr_decay_max_drops': 15, 'beta2_exp': 0.9907519748343652, 'beta3_exp': 0.9983190052289349}

ğŸ”¬ Running experiment...
ğŸ”§ Creating configuration for experiment 78
ğŸ“ Experiment directory: autotune_results/exp_0078
ğŸ’¾ Configuration saved to: autotune_results/exp_0078/config.yaml
ğŸ¯ Running experiment in TUNE_MODE (suppressed output)
ğŸš€ Starting Fuzzy Metaballs experiment...
âŒ Experiment 78 failed with return code 1
   Error: Traceback (most recent call last):
  File "/home/arijitdasgupta/fuzzy-metaballs/run_fmb.py", line 886, in <module>
    main()
  File "/home/arijitdasgupta/fuzzy-metaballs/run_fmb.py", line 250, in mai...

âŒ EXPERIMENT FAILED
   ğŸ¯ Total successful experiments: 0

ğŸ“ˆ OPTIMIZATION SUMMARY:
   âš ï¸  No successful experiments yet
   ğŸ“Š Total experiments: 79
   âœ… Successful experiments: 0
   ğŸ“ˆ Success rate: 0.0%

============================================================
ğŸ§ª EXPERIMENT 80/1000
============================================================
ğŸ§  Phase: Bayesian optimization (experiments 21+)

ğŸ“‹ Sampling parameters using bayesian method...
ğŸ² Sampling parameters using method: bayesian
   âš ï¸  Not enough results for Bayesian optimization (0 < 5), using random
ğŸ² Sampling parameters using method: random
   ğŸ“Š Using random sampling for exploration
   ğŸ”¢ num_mixtures: 46 (int, range: 10-200)
   ğŸ“ˆ gmm_init_scale: 0.6559 (log scale, range: 0.1000-10.0000)
   ğŸ“Š rand_sphere_size: 3.8881 (linear, range: 1.0000-200.0000)
   ğŸ”¢ num_views: 48 (int, range: 5-50)
   ğŸ”¢ image_width: 204 (int, range: 32-256)
   ğŸ”¢ image_height: 93 (int, range: 32-256)
   ğŸ“Š vfov_degrees: 78.8630 (linear, range: 20.0000-80.0000)
   ğŸ”¢ num_epochs: 26 (int, range: 3-100)
   ğŸ”¢ batch_size: 1894 (int, range: 100-4000)
   ğŸ“ˆ initial_lr: 0.3027 (log scale, range: 0.0010-2.0000)
   ğŸ“Š opt_shape_scale: 3.3224 (linear, range: 0.5000-5.0000)
   ğŸ“Š lr_decay_p_thresh: 0.8871 (linear, range: 0.1000-0.9000)
   ğŸ”¢ lr_decay_window: 11 (int, range: 5-50)
   ğŸ”¢ lr_decay_p_window: 19 (int, range: 3-20)
   ğŸ“Š lr_decay_slope_less: -0.0022 (linear, range: -0.0100--0.0000)
   ğŸ”¢ lr_decay_max_drops: 30 (int, range: 2-30)
   ğŸ“Š beta2_exp: 4.7249 (linear, range: 0.5000-5.0000)
   ğŸ“Š beta3_exp: 0.6652 (linear, range: 0.0100-1.0000)
âœ… Sampled parameters: {'num_mixtures': 46, 'gmm_init_scale': np.float64(0.655930500962033), 'rand_sphere_size': 3.8881107799551105, 'num_views': 48, 'image_width': 204, 'image_height': 93, 'vfov_degrees': 78.86300844663853, 'num_epochs': 26, 'batch_size': 1894, 'initial_lr': np.float64(0.30270922129109906), 'opt_shape_scale': 3.3224358717705544, 'lr_decay_p_thresh': 0.8870656174484519, 'lr_decay_window': 11, 'lr_decay_p_window': 19, 'lr_decay_slope_less': -0.0021765527231508326, 'lr_decay_max_drops': 30, 'beta2_exp': 4.724889703251787, 'beta3_exp': 0.6651581211777912}

ğŸ”¬ Running experiment...
ğŸ”§ Creating configuration for experiment 79
ğŸ“ Experiment directory: autotune_results/exp_0079
ğŸ’¾ Configuration saved to: autotune_results/exp_0079/config.yaml
ğŸ¯ Running experiment in TUNE_MODE (suppressed output)
ğŸš€ Starting Fuzzy Metaballs experiment...
âŒ Experiment 79 failed with return code 1
   Error: Traceback (most recent call last):
  File "/home/arijitdasgupta/fuzzy-metaballs/run_fmb.py", line 886, in <module>
    main()
  File "/home/arijitdasgupta/fuzzy-metaballs/run_fmb.py", line 250, in mai...

âŒ EXPERIMENT FAILED
   ğŸ¯ Total successful experiments: 0

ğŸ’¾ SAVING RESULTS (checkpoint 80)
   âœ… Results saved to: autotune_results
   ğŸ“Š Progress plot updated

ğŸ“ˆ OPTIMIZATION SUMMARY:
   âš ï¸  No successful experiments yet
   ğŸ“Š Total experiments: 80
   âœ… Successful experiments: 0
   ğŸ“ˆ Success rate: 0.0%

============================================================
ğŸ§ª EXPERIMENT 81/1000
============================================================
ğŸ§  Phase: Bayesian optimization (experiments 21+)

ğŸ“‹ Sampling parameters using bayesian method...
ğŸ² Sampling parameters using method: bayesian
   âš ï¸  Not enough results for Bayesian optimization (0 < 5), using random
ğŸ² Sampling parameters using method: random
   ğŸ“Š Using random sampling for exploration
   ğŸ”¢ num_mixtures: 17 (int, range: 10-200)
   ğŸ“ˆ gmm_init_scale: 0.4605 (log scale, range: 0.1000-10.0000)
   ğŸ“Š rand_sphere_size: 173.8986 (linear, range: 1.0000-200.0000)
   ğŸ”¢ num_views: 50 (int, range: 5-50)
   ğŸ”¢ image_width: 87 (int, range: 32-256)
   ğŸ”¢ image_height: 207 (int, range: 32-256)
   ğŸ“Š vfov_degrees: 32.5061 (linear, range: 20.0000-80.0000)
   ğŸ”¢ num_epochs: 74 (int, range: 3-100)
   ğŸ”¢ batch_size: 1526 (int, range: 100-4000)
   ğŸ“ˆ initial_lr: 0.6929 (log scale, range: 0.0010-2.0000)
   ğŸ“Š opt_shape_scale: 2.2508 (linear, range: 0.5000-5.0000)
   ğŸ“Š lr_decay_p_thresh: 0.4586 (linear, range: 0.1000-0.9000)
   ğŸ”¢ lr_decay_window: 23 (int, range: 5-50)
   ğŸ”¢ lr_decay_p_window: 8 (int, range: 3-20)
   ğŸ“Š lr_decay_slope_less: -0.0027 (linear, range: -0.0100--0.0000)
   ğŸ”¢ lr_decay_max_drops: 17 (int, range: 2-30)
   ğŸ“Š beta2_exp: 2.8646 (linear, range: 0.5000-5.0000)
   ğŸ“Š beta3_exp: 0.4677 (linear, range: 0.0100-1.0000)
âœ… Sampled parameters: {'num_mixtures': 17, 'gmm_init_scale': np.float64(0.4605268712683166), 'rand_sphere_size': 173.8986413279784, 'num_views': 50, 'image_width': 87, 'image_height': 207, 'vfov_degrees': 32.50608678090042, 'num_epochs': 74, 'batch_size': 1526, 'initial_lr': np.float64(0.6928718564744328), 'opt_shape_scale': 2.2507729082829324, 'lr_decay_p_thresh': 0.45864896724639403, 'lr_decay_window': 23, 'lr_decay_p_window': 8, 'lr_decay_slope_less': -0.0026549108156845944, 'lr_decay_max_drops': 17, 'beta2_exp': 2.8645683363379515, 'beta3_exp': 0.4677412514543893}